#
# There is insufficient memory for the Java Runtime Environment to continue.
# Native memory allocation (malloc) failed to allocate 2538000 bytes for Chunk::new
# Possible reasons:
#   The system is out of physical RAM or swap space
#   The process is running with CompressedOops enabled, and the Java Heap may be blocking the growth of the native heap
# Possible solutions:
#   Reduce memory load on the system
#   Increase physical memory or swap space
#   Check if swap backing store is full
#   Decrease Java heap size (-Xmx/-Xms)
#   Decrease number of Java threads
#   Decrease Java thread stack sizes (-Xss)
#   Set larger code cache with -XX:ReservedCodeCacheSize=
#   JVM is running with Unscaled Compressed Oops mode in which the Java heap is
#     placed in the first 4GB address space. The Java Heap base address is the
#     maximum limit for the native heap growth. Please use -XX:HeapBaseMinAddress
#     to set the Java Heap base and to place the Java Heap above 4GB virtual address.
# This output file may be truncated or incomplete.
#
#  Out of Memory Error (t:/workspace/open/src/hotspot/share/memory/arena.cpp:196), pid=19824, tid=19892
#
# JRE version: Java(TM) SE Runtime Environment (13.0.1+9) (build 13.0.1+9)
# Java VM: Java HotSpot(TM) 64-Bit Server VM (13.0.1+9, mixed mode, sharing, tiered, compressed oops, g1 gc, windows-amd64)
# No core dump will be written. Minidumps are not enabled by default on client versions of Windows
#

---------------  S U M M A R Y ------------

Command Line: --add-opens=java.base/java.util=ALL-UNNAMED --add-opens=java.base/java.lang=ALL-UNNAMED --add-opens=java.base/java.lang.invoke=ALL-UNNAMED --add-opens=java.base/java.util=ALL-UNNAMED --add-opens=java.prefs/java.util.prefs=ALL-UNNAMED --add-opens=java.prefs/java.util.prefs=ALL-UNNAMED --add-opens=java.base/java.nio.charset=ALL-UNNAMED --add-opens=java.base/java.net=ALL-UNNAMED --add-opens=java.base/java.util.concurrent.atomic=ALL-UNNAMED -Xmx2048m -Dfile.encoding=UTF-8 -Duser.country=US -Duser.language=en -Duser.variant org.gradle.launcher.daemon.bootstrap.GradleDaemon 7.0.2

Host: Intel(R) Core(TM) i5-8250U CPU @ 1.60GHz, 8 cores, 7G,  Windows 10 , 64 bit Build 19041 (10.0.19041.1151)
Time: Thu Aug 19 17:56:32 2021 E. Africa Standard Time elapsed time: 219 seconds (0d 0h 3m 39s)

---------------  T H R E A D  ---------------

Current thread (0x0000022e125c4800):  JavaThread "C2 CompilerThread1" daemon [_thread_in_native, id=19892, stack(0x0000009c3d600000,0x0000009c3d700000)]


Current CompileTask:
C2: 219311 14011       4       com.android.tools.r8.internal.T6::a (4191 bytes)

Stack: [0x0000009c3d600000,0x0000009c3d700000]
Native frames: (J=compiled Java code, j=interpreted, Vv=VM code, C=native code)
V  [jvm.dll+0x626eca]
V  [jvm.dll+0x772c6a]
V  [jvm.dll+0x77441f]
V  [jvm.dll+0x774a23]
V  [jvm.dll+0x24da58]
V  [jvm.dll+0xc3ae7]
V  [jvm.dll+0xc406c]
V  [jvm.dll+0x35de75]
V  [jvm.dll+0x329593]
V  [jvm.dll+0x32896a]
V  [jvm.dll+0x2078c7]
V  [jvm.dll+0x206adf]
V  [jvm.dll+0x18b94c]
V  [jvm.dll+0x2159bd]
V  [jvm.dll+0x213e6b]
V  [jvm.dll+0x738b16]
V  [jvm.dll+0x731c0a]
V  [jvm.dll+0x6260c6]
C  [ucrtbase.dll+0x21bb2]
C  [KERNEL32.DLL+0x17034]
C  [ntdll.dll+0x52651]


---------------  P R O C E S S  ---------------

Threads class SMR info:
_java_thread_list=0x0000022e0b031eb0, length=65, elements={
0x0000022e66aef800, 0x0000022e7fb20000, 0x0000022e7fb22800, 0x0000022e7fb37800,
0x0000022e7fb3a800, 0x0000022e7fb3e800, 0x0000022e7fb40000, 0x0000022e7fb43000,
0x0000022e0691c800, 0x0000022e0691f800, 0x0000022e08052000, 0x0000022e07527800,
0x0000022e081a3800, 0x0000022e08af1800, 0x0000022e084b1800, 0x0000022e084b2000,
0x0000022e06e6b000, 0x0000022e07bca800, 0x0000022e0683c800, 0x0000022e07ff8800,
0x0000022e07ff6800, 0x0000022e07ff4800, 0x0000022e07ff9000, 0x0000022e07ffb000,
0x0000022e07ff7800, 0x0000022e07ffa000, 0x0000022e07ff5000, 0x0000022e07ff6000,
0x0000022e0bddb000, 0x0000022e0bdda000, 0x0000022e0bddc800, 0x0000022e0bddb800,
0x0000022e0bdd7800, 0x0000022e0bddf800, 0x0000022e0bdde000, 0x0000022e0bde3000,
0x0000022e0bddf000, 0x0000022e0bde2000, 0x0000022e0bddd000, 0x0000022e0bde0800,
0x0000022e0bde1800, 0x0000022e0bde5800, 0x0000022e0bde3800, 0x0000022e0bde4800,
0x0000022e07eb1000, 0x0000022e07eb2000, 0x0000022e07eaf800, 0x0000022e07eb2800,
0x0000022e07eb4000, 0x0000022e07eb5000, 0x0000022e07eb6000, 0x0000022e07eb0000,
0x0000022e07eb6800, 0x0000022e07eba000, 0x0000022e07eba800, 0x0000022e07eb7800,
0x0000022e07eb8800, 0x0000022e07ebb800, 0x0000022e07ebc800, 0x0000022e07ebd000,
0x0000022e0c1f4000, 0x0000022e0c1f2800, 0x0000022e0c1f4800, 0x0000022e125c4800,
0x0000022e10aa7800
}

Java Threads: ( => current thread )
  0x0000022e66aef800 JavaThread "main" [_thread_blocked, id=10656, stack(0x0000009c38b00000,0x0000009c38c00000)]
  0x0000022e7fb20000 JavaThread "Reference Handler" daemon [_thread_blocked, id=14536, stack(0x0000009c39200000,0x0000009c39300000)]
  0x0000022e7fb22800 JavaThread "Finalizer" daemon [_thread_blocked, id=18356, stack(0x0000009c39300000,0x0000009c39400000)]
  0x0000022e7fb37800 JavaThread "Signal Dispatcher" daemon [_thread_blocked, id=13720, stack(0x0000009c39400000,0x0000009c39500000)]
  0x0000022e7fb3a800 JavaThread "Attach Listener" daemon [_thread_blocked, id=19024, stack(0x0000009c39500000,0x0000009c39600000)]
  0x0000022e7fb3e800 JavaThread "C2 CompilerThread0" daemon [_thread_in_native, id=12612, stack(0x0000009c39600000,0x0000009c39700000)]
  0x0000022e7fb40000 JavaThread "C1 CompilerThread0" daemon [_thread_in_native, id=13632, stack(0x0000009c39700000,0x0000009c39800000)]
  0x0000022e7fb43000 JavaThread "Sweeper thread" daemon [_thread_blocked, id=18252, stack(0x0000009c39800000,0x0000009c39900000)]
  0x0000022e0691c800 JavaThread "Common-Cleaner" daemon [_thread_blocked, id=8408, stack(0x0000009c39900000,0x0000009c39a00000)]
  0x0000022e0691f800 JavaThread "Service Thread" daemon [_thread_blocked, id=18060, stack(0x0000009c39a00000,0x0000009c39b00000)]
  0x0000022e08052000 JavaThread "Daemon health stats" [_thread_blocked, id=5548, stack(0x0000009c39e00000,0x0000009c39f00000)]
  0x0000022e07527800 JavaThread "Incoming local TCP Connector on port 57431" [_thread_in_native, id=9420, stack(0x0000009c39f00000,0x0000009c3a000000)]
  0x0000022e081a3800 JavaThread "Daemon periodic checks" [_thread_blocked, id=4028, stack(0x0000009c3a000000,0x0000009c3a100000)]
  0x0000022e08af1800 JavaThread "Daemon" [_thread_blocked, id=11360, stack(0x0000009c3a100000,0x0000009c3a200000)]
  0x0000022e084b1800 JavaThread "Handler for socket connection from /127.0.0.1:57431 to /127.0.0.1:57432" [_thread_in_native, id=12072, stack(0x0000009c3a200000,0x0000009c3a300000)]
  0x0000022e084b2000 JavaThread "Cancel handler" [_thread_blocked, id=11068, stack(0x0000009c3a300000,0x0000009c3a400000)]
  0x0000022e06e6b000 JavaThread "Daemon worker" [_thread_blocked, id=12124, stack(0x0000009c3a400000,0x0000009c3a500000)]
  0x0000022e07bca800 JavaThread "Asynchronous log dispatcher for DefaultDaemonConnection: socket connection from /127.0.0.1:57431 to /127.0.0.1:57432" [_thread_blocked, id=10924, stack(0x0000009c3a500000,0x0000009c3a600000)]
  0x0000022e0683c800 JavaThread "Daemon client event forwarder" [_thread_blocked, id=19176, stack(0x0000009c3a700000,0x0000009c3a800000)]
  0x0000022e07ff8800 JavaThread "Cache worker for file hash cache (C:\Users\koome\.gradle\caches\7.0.2\fileHashes)" [_thread_blocked, id=12136, stack(0x0000009c3ad00000,0x0000009c3ae00000)]
  0x0000022e07ff6800 JavaThread "File lock request listener" [_thread_in_native, id=7824, stack(0x0000009c3ae00000,0x0000009c3af00000)]
  0x0000022e07ff4800 JavaThread "Cache worker for journal cache (C:\Users\koome\.gradle\caches\journal-1)" [_thread_blocked, id=10408, stack(0x0000009c3af00000,0x0000009c3b000000)]
  0x0000022e07ff9000 JavaThread "Cache worker for file hash cache (C:\Users\koome\AndroidStudioProjects\HealthyBaby\.gradle\7.0.2\fileHashes)" [_thread_blocked, id=18628, stack(0x0000009c3b000000,0x0000009c3b100000)]
  0x0000022e07ffb000 JavaThread "File watcher server" daemon [_thread_in_native, id=19492, stack(0x0000009c3b100000,0x0000009c3b200000)]
  0x0000022e07ff7800 JavaThread "File watcher consumer" daemon [_thread_blocked, id=13852, stack(0x0000009c3b200000,0x0000009c3b300000)]
  0x0000022e07ffa000 JavaThread "Cache worker for checksums cache (C:\Users\koome\AndroidStudioProjects\HealthyBaby\.gradle\checksums)" [_thread_blocked, id=3604, stack(0x0000009c3b300000,0x0000009c3b400000)]
  0x0000022e07ff5000 JavaThread "Cache worker for cache directory md-supplier (C:\Users\koome\.gradle\caches\7.0.2\md-supplier)" [_thread_blocked, id=3056, stack(0x0000009c3b400000,0x0000009c3b500000)]
  0x0000022e07ff6000 JavaThread "Cache worker for cache directory md-rule (C:\Users\koome\.gradle\caches\7.0.2\md-rule)" [_thread_blocked, id=11196, stack(0x0000009c3b500000,0x0000009c3b600000)]
  0x0000022e0bddb000 JavaThread "Cache worker for execution history cache (C:\Users\koome\.gradle\caches\7.0.2\executionHistory)" [_thread_blocked, id=13136, stack(0x0000009c3b600000,0x0000009c3b700000)]
  0x0000022e0bdda000 JavaThread "jar transforms" [_thread_blocked, id=19556, stack(0x0000009c3b800000,0x0000009c3b900000)]
  0x0000022e0bddc800 JavaThread "jar transforms Thread 2" [_thread_blocked, id=2112, stack(0x0000009c3b900000,0x0000009c3ba00000)]
  0x0000022e0bddb800 JavaThread "Cache worker for file content cache (C:\Users\koome\.gradle\caches\7.0.2\fileContent)" [_thread_blocked, id=18392, stack(0x0000009c3ba00000,0x0000009c3bb00000)]
  0x0000022e0bdd7800 JavaThread "Cache worker for dependencies-accessors (C:\Users\koome\AndroidStudioProjects\HealthyBaby\.gradle\7.0.2\dependencies-accessors)" [_thread_blocked, id=19628, stack(0x0000009c3bb00000,0x0000009c3bc00000)]
  0x0000022e0bddf800 JavaThread "jar transforms Thread 3" [_thread_blocked, id=1168, stack(0x0000009c3bc00000,0x0000009c3bd00000)]
  0x0000022e0bdde000 JavaThread "Cache worker for Build Output Cleanup Cache (C:\Users\koome\AndroidStudioProjects\HealthyBaby\.gradle\buildOutputCleanup)" [_thread_blocked, id=19560, stack(0x0000009c3bd00000,0x0000009c3be00000)]
  0x0000022e0bde3000 JavaThread "Build operations" [_thread_in_Java, id=11296, stack(0x0000009c38800000,0x0000009c38900000)]
  0x0000022e0bddf000 JavaThread "Build operations Thread 2" [_thread_blocked, id=7780, stack(0x0000009c38900000,0x0000009c38a00000)]
  0x0000022e0bde2000 JavaThread "Build operations Thread 3" [_thread_blocked, id=16632, stack(0x0000009c38a00000,0x0000009c38b00000)]
  0x0000022e0bddd000 JavaThread "Build operations Thread 4" [_thread_blocked, id=11404, stack(0x0000009c3c000000,0x0000009c3c100000)]
  0x0000022e0bde0800 JavaThread "Build operations Thread 5" [_thread_blocked, id=18544, stack(0x0000009c3c100000,0x0000009c3c200000)]
  0x0000022e0bde1800 JavaThread "Build operations Thread 6" [_thread_blocked, id=17612, stack(0x0000009c3c200000,0x0000009c3c300000)]
  0x0000022e0bde5800 JavaThread "Build operations Thread 7" [_thread_blocked, id=12248, stack(0x0000009c3c300000,0x0000009c3c400000)]
  0x0000022e0bde3800 JavaThread "Build operations Thread 8" [_thread_blocked, id=6320, stack(0x0000009c3c400000,0x0000009c3c500000)]
  0x0000022e0bde4800 JavaThread "jar transforms Thread 4" [_thread_blocked, id=18652, stack(0x0000009c3c500000,0x0000009c3c600000)]
  0x0000022e07eb1000 JavaThread "jar transforms Thread 5" [_thread_blocked, id=18508, stack(0x0000009c3c600000,0x0000009c3c700000)]
  0x0000022e07eb2000 JavaThread "jar transforms Thread 6" [_thread_blocked, id=17484, stack(0x0000009c3c700000,0x0000009c3c800000)]
  0x0000022e07eaf800 JavaThread "jar transforms Thread 7" [_thread_blocked, id=17248, stack(0x0000009c3c800000,0x0000009c3c900000)]
  0x0000022e07eb2800 JavaThread "jar transforms Thread 8" [_thread_blocked, id=18292, stack(0x0000009c3c900000,0x0000009c3ca00000)]
  0x0000022e07eb4000 JavaThread "Memory manager" [_thread_blocked, id=16940, stack(0x0000009c3ca00000,0x0000009c3cb00000)]
  0x0000022e07eb5000 JavaThread "build event listener" [_thread_blocked, id=19740, stack(0x0000009c3a600000,0x0000009c3a700000)]
  0x0000022e07eb6000 JavaThread "Execution worker for ':'" [_thread_blocked, id=2544, stack(0x0000009c3cb00000,0x0000009c3cc00000)]
  0x0000022e07eb0000 JavaThread "Execution worker for ':' Thread 2" [_thread_blocked, id=15376, stack(0x0000009c3cc00000,0x0000009c3cd00000)]
  0x0000022e07eb6800 JavaThread "Execution worker for ':' Thread 3" [_thread_blocked, id=12876, stack(0x0000009c3cd00000,0x0000009c3ce00000)]
  0x0000022e07eba000 JavaThread "Execution worker for ':' Thread 4" [_thread_blocked, id=19564, stack(0x0000009c3ce00000,0x0000009c3cf00000)]
  0x0000022e07eba800 JavaThread "Execution worker for ':' Thread 5" [_thread_blocked, id=19988, stack(0x0000009c3cf00000,0x0000009c3d000000)]
  0x0000022e07eb7800 JavaThread "Execution worker for ':' Thread 6" [_thread_blocked, id=18288, stack(0x0000009c3d000000,0x0000009c3d100000)]
  0x0000022e07eb8800 JavaThread "Execution worker for ':' Thread 7" [_thread_blocked, id=16844, stack(0x0000009c3d100000,0x0000009c3d200000)]
  0x0000022e07ebb800 JavaThread "Cache worker for execution history cache (C:\Users\koome\AndroidStudioProjects\HealthyBaby\.gradle\7.0.2\executionHistory)" [_thread_blocked, id=20140, stack(0x0000009c3d200000,0x0000009c3d300000)]
  0x0000022e07ebc800 JavaThread "WorkerExecutor Queue" [_thread_blocked, id=20160, stack(0x0000009c3be00000,0x0000009c3bf00000)]
  0x0000022e07ebd000 JavaThread "WorkerExecutor Queue Thread 2" [_thread_blocked, id=13976, stack(0x0000009c3d300000,0x0000009c3d400000)]
  0x0000022e0c1f4000 JavaThread "pool-3-thread-1" [_thread_blocked, id=17348, stack(0x0000009c3bf00000,0x0000009c3c000000)]
  0x0000022e0c1f2800 JavaThread "stderr" [_thread_in_native, id=12852, stack(0x0000009c3d400000,0x0000009c3d500000)]
  0x0000022e0c1f4800 JavaThread "stdout" [_thread_in_native, id=18944, stack(0x0000009c3d500000,0x0000009c3d600000)]
=>0x0000022e125c4800 JavaThread "C2 CompilerThread1" daemon [_thread_in_native, id=19892, stack(0x0000009c3d600000,0x0000009c3d700000)]
  0x0000022e10aa7800 JavaThread "C2 CompilerThread2" daemon [_thread_in_native, id=1588, stack(0x0000009c3d700000,0x0000009c3d800000)]

Other Threads:
  0x0000022e7fb1b000 VMThread "VM Thread" [stack: 0x0000009c39100000,0x0000009c39200000] [id=18304]
  0x0000022e06925800 WatcherThread [stack: 0x0000009c39b00000,0x0000009c39c00000] [id=16112]
  0x0000022e66b33000 GCTaskThread "GC Thread#0" [stack: 0x0000009c38c00000,0x0000009c38d00000] [id=17596]
  0x0000022e06c88000 GCTaskThread "GC Thread#1" [stack: 0x0000009c39c00000,0x0000009c39d00000] [id=4068]
  0x0000022e06bfd000 GCTaskThread "GC Thread#2" [stack: 0x0000009c39d00000,0x0000009c39e00000] [id=14876]
  0x0000022e07def000 GCTaskThread "GC Thread#3" [stack: 0x0000009c3a800000,0x0000009c3a900000] [id=20248]
  0x0000022e06bd4800 GCTaskThread "GC Thread#4" [stack: 0x0000009c3a900000,0x0000009c3aa00000] [id=5944]
  0x0000022e06d51000 GCTaskThread "GC Thread#5" [stack: 0x0000009c3aa00000,0x0000009c3ab00000] [id=16976]
  0x0000022e06d52000 GCTaskThread "GC Thread#6" [stack: 0x0000009c3ab00000,0x0000009c3ac00000] [id=15144]
  0x0000022e07e27800 GCTaskThread "GC Thread#7" [stack: 0x0000009c3ac00000,0x0000009c3ad00000] [id=11884]
  0x0000022e66b44000 ConcurrentGCThread "G1 Main Marker" [stack: 0x0000009c38d00000,0x0000009c38e00000] [id=3040]
  0x0000022e66b47000 ConcurrentGCThread "G1 Conc#0" [stack: 0x0000009c38e00000,0x0000009c38f00000] [id=3596]
  0x0000022e0b808800 ConcurrentGCThread "G1 Conc#1" [stack: 0x0000009c3b700000,0x0000009c3b800000] [id=16324]
  0x0000022e7f99c800 ConcurrentGCThread "G1 Refine#0" [stack: 0x0000009c38f00000,0x0000009c39000000] [id=17316]
  0x0000022e14fbb000 ConcurrentGCThread "G1 Refine#1" [stack: 0x0000009c3d800000,0x0000009c3d900000] [id=19396]
  0x0000022e7f99d800 ConcurrentGCThread "G1 Young RemSet Sampling" [stack: 0x0000009c39000000,0x0000009c39100000] [id=12548]

Threads with active compile tasks:
C2 CompilerThread0   220238 14717       4       com.android.tools.r8.internal.h2::b (64 bytes)
C1 CompilerThread0   220238 14524 %     3       com.android.tools.r8.ir.regalloc.a::i @ 341 (620 bytes)
C2 CompilerThread1   220238 14011       4       com.android.tools.r8.internal.T6::a (4191 bytes)
C2 CompilerThread2   220239 14662       4       com.android.tools.r8.internal.Me::G (324 bytes)

VM state:not at safepoint (normal execution)

VM Mutex/Monitor currently owned by a thread:  ([mutex/lock_event])
[0x0000022e66aec060] Heap_lock - owner thread: 0x0000022e0bddd000

Heap address: 0x0000000080000000, size: 2048 MB, Compressed Oops mode: 32-bit
Narrow klass base: 0x0000000800000000, Narrow klass shift: 3
Compressed class space size: 1073741824 Address: 0x0000000800b40000

Heap:
 garbage-first heap   total 361472K, used 178538K [0x0000000080000000, 0x0000000100000000)
  region size 1024K, 9 young (9216K), 8 survivors (8192K)
 Metaspace       used 94588K, capacity 97458K, committed 97872K, reserved 1132544K
  class space    used 12716K, capacity 13813K, committed 14028K, reserved 1048576K
Heap Regions: E=young(eden), S=young(survivor), O=old, HS=humongous(starts), HC=humongous(continues), CS=collection set, F=free, A=archive, TAMS=top-at-mark-start (previous, next)
|   0|0x0000000080000000, 0x0000000080100000, 0x0000000080100000|100%| O|  |TAMS 0x0000000080100000, 0x0000000080100000| Untracked 
|   1|0x0000000080100000, 0x0000000080200000, 0x0000000080200000|100%| O|  |TAMS 0x0000000080200000, 0x0000000080200000| Untracked 
|   2|0x0000000080200000, 0x0000000080300000, 0x0000000080300000|100%| O|  |TAMS 0x0000000080300000, 0x0000000080300000| Untracked 
|   3|0x0000000080300000, 0x0000000080400000, 0x0000000080400000|100%|HS|  |TAMS 0x0000000080400000, 0x0000000080400000| Complete 
|   4|0x0000000080400000, 0x0000000080500000, 0x0000000080500000|100%|HC|  |TAMS 0x0000000080500000, 0x0000000080500000| Complete 
|   5|0x0000000080500000, 0x0000000080600000, 0x0000000080600000|100%|HC|  |TAMS 0x0000000080600000, 0x0000000080600000| Complete 
|   6|0x0000000080600000, 0x0000000080700000, 0x0000000080700000|100%| O|  |TAMS 0x0000000080700000, 0x0000000080700000| Untracked 
|   7|0x0000000080700000, 0x0000000080800000, 0x0000000080800000|100%| O|  |TAMS 0x0000000080800000, 0x0000000080800000| Untracked 
|   8|0x0000000080800000, 0x0000000080900000, 0x0000000080900000|100%| O|  |TAMS 0x0000000080900000, 0x0000000080900000| Untracked 
|   9|0x0000000080900000, 0x0000000080a00000, 0x0000000080a00000|100%| O|  |TAMS 0x0000000080a00000, 0x0000000080a00000| Untracked 
|  10|0x0000000080a00000, 0x0000000080b00000, 0x0000000080b00000|100%| O|  |TAMS 0x0000000080b00000, 0x0000000080b00000| Untracked 
|  11|0x0000000080b00000, 0x0000000080c00000, 0x0000000080c00000|100%| O|  |TAMS 0x0000000080c00000, 0x0000000080c00000| Untracked 
|  12|0x0000000080c00000, 0x0000000080ce8400, 0x0000000080d00000| 90%| O|  |TAMS 0x0000000080ce8400, 0x0000000080ce8400| Untracked 
|  13|0x0000000080d00000, 0x0000000080e00000, 0x0000000080e00000|100%| O|  |TAMS 0x0000000080e00000, 0x0000000080e00000| Untracked 
|  14|0x0000000080e00000, 0x0000000080f00000, 0x0000000080f00000|100%| O|  |TAMS 0x0000000080f00000, 0x0000000080f00000| Untracked 
|  15|0x0000000080f00000, 0x0000000081000000, 0x0000000081000000|100%| O|  |TAMS 0x0000000081000000, 0x0000000081000000| Untracked 
|  16|0x0000000081000000, 0x0000000081100000, 0x0000000081100000|100%| O|  |TAMS 0x0000000081100000, 0x0000000081100000| Untracked 
|  17|0x0000000081100000, 0x0000000081200000, 0x0000000081200000|100%| O|  |TAMS 0x0000000081200000, 0x0000000081200000| Untracked 
|  18|0x0000000081200000, 0x0000000081300000, 0x0000000081300000|100%| O|  |TAMS 0x0000000081300000, 0x0000000081300000| Untracked 
|  19|0x0000000081300000, 0x0000000081400000, 0x0000000081400000|100%| O|  |TAMS 0x0000000081400000, 0x0000000081400000| Untracked 
|  20|0x0000000081400000, 0x0000000081500000, 0x0000000081500000|100%| O|  |TAMS 0x0000000081500000, 0x0000000081500000| Untracked 
|  21|0x0000000081500000, 0x0000000081600000, 0x0000000081600000|100%| O|  |TAMS 0x0000000081600000, 0x0000000081600000| Untracked 
|  22|0x0000000081600000, 0x0000000081700000, 0x0000000081700000|100%| O|  |TAMS 0x0000000081700000, 0x0000000081700000| Untracked 
|  23|0x0000000081700000, 0x0000000081800000, 0x0000000081800000|100%| O|  |TAMS 0x0000000081800000, 0x0000000081800000| Untracked 
|  24|0x0000000081800000, 0x0000000081900000, 0x0000000081900000|100%|HS|  |TAMS 0x0000000081900000, 0x0000000081900000| Complete 
|  25|0x0000000081900000, 0x0000000081a00000, 0x0000000081a00000|100%|HS|  |TAMS 0x0000000081a00000, 0x0000000081a00000| Complete 
|  26|0x0000000081a00000, 0x0000000081b00000, 0x0000000081b00000|100%|HS|  |TAMS 0x0000000081b00000, 0x0000000081b00000| Complete 
|  27|0x0000000081b00000, 0x0000000081c00000, 0x0000000081c00000|100%| O|  |TAMS 0x0000000081c00000, 0x0000000081c00000| Untracked 
|  28|0x0000000081c00000, 0x0000000081d00000, 0x0000000081d00000|100%| O|  |TAMS 0x0000000081d00000, 0x0000000081d00000| Untracked 
|  29|0x0000000081d00000, 0x0000000081e00000, 0x0000000081e00000|100%| O|  |TAMS 0x0000000081e00000, 0x0000000081e00000| Untracked 
|  30|0x0000000081e00000, 0x0000000081f00000, 0x0000000081f00000|100%| O|  |TAMS 0x0000000081f00000, 0x0000000081f00000| Untracked 
|  31|0x0000000081f00000, 0x0000000082000000, 0x0000000082000000|100%| O|  |TAMS 0x0000000082000000, 0x0000000082000000| Untracked 
|  32|0x0000000082000000, 0x0000000082100000, 0x0000000082100000|100%| O|  |TAMS 0x0000000082100000, 0x0000000082100000| Untracked 
|  33|0x0000000082100000, 0x0000000082200000, 0x0000000082200000|100%| O|  |TAMS 0x0000000082200000, 0x0000000082200000| Untracked 
|  34|0x0000000082200000, 0x0000000082300000, 0x0000000082300000|100%|HS|  |TAMS 0x0000000082300000, 0x0000000082300000| Complete 
|  35|0x0000000082300000, 0x0000000082400000, 0x0000000082400000|100%|HC|  |TAMS 0x0000000082400000, 0x0000000082400000| Complete 
|  36|0x0000000082400000, 0x0000000082500000, 0x0000000082500000|100%|HC|  |TAMS 0x0000000082500000, 0x0000000082500000| Complete 
|  37|0x0000000082500000, 0x0000000082600000, 0x0000000082600000|100%| O|  |TAMS 0x0000000082600000, 0x0000000082600000| Untracked 
|  38|0x0000000082600000, 0x0000000082700000, 0x0000000082700000|100%| O|  |TAMS 0x0000000082700000, 0x0000000082700000| Untracked 
|  39|0x0000000082700000, 0x0000000082800000, 0x0000000082800000|100%| O|  |TAMS 0x0000000082800000, 0x0000000082800000| Untracked 
|  40|0x0000000082800000, 0x0000000082900000, 0x0000000082900000|100%| O|  |TAMS 0x0000000082900000, 0x0000000082900000| Untracked 
|  41|0x0000000082900000, 0x0000000082a00000, 0x0000000082a00000|100%|HS|  |TAMS 0x0000000082a00000, 0x0000000082a00000| Complete 
|  42|0x0000000082a00000, 0x0000000082b00000, 0x0000000082b00000|100%|HC|  |TAMS 0x0000000082b00000, 0x0000000082b00000| Complete 
|  43|0x0000000082b00000, 0x0000000082c00000, 0x0000000082c00000|100%| O|  |TAMS 0x0000000082c00000, 0x0000000082c00000| Untracked 
|  44|0x0000000082c00000, 0x0000000082d00000, 0x0000000082d00000|100%| O|  |TAMS 0x0000000082d00000, 0x0000000082d00000| Untracked 
|  45|0x0000000082d00000, 0x0000000082e00000, 0x0000000082e00000|100%| O|  |TAMS 0x0000000082e00000, 0x0000000082e00000| Untracked 
|  46|0x0000000082e00000, 0x0000000082f00000, 0x0000000082f00000|100%| O|  |TAMS 0x0000000082f00000, 0x0000000082f00000| Untracked 
|  47|0x0000000082f00000, 0x0000000083000000, 0x0000000083000000|100%| O|  |TAMS 0x0000000083000000, 0x0000000083000000| Untracked 
|  48|0x0000000083000000, 0x0000000083100000, 0x0000000083100000|100%| O|  |TAMS 0x0000000083100000, 0x0000000083100000| Untracked 
|  49|0x0000000083100000, 0x0000000083200000, 0x0000000083200000|100%| O|  |TAMS 0x0000000083200000, 0x0000000083200000| Untracked 
|  50|0x0000000083200000, 0x0000000083300000, 0x0000000083300000|100%| O|  |TAMS 0x0000000083300000, 0x0000000083300000| Untracked 
|  51|0x0000000083300000, 0x0000000083400000, 0x0000000083400000|100%| O|  |TAMS 0x0000000083400000, 0x0000000083400000| Untracked 
|  52|0x0000000083400000, 0x0000000083500000, 0x0000000083500000|100%| O|  |TAMS 0x0000000083500000, 0x0000000083500000| Untracked 
|  53|0x0000000083500000, 0x0000000083600000, 0x0000000083600000|100%| O|  |TAMS 0x0000000083600000, 0x0000000083600000| Untracked 
|  54|0x0000000083600000, 0x0000000083700000, 0x0000000083700000|100%| O|  |TAMS 0x0000000083700000, 0x0000000083700000| Untracked 
|  55|0x0000000083700000, 0x0000000083800000, 0x0000000083800000|100%| O|  |TAMS 0x0000000083800000, 0x0000000083800000| Untracked 
|  56|0x0000000083800000, 0x0000000083900000, 0x0000000083900000|100%| O|  |TAMS 0x0000000083900000, 0x0000000083900000| Untracked 
|  57|0x0000000083900000, 0x0000000083a00000, 0x0000000083a00000|100%| O|  |TAMS 0x0000000083a00000, 0x0000000083a00000| Untracked 
|  58|0x0000000083a00000, 0x0000000083b00000, 0x0000000083b00000|100%| O|  |TAMS 0x0000000083b00000, 0x0000000083b00000| Untracked 
|  59|0x0000000083b00000, 0x0000000083c00000, 0x0000000083c00000|100%| O|  |TAMS 0x0000000083c00000, 0x0000000083c00000| Untracked 
|  60|0x0000000083c00000, 0x0000000083d00000, 0x0000000083d00000|100%| O|  |TAMS 0x0000000083d00000, 0x0000000083d00000| Untracked 
|  61|0x0000000083d00000, 0x0000000083e00000, 0x0000000083e00000|100%| O|  |TAMS 0x0000000083e00000, 0x0000000083e00000| Untracked 
|  62|0x0000000083e00000, 0x0000000083f00000, 0x0000000083f00000|100%| O|  |TAMS 0x0000000083f00000, 0x0000000083f00000| Untracked 
|  63|0x0000000083f00000, 0x0000000084000000, 0x0000000084000000|100%| O|  |TAMS 0x0000000084000000, 0x0000000084000000| Untracked 
|  64|0x0000000084000000, 0x0000000084100000, 0x0000000084100000|100%| O|  |TAMS 0x0000000084100000, 0x0000000084100000| Untracked 
|  65|0x0000000084100000, 0x0000000084200000, 0x0000000084200000|100%| O|  |TAMS 0x0000000084200000, 0x0000000084200000| Untracked 
|  66|0x0000000084200000, 0x0000000084300000, 0x0000000084300000|100%| O|  |TAMS 0x0000000084300000, 0x0000000084300000| Untracked 
|  67|0x0000000084300000, 0x0000000084400000, 0x0000000084400000|100%| O|  |TAMS 0x0000000084400000, 0x0000000084400000| Untracked 
|  68|0x0000000084400000, 0x0000000084500000, 0x0000000084500000|100%| O|  |TAMS 0x0000000084500000, 0x0000000084500000| Untracked 
|  69|0x0000000084500000, 0x0000000084600000, 0x0000000084600000|100%| O|  |TAMS 0x0000000084600000, 0x0000000084600000| Untracked 
|  70|0x0000000084600000, 0x0000000084700000, 0x0000000084700000|100%| O|  |TAMS 0x0000000084700000, 0x0000000084700000| Untracked 
|  71|0x0000000084700000, 0x0000000084800000, 0x0000000084800000|100%| O|  |TAMS 0x0000000084800000, 0x0000000084800000| Untracked 
|  72|0x0000000084800000, 0x0000000084900000, 0x0000000084900000|100%| O|  |TAMS 0x0000000084900000, 0x0000000084900000| Untracked 
|  73|0x0000000084900000, 0x0000000084a00000, 0x0000000084a00000|100%| O|  |TAMS 0x0000000084a00000, 0x0000000084a00000| Untracked 
|  74|0x0000000084a00000, 0x0000000084b00000, 0x0000000084b00000|100%| O|  |TAMS 0x0000000084b00000, 0x0000000084b00000| Untracked 
|  75|0x0000000084b00000, 0x0000000084c00000, 0x0000000084c00000|100%| O|  |TAMS 0x0000000084c00000, 0x0000000084c00000| Untracked 
|  76|0x0000000084c00000, 0x0000000084d00000, 0x0000000084d00000|100%| O|  |TAMS 0x0000000084d00000, 0x0000000084d00000| Untracked 
|  77|0x0000000084d00000, 0x0000000084e00000, 0x0000000084e00000|100%| O|  |TAMS 0x0000000084e00000, 0x0000000084e00000| Untracked 
|  78|0x0000000084e00000, 0x0000000084f00000, 0x0000000084f00000|100%| O|  |TAMS 0x0000000084f00000, 0x0000000084f00000| Untracked 
|  79|0x0000000084f00000, 0x0000000085000000, 0x0000000085000000|100%| O|  |TAMS 0x0000000085000000, 0x0000000085000000| Untracked 
|  80|0x0000000085000000, 0x0000000085100000, 0x0000000085100000|100%| O|  |TAMS 0x0000000085100000, 0x0000000085100000| Untracked 
|  81|0x0000000085100000, 0x0000000085200000, 0x0000000085200000|100%| O|  |TAMS 0x0000000085200000, 0x0000000085200000| Untracked 
|  82|0x0000000085200000, 0x0000000085300000, 0x0000000085300000|100%| O|  |TAMS 0x0000000085300000, 0x0000000085300000| Untracked 
|  83|0x0000000085300000, 0x0000000085400000, 0x0000000085400000|100%| O|  |TAMS 0x0000000085400000, 0x0000000085400000| Untracked 
|  84|0x0000000085400000, 0x0000000085500000, 0x0000000085500000|100%| O|  |TAMS 0x0000000085500000, 0x0000000085500000| Untracked 
|  85|0x0000000085500000, 0x0000000085600000, 0x0000000085600000|100%| O|  |TAMS 0x0000000085600000, 0x0000000085600000| Untracked 
|  86|0x0000000085600000, 0x0000000085700000, 0x0000000085700000|100%| O|  |TAMS 0x0000000085700000, 0x0000000085700000| Untracked 
|  87|0x0000000085700000, 0x0000000085800000, 0x0000000085800000|100%|HS|  |TAMS 0x0000000085800000, 0x0000000085800000| Complete 
|  88|0x0000000085800000, 0x0000000085900000, 0x0000000085900000|100%|HC|  |TAMS 0x0000000085900000, 0x0000000085900000| Complete 
|  89|0x0000000085900000, 0x0000000085a00000, 0x0000000085a00000|100%| O|  |TAMS 0x0000000085a00000, 0x0000000085a00000| Untracked 
|  90|0x0000000085a00000, 0x0000000085b00000, 0x0000000085b00000|100%| O|  |TAMS 0x0000000085b00000, 0x0000000085b00000| Untracked 
|  91|0x0000000085b00000, 0x0000000085c00000, 0x0000000085c00000|100%| O|  |TAMS 0x0000000085c00000, 0x0000000085c00000| Untracked 
|  92|0x0000000085c00000, 0x0000000085d00000, 0x0000000085d00000|100%| O|  |TAMS 0x0000000085d00000, 0x0000000085d00000| Untracked 
|  93|0x0000000085d00000, 0x0000000085e00000, 0x0000000085e00000|100%| O|  |TAMS 0x0000000085e00000, 0x0000000085e00000| Untracked 
|  94|0x0000000085e00000, 0x0000000085f00000, 0x0000000085f00000|100%| O|  |TAMS 0x0000000085f00000, 0x0000000085f00000| Untracked 
|  95|0x0000000085f00000, 0x0000000086000000, 0x0000000086000000|100%| O|  |TAMS 0x0000000086000000, 0x0000000086000000| Untracked 
|  96|0x0000000086000000, 0x0000000086100000, 0x0000000086100000|100%| O|  |TAMS 0x0000000086100000, 0x0000000086100000| Untracked 
|  97|0x0000000086100000, 0x0000000086200000, 0x0000000086200000|100%| O|  |TAMS 0x0000000086200000, 0x0000000086200000| Untracked 
|  98|0x0000000086200000, 0x0000000086300000, 0x0000000086300000|100%| O|  |TAMS 0x0000000086300000, 0x0000000086300000| Untracked 
|  99|0x0000000086300000, 0x0000000086400000, 0x0000000086400000|100%| O|  |TAMS 0x0000000086400000, 0x0000000086400000| Untracked 
| 100|0x0000000086400000, 0x0000000086500000, 0x0000000086500000|100%| O|  |TAMS 0x0000000086500000, 0x0000000086500000| Untracked 
| 101|0x0000000086500000, 0x0000000086600000, 0x0000000086600000|100%| O|  |TAMS 0x0000000086600000, 0x0000000086600000| Untracked 
| 102|0x0000000086600000, 0x0000000086700000, 0x0000000086700000|100%| O|  |TAMS 0x0000000086700000, 0x0000000086700000| Untracked 
| 103|0x0000000086700000, 0x0000000086800000, 0x0000000086800000|100%| O|  |TAMS 0x0000000086800000, 0x0000000086800000| Untracked 
| 104|0x0000000086800000, 0x0000000086900000, 0x0000000086900000|100%| O|  |TAMS 0x0000000086900000, 0x0000000086900000| Untracked 
| 105|0x0000000086900000, 0x0000000086a00000, 0x0000000086a00000|100%| O|  |TAMS 0x0000000086a00000, 0x0000000086a00000| Untracked 
| 106|0x0000000086a00000, 0x0000000086b00000, 0x0000000086b00000|100%| O|  |TAMS 0x0000000086b00000, 0x0000000086b00000| Untracked 
| 107|0x0000000086b00000, 0x0000000086c00000, 0x0000000086c00000|100%| O|  |TAMS 0x0000000086c00000, 0x0000000086c00000| Untracked 
| 108|0x0000000086c00000, 0x0000000086d00000, 0x0000000086d00000|100%| O|  |TAMS 0x0000000086d00000, 0x0000000086d00000| Untracked 
| 109|0x0000000086d00000, 0x0000000086e00000, 0x0000000086e00000|100%| O|  |TAMS 0x0000000086e00000, 0x0000000086e00000| Untracked 
| 110|0x0000000086e00000, 0x0000000086f00000, 0x0000000086f00000|100%| O|  |TAMS 0x0000000086f00000, 0x0000000086f00000| Untracked 
| 111|0x0000000086f00000, 0x0000000087000000, 0x0000000087000000|100%| O|  |TAMS 0x0000000087000000, 0x0000000087000000| Untracked 
| 112|0x0000000087000000, 0x0000000087100000, 0x0000000087100000|100%| O|  |TAMS 0x0000000087100000, 0x0000000087100000| Untracked 
| 113|0x0000000087100000, 0x0000000087200000, 0x0000000087200000|100%| O|  |TAMS 0x0000000087200000, 0x0000000087200000| Untracked 
| 114|0x0000000087200000, 0x0000000087300000, 0x0000000087300000|100%| O|  |TAMS 0x0000000087300000, 0x0000000087300000| Untracked 
| 115|0x0000000087300000, 0x0000000087400000, 0x0000000087400000|100%| O|  |TAMS 0x0000000087400000, 0x0000000087400000| Untracked 
| 116|0x0000000087400000, 0x0000000087500000, 0x0000000087500000|100%| O|  |TAMS 0x0000000087500000, 0x0000000087500000| Untracked 
| 117|0x0000000087500000, 0x0000000087600000, 0x0000000087600000|100%| O|  |TAMS 0x0000000087600000, 0x0000000087600000| Untracked 
| 118|0x0000000087600000, 0x0000000087700000, 0x0000000087700000|100%| O|  |TAMS 0x0000000087700000, 0x0000000087700000| Untracked 
| 119|0x0000000087700000, 0x0000000087800000, 0x0000000087800000|100%| O|  |TAMS 0x0000000087800000, 0x0000000087800000| Untracked 
| 120|0x0000000087800000, 0x0000000087900000, 0x0000000087900000|100%| O|  |TAMS 0x0000000087900000, 0x0000000087900000| Untracked 
| 121|0x0000000087900000, 0x0000000087a00000, 0x0000000087a00000|100%| O|  |TAMS 0x0000000087a00000, 0x0000000087a00000| Untracked 
| 122|0x0000000087a00000, 0x0000000087b00000, 0x0000000087b00000|100%| O|  |TAMS 0x0000000087b00000, 0x0000000087b00000| Untracked 
| 123|0x0000000087b00000, 0x0000000087c00000, 0x0000000087c00000|100%| O|  |TAMS 0x0000000087c00000, 0x0000000087c00000| Untracked 
| 124|0x0000000087c00000, 0x0000000087d00000, 0x0000000087d00000|100%| O|  |TAMS 0x0000000087d00000, 0x0000000087d00000| Untracked 
| 125|0x0000000087d00000, 0x0000000087e00000, 0x0000000087e00000|100%| O|  |TAMS 0x0000000087e00000, 0x0000000087e00000| Untracked 
| 126|0x0000000087e00000, 0x0000000087f00000, 0x0000000087f00000|100%| O|  |TAMS 0x0000000087f00000, 0x0000000087f00000| Untracked 
| 127|0x0000000087f00000, 0x0000000088000000, 0x0000000088000000|100%| O|  |TAMS 0x0000000088000000, 0x0000000088000000| Untracked 
| 128|0x0000000088000000, 0x0000000088100000, 0x0000000088100000|100%| O|  |TAMS 0x0000000088100000, 0x0000000088100000| Untracked 
| 129|0x0000000088100000, 0x0000000088200000, 0x0000000088200000|100%| O|  |TAMS 0x0000000088200000, 0x0000000088200000| Untracked 
| 130|0x0000000088200000, 0x0000000088300000, 0x0000000088300000|100%| O|  |TAMS 0x0000000088300000, 0x0000000088300000| Untracked 
| 131|0x0000000088300000, 0x0000000088400000, 0x0000000088400000|100%| O|  |TAMS 0x0000000088400000, 0x0000000088400000| Untracked 
| 132|0x0000000088400000, 0x0000000088500000, 0x0000000088500000|100%| O|  |TAMS 0x0000000088500000, 0x0000000088500000| Untracked 
| 133|0x0000000088500000, 0x0000000088600000, 0x0000000088600000|100%| O|  |TAMS 0x0000000088600000, 0x0000000088600000| Untracked 
| 134|0x0000000088600000, 0x0000000088700000, 0x0000000088700000|100%| O|  |TAMS 0x0000000088700000, 0x0000000088700000| Untracked 
| 135|0x0000000088700000, 0x0000000088800000, 0x0000000088800000|100%| O|  |TAMS 0x0000000088800000, 0x0000000088800000| Untracked 
| 136|0x0000000088800000, 0x0000000088900000, 0x0000000088900000|100%| O|  |TAMS 0x0000000088900000, 0x0000000088900000| Untracked 
| 137|0x0000000088900000, 0x0000000088a00000, 0x0000000088a00000|100%| O|  |TAMS 0x0000000088a00000, 0x0000000088a00000| Untracked 
| 138|0x0000000088a00000, 0x0000000088b00000, 0x0000000088b00000|100%| O|  |TAMS 0x0000000088b00000, 0x0000000088b00000| Untracked 
| 139|0x0000000088b00000, 0x0000000088c00000, 0x0000000088c00000|100%| O|  |TAMS 0x0000000088c00000, 0x0000000088c00000| Untracked 
| 140|0x0000000088c00000, 0x0000000088d00000, 0x0000000088d00000|100%| O|  |TAMS 0x0000000088d00000, 0x0000000088d00000| Untracked 
| 141|0x0000000088d00000, 0x0000000088e00000, 0x0000000088e00000|100%| O|  |TAMS 0x0000000088e00000, 0x0000000088e00000| Untracked 
| 142|0x0000000088e00000, 0x0000000088f00000, 0x0000000088f00000|100%| O|  |TAMS 0x0000000088f00000, 0x0000000088f00000| Untracked 
| 143|0x0000000088f00000, 0x0000000089000000, 0x0000000089000000|100%| O|  |TAMS 0x0000000089000000, 0x0000000089000000| Untracked 
| 144|0x0000000089000000, 0x0000000089100000, 0x0000000089100000|100%| O|  |TAMS 0x0000000089100000, 0x0000000089100000| Untracked 
| 145|0x0000000089100000, 0x0000000089200000, 0x0000000089200000|100%| O|  |TAMS 0x0000000089200000, 0x0000000089200000| Untracked 
| 146|0x0000000089200000, 0x0000000089300000, 0x0000000089300000|100%| O|  |TAMS 0x0000000089300000, 0x0000000089300000| Untracked 
| 147|0x0000000089300000, 0x0000000089400000, 0x0000000089400000|100%| O|  |TAMS 0x0000000089400000, 0x0000000089400000| Untracked 
| 148|0x0000000089400000, 0x0000000089500000, 0x0000000089500000|100%| O|  |TAMS 0x0000000089500000, 0x0000000089500000| Untracked 
| 149|0x0000000089500000, 0x0000000089600000, 0x0000000089600000|100%| O|  |TAMS 0x0000000089600000, 0x0000000089600000| Untracked 
| 150|0x0000000089600000, 0x0000000089700000, 0x0000000089700000|100%| O|  |TAMS 0x0000000089700000, 0x0000000089700000| Untracked 
| 151|0x0000000089700000, 0x0000000089800000, 0x0000000089800000|100%| O|  |TAMS 0x0000000089800000, 0x0000000089800000| Untracked 
| 152|0x0000000089800000, 0x0000000089900000, 0x0000000089900000|100%| O|  |TAMS 0x0000000089900000, 0x0000000089900000| Untracked 
| 153|0x0000000089900000, 0x0000000089a00000, 0x0000000089a00000|100%| O|  |TAMS 0x0000000089a00000, 0x0000000089a00000| Untracked 
| 154|0x0000000089a00000, 0x0000000089b00000, 0x0000000089b00000|100%| O|  |TAMS 0x0000000089b00000, 0x0000000089b00000| Untracked 
| 155|0x0000000089b00000, 0x0000000089c00000, 0x0000000089c00000|100%| O|  |TAMS 0x0000000089c00000, 0x0000000089c00000| Untracked 
| 156|0x0000000089c00000, 0x0000000089d00000, 0x0000000089d00000|100%| O|  |TAMS 0x0000000089d00000, 0x0000000089d00000| Untracked 
| 157|0x0000000089d00000, 0x0000000089e00000, 0x0000000089e00000|100%| O|  |TAMS 0x0000000089e00000, 0x0000000089e00000| Untracked 
| 158|0x0000000089e00000, 0x0000000089f00000, 0x0000000089f00000|100%| O|  |TAMS 0x0000000089f00000, 0x0000000089f00000| Untracked 
| 159|0x0000000089f00000, 0x000000008a000000, 0x000000008a000000|100%| O|  |TAMS 0x0000000089f69000, 0x000000008a000000| Untracked 
| 160|0x000000008a000000, 0x000000008a100000, 0x000000008a100000|100%| O|  |TAMS 0x000000008a000000, 0x000000008a100000| Untracked 
| 161|0x000000008a100000, 0x000000008a200000, 0x000000008a200000|100%| O|  |TAMS 0x000000008a100000, 0x000000008a200000| Untracked 
| 162|0x000000008a200000, 0x000000008a300000, 0x000000008a300000|100%| O|  |TAMS 0x000000008a200000, 0x000000008a300000| Untracked 
| 163|0x000000008a300000, 0x000000008a400000, 0x000000008a400000|100%| O|  |TAMS 0x000000008a300000, 0x000000008a300000| Untracked 
| 164|0x000000008a400000, 0x000000008a500000, 0x000000008a500000|100%| O|  |TAMS 0x000000008a400000, 0x000000008a400000| Untracked 
| 165|0x000000008a500000, 0x000000008a600000, 0x000000008a600000|100%| O|  |TAMS 0x000000008a500000, 0x000000008a500000| Untracked 
| 166|0x000000008a600000, 0x000000008a700000, 0x000000008a700000|100%| O|  |TAMS 0x000000008a600000, 0x000000008a600000| Untracked 
| 167|0x000000008a700000, 0x000000008a712c00, 0x000000008a800000|  7%| O|  |TAMS 0x000000008a700000, 0x000000008a700000| Untracked 
| 168|0x000000008a800000, 0x000000008a800000, 0x000000008a900000|  0%| F|  |TAMS 0x000000008a800000, 0x000000008a800000| Untracked 
| 169|0x000000008a900000, 0x000000008a900000, 0x000000008aa00000|  0%| F|  |TAMS 0x000000008a900000, 0x000000008a900000| Untracked 
| 170|0x000000008aa00000, 0x000000008aa00000, 0x000000008ab00000|  0%| F|  |TAMS 0x000000008aa00000, 0x000000008aa00000| Untracked 
| 171|0x000000008ab00000, 0x000000008ab00000, 0x000000008ac00000|  0%| F|  |TAMS 0x000000008ab00000, 0x000000008ab00000| Untracked 
| 172|0x000000008ac00000, 0x000000008ac00000, 0x000000008ad00000|  0%| F|  |TAMS 0x000000008ac00000, 0x000000008ac00000| Untracked 
| 173|0x000000008ad00000, 0x000000008ad00000, 0x000000008ae00000|  0%| F|  |TAMS 0x000000008ad00000, 0x000000008ad00000| Untracked 
| 174|0x000000008ae00000, 0x000000008ae00000, 0x000000008af00000|  0%| F|  |TAMS 0x000000008ae00000, 0x000000008ae00000| Untracked 
| 175|0x000000008af00000, 0x000000008af00000, 0x000000008b000000|  0%| F|  |TAMS 0x000000008af00000, 0x000000008af00000| Untracked 
| 176|0x000000008b000000, 0x000000008b000000, 0x000000008b100000|  0%| F|  |TAMS 0x000000008b000000, 0x000000008b000000| Untracked 
| 177|0x000000008b100000, 0x000000008b100000, 0x000000008b200000|  0%| F|  |TAMS 0x000000008b100000, 0x000000008b100000| Untracked 
| 178|0x000000008b200000, 0x000000008b200000, 0x000000008b300000|  0%| F|  |TAMS 0x000000008b200000, 0x000000008b200000| Untracked 
| 179|0x000000008b300000, 0x000000008b300000, 0x000000008b400000|  0%| F|  |TAMS 0x000000008b300000, 0x000000008b300000| Untracked 
| 180|0x000000008b400000, 0x000000008b400000, 0x000000008b500000|  0%| F|  |TAMS 0x000000008b400000, 0x000000008b400000| Untracked 
| 181|0x000000008b500000, 0x000000008b500000, 0x000000008b600000|  0%| F|  |TAMS 0x000000008b500000, 0x000000008b500000| Untracked 
| 182|0x000000008b600000, 0x000000008b600000, 0x000000008b700000|  0%| F|  |TAMS 0x000000008b600000, 0x000000008b600000| Untracked 
| 183|0x000000008b700000, 0x000000008b700000, 0x000000008b800000|  0%| F|  |TAMS 0x000000008b700000, 0x000000008b700000| Untracked 
| 184|0x000000008b800000, 0x000000008b800000, 0x000000008b900000|  0%| F|  |TAMS 0x000000008b800000, 0x000000008b800000| Untracked 
| 185|0x000000008b900000, 0x000000008b900000, 0x000000008ba00000|  0%| F|  |TAMS 0x000000008b900000, 0x000000008b900000| Untracked 
| 186|0x000000008ba00000, 0x000000008ba00000, 0x000000008bb00000|  0%| F|  |TAMS 0x000000008ba00000, 0x000000008ba00000| Untracked 
| 187|0x000000008bb00000, 0x000000008bb00000, 0x000000008bc00000|  0%| F|  |TAMS 0x000000008bb00000, 0x000000008bb00000| Untracked 
| 188|0x000000008bc00000, 0x000000008bc00000, 0x000000008bd00000|  0%| F|  |TAMS 0x000000008bc00000, 0x000000008bc00000| Untracked 
| 189|0x000000008bd00000, 0x000000008bd00000, 0x000000008be00000|  0%| F|  |TAMS 0x000000008bd00000, 0x000000008bd00000| Untracked 
| 190|0x000000008be00000, 0x000000008be00000, 0x000000008bf00000|  0%| F|  |TAMS 0x000000008be00000, 0x000000008be00000| Untracked 
| 191|0x000000008bf00000, 0x000000008bf00000, 0x000000008c000000|  0%| F|  |TAMS 0x000000008bf00000, 0x000000008bf00000| Untracked 
| 192|0x000000008c000000, 0x000000008c000000, 0x000000008c100000|  0%| F|  |TAMS 0x000000008c000000, 0x000000008c000000| Untracked 
| 193|0x000000008c100000, 0x000000008c100000, 0x000000008c200000|  0%| F|  |TAMS 0x000000008c100000, 0x000000008c100000| Untracked 
| 194|0x000000008c200000, 0x000000008c200000, 0x000000008c300000|  0%| F|  |TAMS 0x000000008c200000, 0x000000008c200000| Untracked 
| 195|0x000000008c300000, 0x000000008c300000, 0x000000008c400000|  0%| F|  |TAMS 0x000000008c300000, 0x000000008c300000| Untracked 
| 196|0x000000008c400000, 0x000000008c400000, 0x000000008c500000|  0%| F|  |TAMS 0x000000008c400000, 0x000000008c400000| Untracked 
| 197|0x000000008c500000, 0x000000008c500000, 0x000000008c600000|  0%| F|  |TAMS 0x000000008c500000, 0x000000008c500000| Untracked 
| 198|0x000000008c600000, 0x000000008c600000, 0x000000008c700000|  0%| F|  |TAMS 0x000000008c600000, 0x000000008c600000| Untracked 
| 199|0x000000008c700000, 0x000000008c700000, 0x000000008c800000|  0%| F|  |TAMS 0x000000008c700000, 0x000000008c700000| Untracked 
| 200|0x000000008c800000, 0x000000008c800000, 0x000000008c900000|  0%| F|  |TAMS 0x000000008c800000, 0x000000008c800000| Untracked 
| 201|0x000000008c900000, 0x000000008c900000, 0x000000008ca00000|  0%| F|  |TAMS 0x000000008c900000, 0x000000008c900000| Untracked 
| 202|0x000000008ca00000, 0x000000008ca00000, 0x000000008cb00000|  0%| F|  |TAMS 0x000000008ca00000, 0x000000008ca00000| Untracked 
| 203|0x000000008cb00000, 0x000000008cb00000, 0x000000008cc00000|  0%| F|  |TAMS 0x000000008cb00000, 0x000000008cb00000| Untracked 
| 204|0x000000008cc00000, 0x000000008cc00000, 0x000000008cd00000|  0%| F|  |TAMS 0x000000008cc00000, 0x000000008cc00000| Untracked 
| 205|0x000000008cd00000, 0x000000008cd00000, 0x000000008ce00000|  0%| F|  |TAMS 0x000000008cd00000, 0x000000008cd00000| Untracked 
| 206|0x000000008ce00000, 0x000000008ce00000, 0x000000008cf00000|  0%| F|  |TAMS 0x000000008ce00000, 0x000000008ce00000| Untracked 
| 207|0x000000008cf00000, 0x000000008cf00000, 0x000000008d000000|  0%| F|  |TAMS 0x000000008cf00000, 0x000000008cf00000| Untracked 
| 208|0x000000008d000000, 0x000000008d000000, 0x000000008d100000|  0%| F|  |TAMS 0x000000008d000000, 0x000000008d000000| Untracked 
| 209|0x000000008d100000, 0x000000008d100000, 0x000000008d200000|  0%| F|  |TAMS 0x000000008d100000, 0x000000008d100000| Untracked 
| 210|0x000000008d200000, 0x000000008d200000, 0x000000008d300000|  0%| F|  |TAMS 0x000000008d200000, 0x000000008d200000| Untracked 
| 211|0x000000008d300000, 0x000000008d300000, 0x000000008d400000|  0%| F|  |TAMS 0x000000008d300000, 0x000000008d300000| Untracked 
| 212|0x000000008d400000, 0x000000008d400000, 0x000000008d500000|  0%| F|  |TAMS 0x000000008d400000, 0x000000008d400000| Untracked 
| 213|0x000000008d500000, 0x000000008d500000, 0x000000008d600000|  0%| F|  |TAMS 0x000000008d500000, 0x000000008d500000| Untracked 
| 214|0x000000008d600000, 0x000000008d600000, 0x000000008d700000|  0%| F|  |TAMS 0x000000008d600000, 0x000000008d600000| Untracked 
| 215|0x000000008d700000, 0x000000008d700000, 0x000000008d800000|  0%| F|  |TAMS 0x000000008d700000, 0x000000008d700000| Untracked 
| 216|0x000000008d800000, 0x000000008d800000, 0x000000008d900000|  0%| F|  |TAMS 0x000000008d800000, 0x000000008d800000| Untracked 
| 217|0x000000008d900000, 0x000000008d900000, 0x000000008da00000|  0%| F|  |TAMS 0x000000008d900000, 0x000000008d900000| Untracked 
| 218|0x000000008da00000, 0x000000008da00000, 0x000000008db00000|  0%| F|  |TAMS 0x000000008da00000, 0x000000008da00000| Untracked 
| 219|0x000000008db00000, 0x000000008db00000, 0x000000008dc00000|  0%| F|  |TAMS 0x000000008db00000, 0x000000008db00000| Untracked 
| 220|0x000000008dc00000, 0x000000008dc00000, 0x000000008dd00000|  0%| F|  |TAMS 0x000000008dc00000, 0x000000008dc00000| Untracked 
| 221|0x000000008dd00000, 0x000000008dd00000, 0x000000008de00000|  0%| F|  |TAMS 0x000000008dd00000, 0x000000008dd00000| Untracked 
| 222|0x000000008de00000, 0x000000008de00000, 0x000000008df00000|  0%| F|  |TAMS 0x000000008de00000, 0x000000008de00000| Untracked 
| 223|0x000000008df00000, 0x000000008df00000, 0x000000008e000000|  0%| F|  |TAMS 0x000000008df00000, 0x000000008df00000| Untracked 
| 224|0x000000008e000000, 0x000000008e000000, 0x000000008e100000|  0%| F|  |TAMS 0x000000008e000000, 0x000000008e000000| Untracked 
| 225|0x000000008e100000, 0x000000008e100000, 0x000000008e200000|  0%| F|  |TAMS 0x000000008e100000, 0x000000008e100000| Untracked 
| 226|0x000000008e200000, 0x000000008e200000, 0x000000008e300000|  0%| F|  |TAMS 0x000000008e200000, 0x000000008e200000| Untracked 
| 227|0x000000008e300000, 0x000000008e300000, 0x000000008e400000|  0%| F|  |TAMS 0x000000008e300000, 0x000000008e300000| Untracked 
| 228|0x000000008e400000, 0x000000008e400000, 0x000000008e500000|  0%| F|  |TAMS 0x000000008e400000, 0x000000008e400000| Untracked 
| 229|0x000000008e500000, 0x000000008e55f9c0, 0x000000008e600000| 37%| S|CS|TAMS 0x000000008e500000, 0x000000008e500000| Complete 
| 230|0x000000008e600000, 0x000000008e700000, 0x000000008e700000|100%| S|CS|TAMS 0x000000008e600000, 0x000000008e600000| Complete 
| 231|0x000000008e700000, 0x000000008e800000, 0x000000008e800000|100%| S|CS|TAMS 0x000000008e700000, 0x000000008e700000| Complete 
| 232|0x000000008e800000, 0x000000008e900000, 0x000000008e900000|100%| S|CS|TAMS 0x000000008e800000, 0x000000008e800000| Complete 
| 233|0x000000008e900000, 0x000000008ea00000, 0x000000008ea00000|100%| S|CS|TAMS 0x000000008e900000, 0x000000008e900000| Complete 
| 234|0x000000008ea00000, 0x000000008eb00000, 0x000000008eb00000|100%| S|CS|TAMS 0x000000008ea00000, 0x000000008ea00000| Complete 
| 235|0x000000008eb00000, 0x000000008ec00000, 0x000000008ec00000|100%| S|CS|TAMS 0x000000008eb00000, 0x000000008eb00000| Complete 
| 236|0x000000008ec00000, 0x000000008ed00000, 0x000000008ed00000|100%| S|CS|TAMS 0x000000008ec00000, 0x000000008ec00000| Complete 
| 237|0x000000008ed00000, 0x000000008ed00000, 0x000000008ee00000|  0%| F|  |TAMS 0x000000008ed00000, 0x000000008ed00000| Untracked 
| 238|0x000000008ee00000, 0x000000008ee00000, 0x000000008ef00000|  0%| F|  |TAMS 0x000000008ee00000, 0x000000008ee00000| Untracked 
| 239|0x000000008ef00000, 0x000000008ef00000, 0x000000008f000000|  0%| F|  |TAMS 0x000000008ef00000, 0x000000008ef00000| Untracked 
| 240|0x000000008f000000, 0x000000008f000000, 0x000000008f100000|  0%| F|  |TAMS 0x000000008f000000, 0x000000008f000000| Untracked 
| 241|0x000000008f100000, 0x000000008f100000, 0x000000008f200000|  0%| F|  |TAMS 0x000000008f100000, 0x000000008f100000| Untracked 
| 242|0x000000008f200000, 0x000000008f200000, 0x000000008f300000|  0%| F|  |TAMS 0x000000008f200000, 0x000000008f200000| Untracked 
| 243|0x000000008f300000, 0x000000008f300000, 0x000000008f400000|  0%| F|  |TAMS 0x000000008f300000, 0x000000008f300000| Untracked 
| 244|0x000000008f400000, 0x000000008f400000, 0x000000008f500000|  0%| F|  |TAMS 0x000000008f400000, 0x000000008f400000| Untracked 
| 245|0x000000008f500000, 0x000000008f500000, 0x000000008f600000|  0%| F|  |TAMS 0x000000008f500000, 0x000000008f500000| Untracked 
| 246|0x000000008f600000, 0x000000008f600000, 0x000000008f700000|  0%| F|  |TAMS 0x000000008f600000, 0x000000008f600000| Untracked 
| 247|0x000000008f700000, 0x000000008f700000, 0x000000008f800000|  0%| F|  |TAMS 0x000000008f700000, 0x000000008f700000| Untracked 
| 248|0x000000008f800000, 0x000000008f800000, 0x000000008f900000|  0%| F|  |TAMS 0x000000008f800000, 0x000000008f800000| Untracked 
| 249|0x000000008f900000, 0x000000008f900000, 0x000000008fa00000|  0%| F|  |TAMS 0x000000008f900000, 0x000000008f900000| Untracked 
| 250|0x000000008fa00000, 0x000000008fa00000, 0x000000008fb00000|  0%| F|  |TAMS 0x000000008fa00000, 0x000000008fa00000| Untracked 
| 251|0x000000008fb00000, 0x000000008fb00000, 0x000000008fc00000|  0%| F|  |TAMS 0x000000008fb00000, 0x000000008fb00000| Untracked 
| 252|0x000000008fc00000, 0x000000008fc00000, 0x000000008fd00000|  0%| F|  |TAMS 0x000000008fc00000, 0x000000008fc00000| Untracked 
| 253|0x000000008fd00000, 0x000000008fd00000, 0x000000008fe00000|  0%| F|  |TAMS 0x000000008fd00000, 0x000000008fd00000| Untracked 
| 254|0x000000008fe00000, 0x000000008fe00000, 0x000000008ff00000|  0%| F|  |TAMS 0x000000008fe00000, 0x000000008fe00000| Untracked 
| 255|0x000000008ff00000, 0x000000008ff00000, 0x0000000090000000|  0%| F|  |TAMS 0x000000008ff00000, 0x000000008ff00000| Untracked 
| 256|0x0000000090000000, 0x0000000090000000, 0x0000000090100000|  0%| F|  |TAMS 0x0000000090000000, 0x0000000090000000| Untracked 
| 257|0x0000000090100000, 0x0000000090100000, 0x0000000090200000|  0%| F|  |TAMS 0x0000000090100000, 0x0000000090100000| Untracked 
| 258|0x0000000090200000, 0x0000000090200000, 0x0000000090300000|  0%| F|  |TAMS 0x0000000090200000, 0x0000000090200000| Untracked 
| 259|0x0000000090300000, 0x0000000090300000, 0x0000000090400000|  0%| F|  |TAMS 0x0000000090300000, 0x0000000090300000| Untracked 
| 260|0x0000000090400000, 0x0000000090400000, 0x0000000090500000|  0%| F|  |TAMS 0x0000000090400000, 0x0000000090400000| Untracked 
| 261|0x0000000090500000, 0x0000000090500000, 0x0000000090600000|  0%| F|  |TAMS 0x0000000090500000, 0x0000000090500000| Untracked 
| 262|0x0000000090600000, 0x0000000090600000, 0x0000000090700000|  0%| F|  |TAMS 0x0000000090600000, 0x0000000090600000| Untracked 
| 263|0x0000000090700000, 0x0000000090700000, 0x0000000090800000|  0%| F|  |TAMS 0x0000000090700000, 0x0000000090700000| Untracked 
| 264|0x0000000090800000, 0x0000000090800000, 0x0000000090900000|  0%| F|  |TAMS 0x0000000090800000, 0x0000000090800000| Untracked 
| 265|0x0000000090900000, 0x0000000090900000, 0x0000000090a00000|  0%| F|  |TAMS 0x0000000090900000, 0x0000000090900000| Untracked 
| 266|0x0000000090a00000, 0x0000000090a00000, 0x0000000090b00000|  0%| F|  |TAMS 0x0000000090a00000, 0x0000000090a00000| Untracked 
| 267|0x0000000090b00000, 0x0000000090b00000, 0x0000000090c00000|  0%| F|  |TAMS 0x0000000090b00000, 0x0000000090b00000| Untracked 
| 268|0x0000000090c00000, 0x0000000090c00000, 0x0000000090d00000|  0%| F|  |TAMS 0x0000000090c00000, 0x0000000090c00000| Untracked 
| 269|0x0000000090d00000, 0x0000000090d00000, 0x0000000090e00000|  0%| F|  |TAMS 0x0000000090d00000, 0x0000000090d00000| Untracked 
| 270|0x0000000090e00000, 0x0000000090e00000, 0x0000000090f00000|  0%| F|  |TAMS 0x0000000090e00000, 0x0000000090e00000| Untracked 
| 271|0x0000000090f00000, 0x0000000090f00000, 0x0000000091000000|  0%| F|  |TAMS 0x0000000090f00000, 0x0000000090f00000| Untracked 
| 272|0x0000000091000000, 0x0000000091000000, 0x0000000091100000|  0%| F|  |TAMS 0x0000000091000000, 0x0000000091000000| Untracked 
| 273|0x0000000091100000, 0x0000000091100000, 0x0000000091200000|  0%| F|  |TAMS 0x0000000091100000, 0x0000000091100000| Untracked 
| 274|0x0000000091200000, 0x0000000091200000, 0x0000000091300000|  0%| F|  |TAMS 0x0000000091200000, 0x0000000091200000| Untracked 
| 275|0x0000000091300000, 0x0000000091300000, 0x0000000091400000|  0%| F|  |TAMS 0x0000000091300000, 0x0000000091300000| Untracked 
| 276|0x0000000091400000, 0x0000000091400000, 0x0000000091500000|  0%| F|  |TAMS 0x0000000091400000, 0x0000000091400000| Untracked 
| 277|0x0000000091500000, 0x0000000091500000, 0x0000000091600000|  0%| F|  |TAMS 0x0000000091500000, 0x0000000091500000| Untracked 
| 278|0x0000000091600000, 0x0000000091600000, 0x0000000091700000|  0%| F|  |TAMS 0x0000000091600000, 0x0000000091600000| Untracked 
| 279|0x0000000091700000, 0x0000000091700000, 0x0000000091800000|  0%| F|  |TAMS 0x0000000091700000, 0x0000000091700000| Untracked 
| 280|0x0000000091800000, 0x0000000091800000, 0x0000000091900000|  0%| F|  |TAMS 0x0000000091800000, 0x0000000091800000| Untracked 
| 281|0x0000000091900000, 0x0000000091900000, 0x0000000091a00000|  0%| F|  |TAMS 0x0000000091900000, 0x0000000091900000| Untracked 
| 282|0x0000000091a00000, 0x0000000091a00000, 0x0000000091b00000|  0%| F|  |TAMS 0x0000000091a00000, 0x0000000091a00000| Untracked 
| 283|0x0000000091b00000, 0x0000000091b00000, 0x0000000091c00000|  0%| F|  |TAMS 0x0000000091b00000, 0x0000000091b00000| Untracked 
| 284|0x0000000091c00000, 0x0000000091c00000, 0x0000000091d00000|  0%| F|  |TAMS 0x0000000091c00000, 0x0000000091c00000| Untracked 
| 285|0x0000000091d00000, 0x0000000091d00000, 0x0000000091e00000|  0%| F|  |TAMS 0x0000000091d00000, 0x0000000091d00000| Untracked 
| 286|0x0000000091e00000, 0x0000000091e00000, 0x0000000091f00000|  0%| F|  |TAMS 0x0000000091e00000, 0x0000000091e00000| Untracked 
| 287|0x0000000091f00000, 0x0000000091f00000, 0x0000000092000000|  0%| F|  |TAMS 0x0000000091f00000, 0x0000000091f00000| Untracked 
| 288|0x0000000092000000, 0x0000000092000000, 0x0000000092100000|  0%| F|  |TAMS 0x0000000092000000, 0x0000000092000000| Untracked 
| 289|0x0000000092100000, 0x0000000092100000, 0x0000000092200000|  0%| F|  |TAMS 0x0000000092100000, 0x0000000092100000| Untracked 
| 290|0x0000000092200000, 0x0000000092200000, 0x0000000092300000|  0%| F|  |TAMS 0x0000000092200000, 0x0000000092200000| Untracked 
| 291|0x0000000092300000, 0x0000000092300000, 0x0000000092400000|  0%| F|  |TAMS 0x0000000092300000, 0x0000000092300000| Untracked 
| 292|0x0000000092400000, 0x0000000092400000, 0x0000000092500000|  0%| F|  |TAMS 0x0000000092400000, 0x0000000092400000| Untracked 
| 293|0x0000000092500000, 0x0000000092500000, 0x0000000092600000|  0%| F|  |TAMS 0x0000000092500000, 0x0000000092500000| Untracked 
| 294|0x0000000092600000, 0x0000000092600000, 0x0000000092700000|  0%| F|  |TAMS 0x0000000092600000, 0x0000000092600000| Untracked 
| 295|0x0000000092700000, 0x0000000092700000, 0x0000000092800000|  0%| F|  |TAMS 0x0000000092700000, 0x0000000092700000| Untracked 
| 296|0x0000000092800000, 0x0000000092800000, 0x0000000092900000|  0%| F|  |TAMS 0x0000000092800000, 0x0000000092800000| Untracked 
| 297|0x0000000092900000, 0x0000000092900000, 0x0000000092a00000|  0%| F|  |TAMS 0x0000000092900000, 0x0000000092900000| Untracked 
| 298|0x0000000092a00000, 0x0000000092a00000, 0x0000000092b00000|  0%| F|  |TAMS 0x0000000092a00000, 0x0000000092a00000| Untracked 
| 299|0x0000000092b00000, 0x0000000092b00000, 0x0000000092c00000|  0%| F|  |TAMS 0x0000000092b00000, 0x0000000092b00000| Untracked 
| 300|0x0000000092c00000, 0x0000000092c00000, 0x0000000092d00000|  0%| F|  |TAMS 0x0000000092c00000, 0x0000000092c00000| Untracked 
| 301|0x0000000092d00000, 0x0000000092d00000, 0x0000000092e00000|  0%| F|  |TAMS 0x0000000092d00000, 0x0000000092d00000| Untracked 
| 302|0x0000000092e00000, 0x0000000092e00000, 0x0000000092f00000|  0%| F|  |TAMS 0x0000000092e00000, 0x0000000092e00000| Untracked 
| 303|0x0000000092f00000, 0x0000000092f00000, 0x0000000093000000|  0%| F|  |TAMS 0x0000000092f00000, 0x0000000092f00000| Untracked 
| 304|0x0000000093000000, 0x0000000093000000, 0x0000000093100000|  0%| F|  |TAMS 0x0000000093000000, 0x0000000093000000| Untracked 
| 305|0x0000000093100000, 0x0000000093100000, 0x0000000093200000|  0%| F|  |TAMS 0x0000000093100000, 0x0000000093100000| Untracked 
| 306|0x0000000093200000, 0x0000000093200000, 0x0000000093300000|  0%| F|  |TAMS 0x0000000093200000, 0x0000000093200000| Untracked 
| 307|0x0000000093300000, 0x0000000093300000, 0x0000000093400000|  0%| F|  |TAMS 0x0000000093300000, 0x0000000093300000| Untracked 
| 308|0x0000000093400000, 0x0000000093400000, 0x0000000093500000|  0%| F|  |TAMS 0x0000000093400000, 0x0000000093400000| Untracked 
| 309|0x0000000093500000, 0x0000000093500000, 0x0000000093600000|  0%| F|  |TAMS 0x0000000093500000, 0x0000000093500000| Untracked 
| 310|0x0000000093600000, 0x0000000093600000, 0x0000000093700000|  0%| F|  |TAMS 0x0000000093600000, 0x0000000093600000| Untracked 
| 311|0x0000000093700000, 0x0000000093700000, 0x0000000093800000|  0%| F|  |TAMS 0x0000000093700000, 0x0000000093700000| Untracked 
| 312|0x0000000093800000, 0x0000000093800000, 0x0000000093900000|  0%| F|  |TAMS 0x0000000093800000, 0x0000000093800000| Untracked 
| 313|0x0000000093900000, 0x0000000093900000, 0x0000000093a00000|  0%| F|  |TAMS 0x0000000093900000, 0x0000000093900000| Untracked 
| 314|0x0000000093a00000, 0x0000000093a00000, 0x0000000093b00000|  0%| F|  |TAMS 0x0000000093a00000, 0x0000000093a00000| Untracked 
| 315|0x0000000093b00000, 0x0000000093b00000, 0x0000000093c00000|  0%| F|  |TAMS 0x0000000093b00000, 0x0000000093b00000| Untracked 
| 316|0x0000000093c00000, 0x0000000093c00000, 0x0000000093d00000|  0%| F|  |TAMS 0x0000000093c00000, 0x0000000093c00000| Untracked 
| 317|0x0000000093d00000, 0x0000000093d00000, 0x0000000093e00000|  0%| F|  |TAMS 0x0000000093d00000, 0x0000000093d00000| Untracked 
| 318|0x0000000093e00000, 0x0000000093e00000, 0x0000000093f00000|  0%| F|  |TAMS 0x0000000093e00000, 0x0000000093e00000| Untracked 
| 319|0x0000000093f00000, 0x0000000093f00000, 0x0000000094000000|  0%| F|  |TAMS 0x0000000093f00000, 0x0000000093f00000| Untracked 
| 320|0x0000000094000000, 0x0000000094000000, 0x0000000094100000|  0%| F|  |TAMS 0x0000000094000000, 0x0000000094000000| Untracked 
| 321|0x0000000094100000, 0x0000000094100000, 0x0000000094200000|  0%| F|  |TAMS 0x0000000094100000, 0x0000000094100000| Untracked 
| 322|0x0000000094200000, 0x0000000094200000, 0x0000000094300000|  0%| F|  |TAMS 0x0000000094200000, 0x0000000094200000| Untracked 
| 323|0x0000000094300000, 0x0000000094300000, 0x0000000094400000|  0%| F|  |TAMS 0x0000000094300000, 0x0000000094300000| Untracked 
| 324|0x0000000094400000, 0x0000000094400000, 0x0000000094500000|  0%| F|  |TAMS 0x0000000094400000, 0x0000000094400000| Untracked 
| 325|0x0000000094500000, 0x0000000094500000, 0x0000000094600000|  0%| F|  |TAMS 0x0000000094500000, 0x0000000094500000| Untracked 
| 326|0x0000000094600000, 0x0000000094600000, 0x0000000094700000|  0%| F|  |TAMS 0x0000000094600000, 0x0000000094600000| Untracked 
| 327|0x0000000094700000, 0x0000000094700000, 0x0000000094800000|  0%| F|  |TAMS 0x0000000094700000, 0x0000000094700000| Untracked 
| 328|0x0000000094800000, 0x0000000094800000, 0x0000000094900000|  0%| F|  |TAMS 0x0000000094800000, 0x0000000094800000| Untracked 
| 329|0x0000000094900000, 0x0000000094900000, 0x0000000094a00000|  0%| F|  |TAMS 0x0000000094900000, 0x0000000094900000| Untracked 
| 330|0x0000000094a00000, 0x0000000094a00000, 0x0000000094b00000|  0%| F|  |TAMS 0x0000000094a00000, 0x0000000094a00000| Untracked 
| 331|0x0000000094b00000, 0x0000000094b00000, 0x0000000094c00000|  0%| F|  |TAMS 0x0000000094b00000, 0x0000000094b00000| Untracked 
| 332|0x0000000094c00000, 0x0000000094c00000, 0x0000000094d00000|  0%| F|  |TAMS 0x0000000094c00000, 0x0000000094c00000| Untracked 
| 333|0x0000000094d00000, 0x0000000094d00000, 0x0000000094e00000|  0%| F|  |TAMS 0x0000000094d00000, 0x0000000094d00000| Untracked 
| 334|0x0000000094e00000, 0x0000000094e00000, 0x0000000094f00000|  0%| F|  |TAMS 0x0000000094e00000, 0x0000000094e00000| Untracked 
| 335|0x0000000094f00000, 0x0000000094f00000, 0x0000000095000000|  0%| F|  |TAMS 0x0000000094f00000, 0x0000000094f00000| Untracked 
| 336|0x0000000095000000, 0x0000000095000000, 0x0000000095100000|  0%| F|  |TAMS 0x0000000095000000, 0x0000000095000000| Untracked 
| 337|0x0000000095100000, 0x0000000095100000, 0x0000000095200000|  0%| F|  |TAMS 0x0000000095100000, 0x0000000095100000| Untracked 
| 338|0x0000000095200000, 0x0000000095200000, 0x0000000095300000|  0%| F|  |TAMS 0x0000000095200000, 0x0000000095200000| Untracked 
| 339|0x0000000095300000, 0x0000000095300000, 0x0000000095400000|  0%| F|  |TAMS 0x0000000095300000, 0x0000000095300000| Untracked 
| 340|0x0000000095400000, 0x0000000095400000, 0x0000000095500000|  0%| F|  |TAMS 0x0000000095400000, 0x0000000095400000| Untracked 
| 341|0x0000000095500000, 0x0000000095500000, 0x0000000095600000|  0%| F|  |TAMS 0x0000000095500000, 0x0000000095500000| Untracked 
| 342|0x0000000095600000, 0x0000000095600000, 0x0000000095700000|  0%| F|  |TAMS 0x0000000095600000, 0x0000000095600000| Untracked 
| 343|0x0000000095700000, 0x0000000095700000, 0x0000000095800000|  0%| F|  |TAMS 0x0000000095700000, 0x0000000095700000| Untracked 
| 344|0x0000000095800000, 0x0000000095800000, 0x0000000095900000|  0%| F|  |TAMS 0x0000000095800000, 0x0000000095800000| Untracked 
| 345|0x0000000095900000, 0x0000000095900000, 0x0000000095a00000|  0%| F|  |TAMS 0x0000000095900000, 0x0000000095900000| Untracked 
| 346|0x0000000095a00000, 0x0000000095a00000, 0x0000000095b00000|  0%| F|  |TAMS 0x0000000095a00000, 0x0000000095a00000| Untracked 
| 347|0x0000000095b00000, 0x0000000095b00000, 0x0000000095c00000|  0%| F|  |TAMS 0x0000000095b00000, 0x0000000095b00000| Untracked 
| 348|0x0000000095c00000, 0x0000000095c00000, 0x0000000095d00000|  0%| F|  |TAMS 0x0000000095c00000, 0x0000000095c00000| Untracked 
| 349|0x0000000095d00000, 0x0000000095d00000, 0x0000000095e00000|  0%| F|  |TAMS 0x0000000095d00000, 0x0000000095d00000| Untracked 
| 350|0x0000000095e00000, 0x0000000095e00000, 0x0000000095f00000|  0%| F|  |TAMS 0x0000000095e00000, 0x0000000095e00000| Untracked 
| 351|0x0000000095f00000, 0x0000000095f00000, 0x0000000096000000|  0%| F|  |TAMS 0x0000000095f00000, 0x0000000095f00000| Untracked 
| 352|0x0000000096000000, 0x0000000096100000, 0x0000000096100000|100%| E|  |TAMS 0x0000000096000000, 0x0000000096000000| Complete 

Card table byte_map: [0x0000022e7e830000,0x0000022e7ec30000] _byte_map_base: 0x0000022e7e430000

Marking Bits (Prev, Next): (CMBitMap*) 0x0000022e66b33648, (CMBitMap*) 0x0000022e66b33688
 Prev Bits: [0x0000022e00000000, 0x0000022e02000000)
 Next Bits: [0x0000022e02000000, 0x0000022e04000000)

Polling page: 0x0000022e662c0000

Metaspace:

Usage:
  Non-class:     81.68 MB capacity,    79.95 MB ( 98%) used,     1.41 MB (  2%) free+waste,   329.56 KB ( <1%) overhead. 
      Class:     13.49 MB capacity,    12.42 MB ( 92%) used,   934.91 KB (  7%) free+waste,   161.13 KB (  1%) overhead. 
       Both:     95.17 MB capacity,    92.37 MB ( 97%) used,     2.32 MB (  2%) free+waste,   490.69 KB ( <1%) overhead. 

Virtual space:
  Non-class space:       82.00 MB reserved,      81.88 MB (>99%) committed 
      Class space:        1.00 GB reserved,      13.70 MB (  1%) committed 
             Both:        1.08 GB reserved,      95.58 MB (  9%) committed 

Chunk freelists:
   Non-Class:  199.00 KB
       Class:  107.00 KB
        Both:  306.00 KB

MaxMetaspaceSize: 17179869184.00 GB
CompressedClassSpaceSize: 1.00 GB

CodeHeap 'non-profiled nmethods': size=120000Kb used=7511Kb max_used=7511Kb free=112489Kb
 bounds [0x0000022e76ac0000, 0x0000022e77230000, 0x0000022e7dff0000]
CodeHeap 'profiled nmethods': size=120000Kb used=28812Kb max_used=28812Kb free=91187Kb
 bounds [0x0000022e6f590000, 0x0000022e711c0000, 0x0000022e76ac0000]
CodeHeap 'non-nmethods': size=5760Kb used=2442Kb max_used=2509Kb free=3318Kb
 bounds [0x0000022e6eff0000, 0x0000022e6f270000, 0x0000022e6f590000]
 total_blobs=19345 nmethods=12148 adapters=838
 compilation: enabled
              stopped_count=0, restarted_count=0
 full_count=0

Compilation events (20 events):
Event: 219.122 Thread 0x0000022e7fb40000 nmethod 14310 0x0000022e70f5cf90 code [0x0000022e70f5d160, 0x0000022e70f5d5d0]
Event: 219.122 Thread 0x0000022e7fb40000 14299       2       com.android.tools.r8.code.C0::<init> (5 bytes)
Event: 219.122 Thread 0x0000022e7fb40000 nmethod 14299 0x0000022e70f5d710 code [0x0000022e70f5d8a0, 0x0000022e70f5da18]
Event: 219.122 Thread 0x0000022e7fb40000 14319       2       com.android.tools.r8.internal.y::entrySet (7 bytes)
Event: 219.122 Thread 0x0000022e7fb40000 nmethod 14319 0x0000022e70f5da90 code [0x0000022e70f5dc40, 0x0000022e70f5ddf0]
Event: 219.122 Thread 0x0000022e7fb40000 14291       2       com.android.tools.r8.internal.x4::u (16 bytes)
Event: 219.122 Thread 0x0000022e7fb40000 nmethod 14291 0x0000022e70f5de90 code [0x0000022e70f5e020, 0x0000022e70f5e1b8]
Event: 219.122 Thread 0x0000022e7fb40000 14295       2       com.android.tools.r8.internal.pf::c (6 bytes)
Event: 219.123 Thread 0x0000022e7fb40000 nmethod 14295 0x0000022e70f5e290 code [0x0000022e70f5e440, 0x0000022e70f5e5f0]
Event: 219.123 Thread 0x0000022e7fb40000 14296       2       com.android.tools.r8.internal.ga::a (5 bytes)
Event: 219.123 Thread 0x0000022e7fb40000 nmethod 14296 0x0000022e70f5e690 code [0x0000022e70f5e820, 0x0000022e70f5e998]
Event: 219.123 Thread 0x0000022e7fb40000 14316       2       com.android.tools.r8.internal.Le::a (91 bytes)
Event: 219.124 Thread 0x0000022e7fb40000 nmethod 14316 0x0000022e70f5ea10 code [0x0000022e70f5ebe0, 0x0000022e70f5ef90]
Event: 219.124 Thread 0x0000022e7fb40000 14309       2       com.android.tools.r8.internal.W4$$Lambda$1946/0x000000080182fc40::accept (19 bytes)
Event: 219.125 Thread 0x0000022e7fb40000 nmethod 14309 0x0000022e70f5f210 code [0x0000022e70f5f3c0, 0x0000022e70f5f5f0]
Event: 219.125 Thread 0x0000022e7fb40000 14303       2       com.android.tools.r8.internal.c5::b (33 bytes)
Event: 219.125 Thread 0x0000022e7fb40000 nmethod 14303 0x0000022e70f5f710 code [0x0000022e70f5f8c0, 0x0000022e70f5fac0]
Event: 219.125 Thread 0x0000022e7fb40000 14306       2       com.android.tools.r8.internal.W4::a (358 bytes)
Event: 219.130 Thread 0x0000022e7fb40000 nmethod 14306 0x0000022e70f5fb90 code [0x0000022e70f5ff00, 0x0000022e70f61010]
Event: 219.130 Thread 0x0000022e7fb40000 14329 %     3       com.android.tools.r8.internal.ja::a @ 330 (944 bytes)

GC Heap History (20 events):
Event: 210.342 GC heap before
{Heap before GC invocations=66 (full 0):
 garbage-first heap   total 191488K, used 143924K [0x0000000080000000, 0x0000000100000000)
  region size 1024K, 58 young (59392K), 5 survivors (5120K)
 Metaspace       used 83022K, capacity 85134K, committed 85328K, reserved 1122304K
  class space    used 10964K, capacity 11690K, committed 11724K, reserved 1048576K
}
Event: 210.591 GC heap after
{Heap after GC invocations=67 (full 0):
 garbage-first heap   total 191488K, used 101667K [0x0000000080000000, 0x0000000100000000)
  region size 1024K, 8 young (8192K), 8 survivors (8192K)
 Metaspace       used 83022K, capacity 85134K, committed 85328K, reserved 1122304K
  class space    used 10964K, capacity 11690K, committed 11724K, reserved 1048576K
}
Event: 211.520 GC heap before
{Heap before GC invocations=67 (full 0):
 garbage-first heap   total 191488K, used 146723K [0x0000000080000000, 0x0000000100000000)
  region size 1024K, 53 young (54272K), 8 survivors (8192K)
 Metaspace       used 83781K, capacity 85957K, committed 86224K, reserved 1124352K
  class space    used 11046K, capacity 11795K, committed 11852K, reserved 1048576K
}
Event: 211.606 GC heap after
{Heap after GC invocations=68 (full 0):
 garbage-first heap   total 191488K, used 111630K [0x0000000080000000, 0x0000000100000000)
  region size 1024K, 7 young (7168K), 7 survivors (7168K)
 Metaspace       used 83781K, capacity 85957K, committed 86224K, reserved 1124352K
  class space    used 11046K, capacity 11795K, committed 11852K, reserved 1048576K
}
Event: 214.748 GC heap before
{Heap before GC invocations=69 (full 0):
 garbage-first heap   total 194560K, used 148494K [0x0000000080000000, 0x0000000100000000)
  region size 1024K, 44 young (45056K), 7 survivors (7168K)
 Metaspace       used 85960K, capacity 88218K, committed 88400K, reserved 1126400K
  class space    used 11370K, capacity 12153K, committed 12236K, reserved 1048576K
}
Event: 214.762 GC heap after
{Heap after GC invocations=70 (full 0):
 garbage-first heap   total 194560K, used 113569K [0x0000000080000000, 0x0000000100000000)
  region size 1024K, 6 young (6144K), 6 survivors (6144K)
 Metaspace       used 85960K, capacity 88218K, committed 88400K, reserved 1126400K
  class space    used 11370K, capacity 12153K, committed 12236K, reserved 1048576K
}
Event: 214.987 GC heap before
{Heap before GC invocations=70 (full 0):
 garbage-first heap   total 194560K, used 152481K [0x0000000080000000, 0x0000000100000000)
  region size 1024K, 45 young (46080K), 6 survivors (6144K)
 Metaspace       used 86485K, capacity 88805K, committed 89040K, reserved 1126400K
  class space    used 11450K, capacity 12263K, committed 12364K, reserved 1048576K
}
Event: 215.006 GC heap after
{Heap after GC invocations=71 (full 0):
 garbage-first heap   total 194560K, used 122317K [0x0000000080000000, 0x0000000100000000)
  region size 1024K, 6 young (6144K), 6 survivors (6144K)
 Metaspace       used 86485K, capacity 88805K, committed 89040K, reserved 1126400K
  class space    used 11450K, capacity 12263K, committed 12364K, reserved 1048576K
}
Event: 215.261 GC heap before
{Heap before GC invocations=71 (full 0):
 garbage-first heap   total 256000K, used 155085K [0x0000000080000000, 0x0000000100000000)
  region size 1024K, 39 young (39936K), 6 survivors (6144K)
 Metaspace       used 86466K, capacity 88785K, committed 89040K, reserved 1126400K
  class space    used 11435K, capacity 12236K, committed 12364K, reserved 1048576K
}
Event: 215.279 GC heap after
{Heap after GC invocations=72 (full 0):
 garbage-first heap   total 256000K, used 129449K [0x0000000080000000, 0x0000000100000000)
  region size 1024K, 5 young (5120K), 5 survivors (5120K)
 Metaspace       used 86466K, capacity 88785K, committed 89040K, reserved 1126400K
  class space    used 11435K, capacity 12236K, committed 12364K, reserved 1048576K
}
Event: 215.595 GC heap before
{Heap before GC invocations=73 (full 0):
 garbage-first heap   total 256000K, used 182697K [0x0000000080000000, 0x0000000100000000)
  region size 1024K, 58 young (59392K), 5 survivors (5120K)
 Metaspace       used 87548K, capacity 89987K, committed 90192K, reserved 1126400K
  class space    used 11621K, capacity 12473K, committed 12492K, reserved 1048576K
}
Event: 215.614 GC heap after
{Heap after GC invocations=74 (full 0):
 garbage-first heap   total 256000K, used 143454K [0x0000000080000000, 0x0000000100000000)
  region size 1024K, 8 young (8192K), 8 survivors (8192K)
 Metaspace       used 87548K, capacity 89987K, committed 90192K, reserved 1126400K
  class space    used 11621K, capacity 12473K, committed 12492K, reserved 1048576K
}
Event: 215.711 GC heap before
{Heap before GC invocations=74 (full 0):
 garbage-first heap   total 256000K, used 192606K [0x0000000080000000, 0x0000000100000000)
  region size 1024K, 56 young (57344K), 8 survivors (8192K)
 Metaspace       used 87560K, capacity 89987K, committed 90192K, reserved 1126400K
  class space    used 11622K, capacity 12473K, committed 12492K, reserved 1048576K
}
Event: 215.729 GC heap after
{Heap after GC invocations=75 (full 0):
 garbage-first heap   total 256000K, used 153505K [0x0000000080000000, 0x0000000100000000)
  region size 1024K, 7 young (7168K), 7 survivors (7168K)
 Metaspace       used 87560K, capacity 89987K, committed 90192K, reserved 1126400K
  class space    used 11622K, capacity 12473K, committed 12492K, reserved 1048576K
}
Event: 215.852 GC heap before
{Heap before GC invocations=75 (full 0):
 garbage-first heap   total 256000K, used 199585K [0x0000000080000000, 0x0000000100000000)
  region size 1024K, 52 young (53248K), 7 survivors (7168K)
 Metaspace       used 87728K, capacity 90216K, committed 90576K, reserved 1128448K
  class space    used 11642K, capacity 12505K, committed 12620K, reserved 1048576K
}
Event: 215.868 GC heap after
{Heap after GC invocations=76 (full 0):
 garbage-first heap   total 256000K, used 162434K [0x0000000080000000, 0x0000000100000000)
  region size 1024K, 7 young (7168K), 7 survivors (7168K)
 Metaspace       used 87728K, capacity 90216K, committed 90576K, reserved 1128448K
  class space    used 11642K, capacity 12505K, committed 12620K, reserved 1048576K
}
Event: 217.342 GC heap before
{Heap before GC invocations=77 (full 0):
 garbage-first heap   total 301056K, used 201346K [0x0000000080000000, 0x0000000100000000)
  region size 1024K, 46 young (47104K), 7 survivors (7168K)
 Metaspace       used 92468K, capacity 95403K, committed 95568K, reserved 1130496K
  class space    used 12542K, capacity 13668K, committed 13772K, reserved 1048576K
}
Event: 217.371 GC heap after
{Heap after GC invocations=78 (full 0):
 garbage-first heap   total 361472K, used 167594K [0x0000000080000000, 0x0000000100000000)
  region size 1024K, 5 young (5120K), 5 survivors (5120K)
 Metaspace       used 92468K, capacity 95403K, committed 95568K, reserved 1130496K
  class space    used 12542K, capacity 13668K, committed 13772K, reserved 1048576K
}
Event: 218.784 GC heap before
{Heap before GC invocations=78 (full 0):
 garbage-first heap   total 361472K, used 239274K [0x0000000080000000, 0x0000000100000000)
  region size 1024K, 75 young (76800K), 5 survivors (5120K)
 Metaspace       used 94075K, capacity 96981K, committed 97232K, reserved 1132544K
  class space    used 12702K, capacity 13838K, committed 13900K, reserved 1048576K
}
Event: 218.802 GC heap after
{Heap after GC invocations=79 (full 0):
 garbage-first heap   total 361472K, used 171450K [0x0000000080000000, 0x0000000100000000)
  region size 1024K, 9 young (9216K), 9 survivors (9216K)
 Metaspace       used 94075K, capacity 96981K, committed 97232K, reserved 1132544K
  class space    used 12702K, capacity 13838K, committed 13900K, reserved 1048576K
}

Deoptimization events (20 events):
Event: 218.881 Thread 0x0000022e0bde0800 DEOPT PACKING pc=0x0000022e70decdde sp=0x0000009c3c1fa160
Event: 218.881 Thread 0x0000022e0bde0800 DEOPT UNPACKING pc=0x0000022e6f03964e sp=0x0000009c3c1f95d8 mode 0
Event: 218.892 Thread 0x0000022e0bddd000 Uncommon trap: trap_request=0xffffff45 fr.pc=0x0000022e76e74fcc relative=0x000000000000242c
Event: 218.892 Thread 0x0000022e0bddd000 Uncommon trap: reason=unstable_if action=reinterpret pc=0x0000022e76e74fcc method=java.util.TreeMap.put(Ljava/lang/Object;Ljava/lang/Object;)Ljava/lang/Object; @ 163 c2
Event: 218.892 Thread 0x0000022e0bddd000 DEOPT PACKING pc=0x0000022e76e74fcc sp=0x0000009c3c0fa080
Event: 218.892 Thread 0x0000022e0bddd000 DEOPT UNPACKING pc=0x0000022e6f03912f sp=0x0000009c3c0fa040 mode 2
Event: 218.932 Thread 0x0000022e0bddd000 DEOPT PACKING pc=0x0000022e7080824f sp=0x0000009c3c0fa220
Event: 218.932 Thread 0x0000022e0bddd000 DEOPT UNPACKING pc=0x0000022e6f03964e sp=0x0000009c3c0f96b0 mode 0
Event: 218.977 Thread 0x0000022e0bddd000 DEOPT PACKING pc=0x0000022e70decdde sp=0x0000009c3c0fa7f0
Event: 218.977 Thread 0x0000022e0bddd000 DEOPT UNPACKING pc=0x0000022e6f03964e sp=0x0000009c3c0f9c68 mode 0
Event: 219.009 Thread 0x0000022e0bddd000 DEOPT PACKING pc=0x0000022e7080824f sp=0x0000009c3c0f9ee0
Event: 219.009 Thread 0x0000022e0bddd000 DEOPT UNPACKING pc=0x0000022e6f03964e sp=0x0000009c3c0f9370 mode 0
Event: 219.011 Thread 0x0000022e0bde0800 DEOPT PACKING pc=0x0000022e70c5b060 sp=0x0000009c3c1f9860
Event: 219.011 Thread 0x0000022e0bde0800 DEOPT UNPACKING pc=0x0000022e6f03964e sp=0x0000009c3c1f9010 mode 0
Event: 219.060 Thread 0x0000022e0bde2000 DEOPT PACKING pc=0x0000022e70dea119 sp=0x0000009c38afa200
Event: 219.060 Thread 0x0000022e0bde2000 DEOPT UNPACKING pc=0x0000022e6f03964e sp=0x0000009c38af97e8 mode 0
Event: 219.116 Thread 0x0000022e0bde2000 DEOPT PACKING pc=0x0000022e70decdde sp=0x0000009c38afa800
Event: 219.116 Thread 0x0000022e0bde2000 DEOPT UNPACKING pc=0x0000022e6f03964e sp=0x0000009c38af9c78 mode 0
Event: 219.133 Thread 0x0000022e0bde3000 DEOPT PACKING pc=0x0000022e7080824f sp=0x0000009c388f9d80
Event: 219.133 Thread 0x0000022e0bde3000 DEOPT UNPACKING pc=0x0000022e6f03964e sp=0x0000009c388f9210 mode 0

Classes unloaded (20 events):
Event: 216.002 Thread 0x0000022e7fb1b000 Unloading class 0x00000008016d5c40 'com/android/tools/r8/internal/Mi$l$$Lambda$1156'
Event: 216.002 Thread 0x0000022e7fb1b000 Unloading class 0x00000008016d5840 'com/android/tools/r8/internal/Mi$l$$Lambda$1155'
Event: 216.002 Thread 0x0000022e7fb1b000 Unloading class 0x00000008016d6440 'com/android/tools/r8/internal/Mi$l$$Lambda$1154'
Event: 216.002 Thread 0x0000022e7fb1b000 Unloading class 0x00000008016d6040 'com/android/tools/r8/internal/Mi$l$$Lambda$1152'
Event: 216.002 Thread 0x0000022e7fb1b000 Unloading class 0x00000008016d6840 'com/android/tools/r8/internal/Mi$$Lambda$1151'
Event: 216.002 Thread 0x0000022e7fb1b000 Unloading class 0x00000008016d7440 'com/android/tools/r8/internal/Mi$$Lambda$1147'
Event: 216.002 Thread 0x0000022e7fb1b000 Unloading class 0x00000008016d7040 'com/android/tools/r8/internal/Mi$$Lambda$1149'
Event: 216.002 Thread 0x0000022e7fb1b000 Unloading class 0x00000008016d7c40 'com/android/tools/r8/internal/Mi$$Lambda$1148'
Event: 216.002 Thread 0x0000022e7fb1b000 Unloading class 0x00000008016d0440 'com/android/tools/r8/internal/Sm$b$$Lambda$1143'
Event: 216.002 Thread 0x0000022e7fb1b000 Unloading class 0x00000008016d0040 'com/android/tools/r8/internal/Sm$b$$Lambda$1145'
Event: 216.002 Thread 0x0000022e7fb1b000 Unloading class 0x000000080153f840 'com/android/tools/r8/internal/Sm$b$$Lambda$1144'
Event: 216.002 Thread 0x0000022e7fb1b000 Unloading class 0x000000080153f440 'com/android/tools/r8/internal/Sm$b$$Lambda$1142'
Event: 216.002 Thread 0x0000022e7fb1b000 Unloading class 0x000000080153f040 'java/util/stream/IntPipeline$$Lambda$1139'
Event: 216.002 Thread 0x0000022e7fb1b000 Unloading class 0x000000080153ec40 'java/util/stream/IntPipeline$$Lambda$1140'
Event: 216.002 Thread 0x0000022e7fb1b000 Unloading class 0x000000080153e840 'java/util/stream/IntPipeline$$Lambda$1137'
Event: 216.002 Thread 0x0000022e7fb1b000 Unloading class 0x000000080153e440 'java/util/stream/IntPipeline$$Lambda$1141'
Event: 216.002 Thread 0x0000022e7fb1b000 Unloading class 0x000000080153d440 'com/android/tools/r8/graph/T$$Lambda$1136'
Event: 216.002 Thread 0x0000022e7fb1b000 Unloading class 0x000000080153d040 'com/android/tools/r8/graph/T$$Lambda$1133'
Event: 216.002 Thread 0x0000022e7fb1b000 Unloading class 0x000000080153cc40 'com/android/tools/r8/graph/T$$Lambda$1132'
Event: 216.002 Thread 0x0000022e7fb1b000 Unloading class 0x0000000801590440 'com/android/tools/r8/graph/T$$Lambda$1135'

Classes redefined (0 events):
No events

Internal exceptions (20 events):
Event: 216.310 Thread 0x0000022e0bde3000 Exception <a 'java/lang/NoSuchMethodError'{0x000000009206a240}: 'java.lang.Object java.lang.invoke.Invokers$Holder.linkToTargetMethod(java.lang.Object, java.lang.Object, java.lang.Object, java.lang.Object, java.lang.Object, java.lang.Object, java.lang.Object)'> (0x000000009206a240) 
thrown [t:/workspace/open/src/hotspot/share/interpreter/linkResolver.cpp, line 767]
Event: 216.310 Thread 0x0000022e0bde2000 Exception <a 'java/lang/NoSuchMethodError'{0x00000000921ef3f8}: 'java.lang.Object java.lang.invoke.Invokers$Holder.linkToTargetMethod(java.lang.Object, java.lang.Object, java.lang.Object, java.lang.Object, java.lang.Object, java.lang.Object, java.lang.Object)'> (0x00000000921ef3f8) 
thrown [t:/workspace/open/src/hotspot/share/interpreter/linkResolver.cpp, line 767]
Event: 216.310 Thread 0x0000022e0bde5800 Exception <a 'java/lang/NoSuchMethodError'{0x00000000921dc970}: 'java.lang.Object java.lang.invoke.Invokers$Holder.linkToTargetMethod(java.lang.Object, java.lang.Object, java.lang.Object, java.lang.Object, java.lang.Object, java.lang.Object, java.lang.Object)'> (0x00000000921dc970) 
thrown [t:/workspace/open/src/hotspot/share/interpreter/linkResolver.cpp, line 767]
Event: 216.322 Thread 0x0000022e0bde2000 Exception <a 'java/lang/NoSuchMethodError'{0x0000000091f0f508}: 'int java.lang.invoke.DirectMethodHandle$Holder.invokeSpecial(java.lang.Object, java.lang.Object, java.lang.Object, java.lang.Object, java.lang.Object)'> (0x0000000091f0f508) 
thrown [t:/workspace/open/src/hotspot/share/interpreter/linkResolver.cpp, line 767]
Event: 216.322 Thread 0x0000022e0bde3000 Exception <a 'java/lang/NoSuchMethodError'{0x0000000092078c70}: 'int java.lang.invoke.DirectMethodHandle$Holder.invokeSpecial(java.lang.Object, java.lang.Object, java.lang.Object, java.lang.Object, java.lang.Object)'> (0x0000000092078c70) 
thrown [t:/workspace/open/src/hotspot/share/interpreter/linkResolver.cpp, line 767]
Event: 216.322 Thread 0x0000022e0bddd000 Exception <a 'java/lang/NoSuchMethodError'{0x00000000920d00c0}: 'int java.lang.invoke.DirectMethodHandle$Holder.invokeSpecial(java.lang.Object, java.lang.Object, java.lang.Object, java.lang.Object, java.lang.Object)'> (0x00000000920d00c0) 
thrown [t:/workspace/open/src/hotspot/share/interpreter/linkResolver.cpp, line 767]
Event: 216.322 Thread 0x0000022e0bde1800 Exception <a 'java/lang/NoSuchMethodError'{0x0000000091f552a0}: 'int java.lang.invoke.DirectMethodHandle$Holder.invokeSpecial(java.lang.Object, java.lang.Object, java.lang.Object, java.lang.Object, java.lang.Object)'> (0x0000000091f552a0) 
thrown [t:/workspace/open/src/hotspot/share/interpreter/linkResolver.cpp, line 767]
Event: 216.322 Thread 0x0000022e0bde5800 Exception <a 'java/lang/NoSuchMethodError'{0x0000000091fb7640}: 'int java.lang.invoke.DirectMethodHandle$Holder.invokeSpecial(java.lang.Object, java.lang.Object, java.lang.Object, java.lang.Object, java.lang.Object)'> (0x0000000091fb7640) 
thrown [t:/workspace/open/src/hotspot/share/interpreter/linkResolver.cpp, line 767]
Event: 216.402 Thread 0x0000022e0bde0800 Exception <a 'java/lang/NoSuchMethodError'{0x0000000091e4ede8}: 'java.lang.Object java.lang.invoke.DirectMethodHandle$Holder.invokeVirtual(java.lang.Object, java.lang.Object, int, java.lang.Object)'> (0x0000000091e4ede8) 
thrown [t:/workspace/open/src/hotspot/share/interpreter/linkResolver.cpp, line 767]
Event: 216.402 Thread 0x0000022e0bde1800 Exception <a 'java/lang/NoSuchMethodError'{0x0000000091ccd788}: 'java.lang.Object java.lang.invoke.DirectMethodHandle$Holder.invokeVirtual(java.lang.Object, java.lang.Object, int, java.lang.Object)'> (0x0000000091ccd788) 
thrown [t:/workspace/open/src/hotspot/share/interpreter/linkResolver.cpp, line 767]
Event: 216.402 Thread 0x0000022e0bde5800 Exception <a 'java/lang/NoSuchMethodError'{0x0000000091d24578}: 'java.lang.Object java.lang.invoke.DirectMethodHandle$Holder.invokeVirtual(java.lang.Object, java.lang.Object, int, java.lang.Object)'> (0x0000000091d24578) 
thrown [t:/workspace/open/src/hotspot/share/interpreter/linkResolver.cpp, line 767]
Event: 216.402 Thread 0x0000022e0bde2000 Exception <a 'java/lang/NoSuchMethodError'{0x0000000091e13490}: 'java.lang.Object java.lang.invoke.DirectMethodHandle$Holder.invokeVirtual(java.lang.Object, java.lang.Object, int, java.lang.Object)'> (0x0000000091e13490) 
thrown [t:/workspace/open/src/hotspot/share/interpreter/linkResolver.cpp, line 767]
Event: 216.402 Thread 0x0000022e0bddd000 Exception <a 'java/lang/NoSuchMethodError'{0x0000000091cded60}: 'java.lang.Object java.lang.invoke.DirectMethodHandle$Holder.invokeVirtual(java.lang.Object, java.lang.Object, int, java.lang.Object)'> (0x0000000091cded60) 
thrown [t:/workspace/open/src/hotspot/share/interpreter/linkResolver.cpp, line 767]
Event: 216.402 Thread 0x0000022e0bde3000 Exception <a 'java/lang/NoSuchMethodError'{0x0000000091d3e598}: 'java.lang.Object java.lang.invoke.DirectMethodHandle$Holder.invokeVirtual(java.lang.Object, java.lang.Object, int, java.lang.Object)'> (0x0000000091d3e598) 
thrown [t:/workspace/open/src/hotspot/share/interpreter/linkResolver.cpp, line 767]
Event: 216.625 Thread 0x0000022e0bde3000 Exception <a 'java/lang/NoSuchMethodError'{0x0000000091bc88e0}: 'void java.lang.invoke.DirectMethodHandle$Holder.invokeVirtual(java.lang.Object, java.lang.Object, int, java.lang.Object)'> (0x0000000091bc88e0) 
thrown [t:/workspace/open/src/hotspot/share/interpreter/linkResolver.cpp, line 767]
Event: 216.625 Thread 0x0000022e0bde2000 Exception <a 'java/lang/NoSuchMethodError'{0x0000000091abefe8}: 'void java.lang.invoke.DirectMethodHandle$Holder.invokeVirtual(java.lang.Object, java.lang.Object, int, java.lang.Object)'> (0x0000000091abefe8) 
thrown [t:/workspace/open/src/hotspot/share/interpreter/linkResolver.cpp, line 767]
Event: 216.625 Thread 0x0000022e0bde5800 Exception <a 'java/lang/NoSuchMethodError'{0x0000000091948fc8}: 'void java.lang.invoke.DirectMethodHandle$Holder.invokeVirtual(java.lang.Object, java.lang.Object, int, java.lang.Object)'> (0x0000000091948fc8) 
thrown [t:/workspace/open/src/hotspot/share/interpreter/linkResolver.cpp, line 767]
Event: 217.208 Thread 0x0000022e0bde3000 Exception <a 'java/lang/NoSuchMethodError'{0x00000000915a23f8}: 'int java.lang.invoke.DirectMethodHandle$Holder.invokeSpecial(java.lang.Object, java.lang.Object, java.lang.Object, int, java.lang.Object)'> (0x00000000915a23f8) 
thrown [t:/workspace/open/src/hotspot/share/interpreter/linkResolver.cpp, line 767]
Event: 217.373 Thread 0x0000022e0bddd000 Implicit null exception at 0x0000022e76d34935 to 0x0000022e76d37e8a
Event: 217.517 Thread 0x0000022e0bde5800 Exception <a 'java/lang/NoSuchMethodError'{0x000000009598c5c8}: 'java.lang.Object java.lang.invoke.DirectMethodHandle$Holder.invokeInterface(java.lang.Object, java.lang.Object, int)'> (0x000000009598c5c8) 
thrown [t:/workspace/open/src/hotspot/share/interpreter/linkResolver.cpp, line 767]

Events (20 events):
Event: 219.130 loading class com/android/tools/r8/internal/f2
Event: 219.130 loading class com/android/tools/r8/internal/f2 done
Event: 219.130 Executing VM operation: RevokeBias
Event: 219.132 Executing VM operation: RevokeBias done
Event: 219.132 loading class com/android/tools/r8/internal/c2
Event: 219.132 loading class com/android/tools/r8/internal/c2 done
Event: 219.133 loading class com/android/tools/r8/internal/F5
Event: 219.133 loading class com/android/tools/r8/internal/F5 done
Event: 219.134 loading class com/android/tools/r8/internal/z5
Event: 219.134 loading class com/android/tools/r8/internal/z5 done
Event: 219.134 loading class com/android/tools/r8/internal/u5
Event: 219.134 loading class com/android/tools/r8/internal/u5 done
Event: 219.135 loading class com/android/tools/r8/internal/y5
Event: 219.135 loading class com/android/tools/r8/internal/y5 done
Event: 219.135 loading class com/android/tools/r8/internal/E5
Event: 219.135 loading class com/android/tools/r8/internal/E5 done
Event: 219.136 loading class com/android/tools/r8/internal/A5
Event: 219.136 loading class com/android/tools/r8/internal/A5 done
Event: 219.137 loading class com/android/tools/r8/internal/v5
Event: 219.137 loading class com/android/tools/r8/internal/v5 done


Dynamic libraries:
0x00007ff6601f0000 - 0x00007ff6601ff000 	C:\Program Files\Java\jdk-13.0.1\bin\java.exe
0x00007ffbbd4b0000 - 0x00007ffbbd6a5000 	C:\WINDOWS\SYSTEM32\ntdll.dll
0x00007ffbbd000000 - 0x00007ffbbd0bd000 	C:\WINDOWS\System32\KERNEL32.DLL
0x00007ffbbaf00000 - 0x00007ffbbb1c9000 	C:\WINDOWS\System32\KERNELBASE.dll
0x00007ffbb7fa0000 - 0x00007ffbb8030000 	C:\WINDOWS\SYSTEM32\apphelp.dll
0x00007ffbbae00000 - 0x00007ffbbaf00000 	C:\WINDOWS\System32\ucrtbase.dll
0x00007ffba2b80000 - 0x00007ffba2b98000 	C:\Program Files\Java\jdk-13.0.1\bin\jli.dll
0x00007ffba2810000 - 0x00007ffba2825000 	C:\Program Files\Java\jdk-13.0.1\bin\VCRUNTIME140.dll
0x00007ffbbd290000 - 0x00007ffbbd33c000 	C:\WINDOWS\System32\ADVAPI32.dll
0x00007ffbbc450000 - 0x00007ffbbc4ee000 	C:\WINDOWS\System32\msvcrt.dll
0x00007ffbbcb20000 - 0x00007ffbbcbbb000 	C:\WINDOWS\System32\sechost.dll
0x00007ffbbced0000 - 0x00007ffbbcffa000 	C:\WINDOWS\System32\RPCRT4.dll
0x00007ffbbcc30000 - 0x00007ffbbcdd0000 	C:\WINDOWS\System32\USER32.dll
0x00007ffbbac10000 - 0x00007ffbbac32000 	C:\WINDOWS\System32\win32u.dll
0x00007ffba87a0000 - 0x00007ffba8a3a000 	C:\WINDOWS\WinSxS\amd64_microsoft.windows.common-controls_6595b64144ccf1df_6.0.19041.1110_none_60b5254171f9507e\COMCTL32.dll
0x00007ffbbd3b0000 - 0x00007ffbbd3da000 	C:\WINDOWS\System32\GDI32.dll
0x00007ffbbacf0000 - 0x00007ffbbadfb000 	C:\WINDOWS\System32\gdi32full.dll
0x00007ffbbb440000 - 0x00007ffbbb4dd000 	C:\WINDOWS\System32\msvcp_win.dll
0x00007ffbb2fa0000 - 0x00007ffbb2faa000 	C:\WINDOWS\SYSTEM32\VERSION.dll
0x00007ffbbb4e0000 - 0x00007ffbbb510000 	C:\WINDOWS\System32\IMM32.DLL
0x00007ffb9a7d0000 - 0x00007ffb9a86b000 	C:\Program Files\Java\jdk-13.0.1\bin\msvcp140.dll
0x00007ffb6e3b0000 - 0x00007ffb6ef16000 	C:\Program Files\Java\jdk-13.0.1\bin\server\jvm.dll
0x00007ffbbce60000 - 0x00007ffbbce68000 	C:\WINDOWS\System32\PSAPI.DLL
0x00007ffba3d70000 - 0x00007ffba3d97000 	C:\WINDOWS\SYSTEM32\WINMM.dll
0x00007ffba8bc0000 - 0x00007ffba8bc9000 	C:\WINDOWS\SYSTEM32\WSOCK32.dll
0x00007ffbbd340000 - 0x00007ffbbd3ab000 	C:\WINDOWS\System32\WS2_32.dll
0x00007ffbb9430000 - 0x00007ffbb9442000 	C:\WINDOWS\SYSTEM32\kernel.appcore.dll
0x00007ffba78f0000 - 0x00007ffba7900000 	C:\Program Files\Java\jdk-13.0.1\bin\verify.dll
0x00007ffbb89a0000 - 0x00007ffbb8b84000 	C:\WINDOWS\SYSTEM32\DBGHELP.DLL
0x00007ffba4680000 - 0x00007ffba46ac000 	C:\WINDOWS\SYSTEM32\dbgcore.DLL
0x00007ffbbb380000 - 0x00007ffbbb403000 	C:\WINDOWS\System32\bcryptPrimitives.dll
0x00007ffb9a9d0000 - 0x00007ffb9a9f6000 	C:\Program Files\Java\jdk-13.0.1\bin\java.dll
0x00007ffb9a7b0000 - 0x00007ffb9a7c7000 	C:\Program Files\Java\jdk-13.0.1\bin\zip.dll
0x00007ffba2b70000 - 0x00007ffba2b7a000 	C:\Program Files\Java\jdk-13.0.1\bin\jimage.dll
0x00007ffbbbc20000 - 0x00007ffbbc35f000 	C:\WINDOWS\System32\SHELL32.dll
0x00007ffbb8ca0000 - 0x00007ffbb9430000 	C:\WINDOWS\SYSTEM32\windows.storage.dll
0x00007ffbbb640000 - 0x00007ffbbb995000 	C:\WINDOWS\System32\combase.dll
0x00007ffbba540000 - 0x00007ffbba56c000 	C:\WINDOWS\SYSTEM32\Wldp.dll
0x00007ffbbba50000 - 0x00007ffbbbafe000 	C:\WINDOWS\System32\SHCORE.dll
0x00007ffbbce70000 - 0x00007ffbbcec5000 	C:\WINDOWS\System32\shlwapi.dll
0x00007ffbbaaf0000 - 0x00007ffbbab0f000 	C:\WINDOWS\SYSTEM32\profapi.dll
0x00007ffb9a790000 - 0x00007ffb9a7a9000 	C:\Program Files\Java\jdk-13.0.1\bin\net.dll
0x00007ffbb1240000 - 0x00007ffbb1348000 	C:\WINDOWS\SYSTEM32\WINHTTP.dll
0x00007ffbba2a0000 - 0x00007ffbba30a000 	C:\WINDOWS\system32\mswsock.dll
0x00007ffb92a90000 - 0x00007ffb92aa3000 	C:\Program Files\Java\jdk-13.0.1\bin\nio.dll
0x00007ffb9c790000 - 0x00007ffb9c7b7000 	C:\Users\koome\.gradle\native\8bec1ad78214c89d9ad589b4d07fe93259594b29d510b10fafb7a158f7737e5d\windows-amd64\native-platform.dll
0x00007ffb84550000 - 0x00007ffb8468d000 	C:\Users\koome\.gradle\native\53dbd7edfb1c66fb8903c78663c9afc45aea4f116125fa6feffd364cf09443e8\windows-amd64\native-platform-file-events.dll
0x00007ffb9a9c0000 - 0x00007ffb9a9c9000 	C:\Program Files\Java\jdk-13.0.1\bin\management.dll
0x00007ffb97580000 - 0x00007ffb9758b000 	C:\Program Files\Java\jdk-13.0.1\bin\management_ext.dll
0x00007ffbba490000 - 0x00007ffbba4a8000 	C:\WINDOWS\SYSTEM32\CRYPTSP.dll
0x00007ffbb9c20000 - 0x00007ffbb9c54000 	C:\WINDOWS\system32\rsaenh.dll
0x00007ffbbb410000 - 0x00007ffbbb437000 	C:\WINDOWS\System32\bcrypt.dll
0x00007ffbbaa20000 - 0x00007ffbbaa4e000 	C:\WINDOWS\SYSTEM32\USERENV.dll
0x00007ffbba4b0000 - 0x00007ffbba4bc000 	C:\WINDOWS\SYSTEM32\CRYPTBASE.dll
0x00007ffbb9f90000 - 0x00007ffbb9fcb000 	C:\WINDOWS\SYSTEM32\IPHLPAPI.DLL
0x00007ffbbcc20000 - 0x00007ffbbcc28000 	C:\WINDOWS\System32\NSI.dll
0x00007ffbb2590000 - 0x00007ffbb25a7000 	C:\WINDOWS\SYSTEM32\dhcpcsvc6.DLL
0x00007ffbb2e70000 - 0x00007ffbb2e8d000 	C:\WINDOWS\SYSTEM32\dhcpcsvc.DLL
0x00007ffbb9fd0000 - 0x00007ffbba09c000 	C:\WINDOWS\SYSTEM32\DNSAPI.dll

dbghelp: loaded successfully - version: 4.0.5 - missing functions: none
symbol engine: initialized successfully - sym options: 0x614 - pdb path: .;C:\Program Files\Java\jdk-13.0.1\bin;C:\WINDOWS\SYSTEM32;C:\WINDOWS\WinSxS\amd64_microsoft.windows.common-controls_6595b64144ccf1df_6.0.19041.1110_none_60b5254171f9507e;C:\Program Files\Java\jdk-13.0.1\bin\server;C:\Users\koome\.gradle\native\8bec1ad78214c89d9ad589b4d07fe93259594b29d510b10fafb7a158f7737e5d\windows-amd64;C:\Users\koome\.gradle\native\53dbd7edfb1c66fb8903c78663c9afc45aea4f116125fa6feffd364cf09443e8\windows-amd64

VM Arguments:
jvm_args: --add-opens=java.base/java.util=ALL-UNNAMED --add-opens=java.base/java.lang=ALL-UNNAMED --add-opens=java.base/java.lang.invoke=ALL-UNNAMED --add-opens=java.base/java.util=ALL-UNNAMED --add-opens=java.prefs/java.util.prefs=ALL-UNNAMED --add-opens=java.prefs/java.util.prefs=ALL-UNNAMED --add-opens=java.base/java.nio.charset=ALL-UNNAMED --add-opens=java.base/java.net=ALL-UNNAMED --add-opens=java.base/java.util.concurrent.atomic=ALL-UNNAMED -Xmx2048m -Dfile.encoding=UTF-8 -Duser.country=US -Duser.language=en -Duser.variant 
java_command: org.gradle.launcher.daemon.bootstrap.GradleDaemon 7.0.2
java_class_path (initial): C:\Users\koome\.gradle\wrapper\dists\gradle-7.0.2-bin\857tjihv64xamwrf0h14cai3r\gradle-7.0.2\lib\gradle-launcher-7.0.2.jar
Launcher Type: SUN_STANDARD

[Global flags]
     intx CICompilerCount                          = 4                                         {product} {ergonomic}
     uint ConcGCThreads                            = 2                                         {product} {ergonomic}
     uint G1ConcRefinementThreads                  = 8                                         {product} {ergonomic}
   size_t G1HeapRegionSize                         = 1048576                                   {product} {ergonomic}
    uintx GCDrainStackTargetSize                   = 64                                        {product} {ergonomic}
   size_t InitialHeapSize                          = 134217728                                 {product} {ergonomic}
   size_t MarkStackSize                            = 4194304                                   {product} {ergonomic}
   size_t MaxHeapSize                              = 2147483648                                {product} {command line}
   size_t MaxNewSize                               = 1287651328                                {product} {ergonomic}
   size_t MinHeapDeltaBytes                        = 1048576                                   {product} {ergonomic}
   size_t MinHeapSize                              = 8388608                                   {product} {ergonomic}
    uintx NonNMethodCodeHeapSize                   = 5836300                                {pd product} {ergonomic}
    uintx NonProfiledCodeHeapSize                  = 122910970                              {pd product} {ergonomic}
    uintx ProfiledCodeHeapSize                     = 122910970                              {pd product} {ergonomic}
    uintx ReservedCodeCacheSize                    = 251658240                              {pd product} {ergonomic}
     bool SegmentedCodeCache                       = true                                      {product} {ergonomic}
   size_t SoftMaxHeapSize                          = 2147483648                             {manageable} {ergonomic}
     bool UseCompressedClassPointers               = true                                 {lp64_product} {ergonomic}
     bool UseCompressedOops                        = true                                 {lp64_product} {ergonomic}
     bool UseG1GC                                  = true                                      {product} {ergonomic}
     bool UseLargePagesIndividualAllocation        = false                                  {pd product} {ergonomic}

Logging:
Log output configuration:
 #0: stdout all=warning uptime,level,tags
 #1: stderr all=off uptime,level,tags

Environment Variables:
JAVA_HOME=C:\Program Files\Java\jdk-12.0.1
PATH=C:\Python39\Scripts\;C:\Python39\;C:\Program Files\MySQL\MySQL Server 8.0\bin;C:\Program Files (x86)\Intel\Intel(R) Management Engine Components\iCLS\;C:\Program Files\Intel\Intel(R) Management Engine Components\iCLS\;C:\WINDOWS\system32;C:\WINDOWS;C:\WINDOWS\System32\Wbem;C:\WINDOWS\System32\WindowsPowerShell\v1.0\;C:\WINDOWS\System32\OpenSSH\;C:\Program Files (x86)\Intel\Intel(R) Management Engine Components\DAL;C:\Program Files\Intel\Intel(R) Management Engine Components\DAL;C:\MinGW\bin;C:\Program Files\Java\jdk-12.0.1\bin;C:\Program Files\Java\jdk-12.0.1;C:\JAVAFX\javafx-sdk-13.0.1\lib;C:\JAVAFX\jdk-13.0.1\bin;C:\Program Files\Java\jdk-12.0.1\bin;C:\cygwin64\bin;C:\Program Files (x86)\QuickTime\QTSystem\;C:\Program Files\Git\cmd;C:\ProgramData\ComposerSetup\bin;C:\Users\koome\AppData\Roaming\Composer\vendor\bin;C:\Program Files\nodejs\;C:\ProgramData\chocolatey\bin;C:\Program Files\kotlinc\bin;C:\Program Files\MongoDB\Server\5.0\bin;C:\Users\koome\AppData\Local\Programs\AdoptOpenJDK\bin;C:\Program Files\MySQL\MySQL Shell 8.0\bin\;C:\Users\koome\AppData\Local\Microsoft\WindowsApps;C:\Users\koome\AppData\Local\Programs\Microsoft VS Code\bin;C:\flutter\bin;C:\xampp\php;C:\Users\koome\AppData\Roaming\Composer\vendor\bin;C:\Users\koome\AppData\Roaming\npm;C:\Users\koome\AppData\Local\GitHubDesktop\bin;C:\adb;
USERNAME=koome
OS=Windows_NT
PROCESSOR_IDENTIFIER=Intel64 Family 6 Model 142 Stepping 10, GenuineIntel



---------------  S Y S T E M  ---------------

OS: Windows 10 , 64 bit Build 19041 (10.0.19041.1151)

CPU:total 8 (initial active 8) (4 cores per cpu, 2 threads per core) family 6 model 142 stepping 10, cmov, cx8, fxsr, mmx, sse, sse2, sse3, ssse3, sse4.1, sse4.2, popcnt, avx, avx2, aes, clmul, erms, 3dnowpref, lzcnt, ht, tsc, tscinvbit, bmi1, bmi2, adx, fma

Memory: 4k page, system-wide physical 8101M (912M free)
TotalPageFile size 16293M (AvailPageFile size 8M)
current process WorkingSet (physical memory assigned to process): 648M, peak: 651M
current process commit charge ("private bytes"): 785M, peak: 791M

vm_info: Java HotSpot(TM) 64-Bit Server VM (13.0.1+9) for windows-amd64 JRE (13.0.1+9), built on Oct  6 2019 12:37:49 by "mach5one" with unknown MS VC++:1916

END.
