#
# There is insufficient memory for the Java Runtime Environment to continue.
# Native memory allocation (malloc) failed to allocate 1927056 bytes for Chunk::new
# Possible reasons:
#   The system is out of physical RAM or swap space
#   The process is running with CompressedOops enabled, and the Java Heap may be blocking the growth of the native heap
# Possible solutions:
#   Reduce memory load on the system
#   Increase physical memory or swap space
#   Check if swap backing store is full
#   Decrease Java heap size (-Xmx/-Xms)
#   Decrease number of Java threads
#   Decrease Java thread stack sizes (-Xss)
#   Set larger code cache with -XX:ReservedCodeCacheSize=
#   JVM is running with Unscaled Compressed Oops mode in which the Java heap is
#     placed in the first 4GB address space. The Java Heap base address is the
#     maximum limit for the native heap growth. Please use -XX:HeapBaseMinAddress
#     to set the Java Heap base and to place the Java Heap above 4GB virtual address.
# This output file may be truncated or incomplete.
#
#  Out of Memory Error (t:/workspace/open/src/hotspot/share/memory/arena.cpp:196), pid=17504, tid=13456
#
# JRE version: Java(TM) SE Runtime Environment (13.0.1+9) (build 13.0.1+9)
# Java VM: Java HotSpot(TM) 64-Bit Server VM (13.0.1+9, mixed mode, sharing, tiered, compressed oops, g1 gc, windows-amd64)
# No core dump will be written. Minidumps are not enabled by default on client versions of Windows
#

---------------  S U M M A R Y ------------

Command Line: --add-opens=java.base/java.util=ALL-UNNAMED --add-opens=java.base/java.lang=ALL-UNNAMED --add-opens=java.base/java.lang.invoke=ALL-UNNAMED --add-opens=java.base/java.util=ALL-UNNAMED --add-opens=java.prefs/java.util.prefs=ALL-UNNAMED --add-opens=java.prefs/java.util.prefs=ALL-UNNAMED --add-opens=java.base/java.nio.charset=ALL-UNNAMED --add-opens=java.base/java.net=ALL-UNNAMED --add-opens=java.base/java.util.concurrent.atomic=ALL-UNNAMED -Xmx2048m -Dfile.encoding=UTF-8 -Duser.country=US -Duser.language=en -Duser.variant org.gradle.launcher.daemon.bootstrap.GradleDaemon 7.0.2

Host: Intel(R) Core(TM) i5-8250U CPU @ 1.60GHz, 8 cores, 7G,  Windows 10 , 64 bit Build 19041 (10.0.19041.1151)
Time: Thu Aug 19 15:12:26 2021 E. Africa Standard Time elapsed time: 592 seconds (0d 0h 9m 52s)

---------------  T H R E A D  ---------------

Current thread (0x0000022436e80000):  JavaThread "C2 CompilerThread0" daemon [_thread_in_native, id=13456, stack(0x000000bd87800000,0x000000bd87900000)]


Current CompileTask:
C2: 592000 15497 %     4       com.android.tools.r8.internal.T6::a @ 2378 (4191 bytes)

Stack: [0x000000bd87800000,0x000000bd87900000]
Native frames: (J=compiled Java code, j=interpreted, Vv=VM code, C=native code)
V  [jvm.dll+0x626eca]
V  [jvm.dll+0x772c6a]
V  [jvm.dll+0x77441f]
V  [jvm.dll+0x774a23]
V  [jvm.dll+0x24da58]
V  [jvm.dll+0xc3ae7]
V  [jvm.dll+0xc406c]
V  [jvm.dll+0x35de18]
V  [jvm.dll+0x329593]
V  [jvm.dll+0x32896a]
V  [jvm.dll+0x2078c7]
V  [jvm.dll+0x206adf]
V  [jvm.dll+0x18b94c]
V  [jvm.dll+0x2159bd]
V  [jvm.dll+0x213e6b]
V  [jvm.dll+0x738b16]
V  [jvm.dll+0x731c0a]
V  [jvm.dll+0x6260c6]
C  [ucrtbase.dll+0x21bb2]
C  [KERNEL32.DLL+0x17034]
C  [ntdll.dll+0x52651]


---------------  P R O C E S S  ---------------

Threads class SMR info:
_java_thread_list=0x000002243c61b9d0, length=67, elements={
0x0000022417eee800, 0x0000022436e5f000, 0x0000022436e60000, 0x0000022436e7b800,
0x0000022436e7c800, 0x0000022436e80000, 0x0000022436e82000, 0x0000022436e83000,
0x00000224378c2800, 0x00000224378c8800, 0x0000022439077000, 0x0000022439858800,
0x0000022438762000, 0x0000022438b8c000, 0x0000022438f9f800, 0x0000022438091800,
0x0000022438092800, 0x00000224382d3800, 0x00000224382d5000, 0x0000022438de2800,
0x0000022438ddd800, 0x0000022438ddf800, 0x0000022438de0000, 0x0000022438dde800,
0x0000022438de3800, 0x0000022438de4000, 0x0000022438de1000, 0x0000022438de2000,
0x000002243b938000, 0x000002243b93a000, 0x000002243b93e000, 0x000002243b93a800,
0x000002243b93e800, 0x000002243b93c000, 0x000002243b93d000, 0x000002243b939000,
0x000002243b942000, 0x000002243b943800, 0x000002243b944800, 0x000002243b940800,
0x000002243b945000, 0x000002243b93f800, 0x000002243b946000, 0x000002243b941000,
0x000002243b942800, 0x000002243b947000, 0x000002243b1f1000, 0x000002243b1eb800,
0x000002243b1ee000, 0x000002243b1f0800, 0x000002243b1ec800, 0x000002243b1ee800,
0x000002243b1ef800, 0x000002243b1f3000, 0x000002243b1ed000, 0x000002243b1f5800,
0x000002243b1f6000, 0x000002243b1f3800, 0x000002243b1f7800, 0x000002243b1f8800,
0x000002243b1fa000, 0x000002243b1f4800, 0x000002243de16000, 0x000002243de10800,
0x000002243de11800, 0x000002243de18000, 0x000002243de15800
}

Java Threads: ( => current thread )
  0x0000022417eee800 JavaThread "main" [_thread_blocked, id=17208, stack(0x000000bd86d00000,0x000000bd86e00000)]
  0x0000022436e5f000 JavaThread "Reference Handler" daemon [_thread_blocked, id=1824, stack(0x000000bd87400000,0x000000bd87500000)]
  0x0000022436e60000 JavaThread "Finalizer" daemon [_thread_blocked, id=18804, stack(0x000000bd87500000,0x000000bd87600000)]
  0x0000022436e7b800 JavaThread "Signal Dispatcher" daemon [_thread_blocked, id=14172, stack(0x000000bd87600000,0x000000bd87700000)]
  0x0000022436e7c800 JavaThread "Attach Listener" daemon [_thread_blocked, id=14888, stack(0x000000bd87700000,0x000000bd87800000)]
=>0x0000022436e80000 JavaThread "C2 CompilerThread0" daemon [_thread_in_native, id=13456, stack(0x000000bd87800000,0x000000bd87900000)]
  0x0000022436e82000 JavaThread "C1 CompilerThread0" daemon [_thread_in_native, id=9356, stack(0x000000bd87900000,0x000000bd87a00000)]
  0x0000022436e83000 JavaThread "Sweeper thread" daemon [_thread_blocked, id=14260, stack(0x000000bd87a00000,0x000000bd87b00000)]
  0x00000224378c2800 JavaThread "Common-Cleaner" daemon [_thread_blocked, id=14560, stack(0x000000bd87b00000,0x000000bd87c00000)]
  0x00000224378c8800 JavaThread "Service Thread" daemon [_thread_blocked, id=8492, stack(0x000000bd87c00000,0x000000bd87d00000)]
  0x0000022439077000 JavaThread "Daemon health stats" [_thread_blocked, id=4908, stack(0x000000bd88000000,0x000000bd88100000)]
  0x0000022439858800 JavaThread "Incoming local TCP Connector on port 49954" [_thread_in_native, id=19048, stack(0x000000bd88100000,0x000000bd88200000)]
  0x0000022438762000 JavaThread "Daemon periodic checks" [_thread_blocked, id=18984, stack(0x000000bd88200000,0x000000bd88300000)]
  0x0000022438b8c000 JavaThread "Daemon" [_thread_blocked, id=16612, stack(0x000000bd88300000,0x000000bd88400000)]
  0x0000022438f9f800 JavaThread "Handler for socket connection from /127.0.0.1:49954 to /127.0.0.1:49955" [_thread_in_native, id=1696, stack(0x000000bd88400000,0x000000bd88500000)]
  0x0000022438091800 JavaThread "Cancel handler" [_thread_blocked, id=16880, stack(0x000000bd88500000,0x000000bd88600000)]
  0x0000022438092800 JavaThread "Daemon worker" [_thread_blocked, id=1944, stack(0x000000bd88600000,0x000000bd88700000)]
  0x00000224382d3800 JavaThread "Asynchronous log dispatcher for DefaultDaemonConnection: socket connection from /127.0.0.1:49954 to /127.0.0.1:49955" [_thread_blocked, id=17040, stack(0x000000bd88700000,0x000000bd88800000)]
  0x00000224382d5000 JavaThread "Daemon client event forwarder" [_thread_blocked, id=20208, stack(0x000000bd88900000,0x000000bd88a00000)]
  0x0000022438de2800 JavaThread "Cache worker for file hash cache (C:\Users\koome\.gradle\caches\7.0.2\fileHashes)" [_thread_blocked, id=18988, stack(0x000000bd89100000,0x000000bd89200000)]
  0x0000022438ddd800 JavaThread "File lock request listener" [_thread_in_native, id=7308, stack(0x000000bd89200000,0x000000bd89300000)]
  0x0000022438ddf800 JavaThread "Cache worker for journal cache (C:\Users\koome\.gradle\caches\journal-1)" [_thread_blocked, id=19432, stack(0x000000bd89300000,0x000000bd89400000)]
  0x0000022438de0000 JavaThread "Cache worker for file hash cache (C:\Users\koome\AndroidStudioProjects\HealthyBaby\.gradle\7.0.2\fileHashes)" [_thread_blocked, id=18508, stack(0x000000bd89400000,0x000000bd89500000)]
  0x0000022438dde800 JavaThread "File watcher server" daemon [_thread_in_native, id=16860, stack(0x000000bd89500000,0x000000bd89600000)]
  0x0000022438de3800 JavaThread "File watcher consumer" daemon [_thread_blocked, id=14780, stack(0x000000bd89600000,0x000000bd89700000)]
  0x0000022438de4000 JavaThread "Cache worker for checksums cache (C:\Users\koome\AndroidStudioProjects\HealthyBaby\.gradle\checksums)" [_thread_blocked, id=13040, stack(0x000000bd89700000,0x000000bd89800000)]
  0x0000022438de1000 JavaThread "Cache worker for cache directory md-supplier (C:\Users\koome\.gradle\caches\7.0.2\md-supplier)" [_thread_blocked, id=13292, stack(0x000000bd89800000,0x000000bd89900000)]
  0x0000022438de2000 JavaThread "Cache worker for cache directory md-rule (C:\Users\koome\.gradle\caches\7.0.2\md-rule)" [_thread_blocked, id=16404, stack(0x000000bd89a00000,0x000000bd89b00000)]
  0x000002243b938000 JavaThread "Cache worker for execution history cache (C:\Users\koome\.gradle\caches\7.0.2\executionHistory)" [_thread_blocked, id=19440, stack(0x000000bd89c00000,0x000000bd89d00000)]
  0x000002243b93a000 JavaThread "jar transforms" [_thread_blocked, id=19748, stack(0x000000bd89900000,0x000000bd89a00000)]
  0x000002243b93e000 JavaThread "jar transforms Thread 2" [_thread_blocked, id=14232, stack(0x000000bd89b00000,0x000000bd89c00000)]
  0x000002243b93a800 JavaThread "Cache worker for file content cache (C:\Users\koome\.gradle\caches\7.0.2\fileContent)" [_thread_blocked, id=12224, stack(0x000000bd89f00000,0x000000bd8a000000)]
  0x000002243b93e800 JavaThread "Cache worker for dependencies-accessors (C:\Users\koome\AndroidStudioProjects\HealthyBaby\.gradle\7.0.2\dependencies-accessors)" [_thread_blocked, id=17240, stack(0x000000bd89e00000,0x000000bd89f00000)]
  0x000002243b93c000 JavaThread "jar transforms Thread 3" [_thread_blocked, id=3668, stack(0x000000bd86a00000,0x000000bd86b00000)]
  0x000002243b93d000 JavaThread "Cache worker for Build Output Cleanup Cache (C:\Users\koome\AndroidStudioProjects\HealthyBaby\.gradle\buildOutputCleanup)" [_thread_blocked, id=18264, stack(0x000000bd86b00000,0x000000bd86c00000)]
  0x000002243b939000 JavaThread "Build operations" [_thread_blocked, id=10836, stack(0x000000bd8a200000,0x000000bd8a300000)]
  0x000002243b942000 JavaThread "Build operations Thread 2" [_thread_in_vm, id=17112, stack(0x000000bd8a300000,0x000000bd8a400000)]
  0x000002243b943800 JavaThread "Build operations Thread 3" [_thread_blocked, id=8008, stack(0x000000bd8a400000,0x000000bd8a500000)]
  0x000002243b944800 JavaThread "Build operations Thread 4" [_thread_blocked, id=13032, stack(0x000000bd8a500000,0x000000bd8a600000)]
  0x000002243b940800 JavaThread "Build operations Thread 5" [_thread_blocked, id=18020, stack(0x000000bd8a600000,0x000000bd8a700000)]
  0x000002243b945000 JavaThread "Build operations Thread 6" [_thread_blocked, id=19892, stack(0x000000bd8a700000,0x000000bd8a800000)]
  0x000002243b93f800 JavaThread "Build operations Thread 7" [_thread_blocked, id=1364, stack(0x000000bd8a800000,0x000000bd8a900000)]
  0x000002243b946000 JavaThread "Build operations Thread 8" [_thread_blocked, id=2088, stack(0x000000bd8a900000,0x000000bd8aa00000)]
  0x000002243b941000 JavaThread "jar transforms Thread 4" [_thread_blocked, id=15220, stack(0x000000bd86c00000,0x000000bd86d00000)]
  0x000002243b942800 JavaThread "jar transforms Thread 5" [_thread_blocked, id=17188, stack(0x000000bd88800000,0x000000bd88900000)]
  0x000002243b947000 JavaThread "jar transforms Thread 6" [_thread_blocked, id=16776, stack(0x000000bd8aa00000,0x000000bd8ab00000)]
  0x000002243b1f1000 JavaThread "jar transforms Thread 7" [_thread_blocked, id=17636, stack(0x000000bd8ab00000,0x000000bd8ac00000)]
  0x000002243b1eb800 JavaThread "jar transforms Thread 8" [_thread_blocked, id=16128, stack(0x000000bd8ac00000,0x000000bd8ad00000)]
  0x000002243b1ee000 JavaThread "Memory manager" [_thread_blocked, id=19352, stack(0x000000bd8a000000,0x000000bd8a100000)]
  0x000002243b1f0800 JavaThread "build event listener" [_thread_blocked, id=13508, stack(0x000000bd8a100000,0x000000bd8a200000)]
  0x000002243b1ec800 JavaThread "Execution worker for ':'" [_thread_blocked, id=20276, stack(0x000000bd8ad00000,0x000000bd8ae00000)]
  0x000002243b1ee800 JavaThread "Execution worker for ':' Thread 2" [_thread_blocked, id=3932, stack(0x000000bd8ae00000,0x000000bd8af00000)]
  0x000002243b1ef800 JavaThread "Execution worker for ':' Thread 3" [_thread_blocked, id=16648, stack(0x000000bd8af00000,0x000000bd8b000000)]
  0x000002243b1f3000 JavaThread "Execution worker for ':' Thread 4" [_thread_blocked, id=19556, stack(0x000000bd8b000000,0x000000bd8b100000)]
  0x000002243b1ed000 JavaThread "Execution worker for ':' Thread 5" [_thread_blocked, id=7372, stack(0x000000bd8b100000,0x000000bd8b200000)]
  0x000002243b1f5800 JavaThread "Execution worker for ':' Thread 6" [_thread_blocked, id=12204, stack(0x000000bd8b200000,0x000000bd8b300000)]
  0x000002243b1f6000 JavaThread "Execution worker for ':' Thread 7" [_thread_blocked, id=20476, stack(0x000000bd8b300000,0x000000bd8b400000)]
  0x000002243b1f3800 JavaThread "Cache worker for execution history cache (C:\Users\koome\AndroidStudioProjects\HealthyBaby\.gradle\7.0.2\executionHistory)" [_thread_blocked, id=9764, stack(0x000000bd8b400000,0x000000bd8b500000)]
  0x000002243b1f7800 JavaThread "WorkerExecutor Queue Thread 2" [_thread_blocked, id=10456, stack(0x000000bd8b700000,0x000000bd8b800000)]
  0x000002243b1f8800 JavaThread "WorkerExecutor Queue Thread 3" [_thread_blocked, id=8560, stack(0x000000bd8b600000,0x000000bd8b700000)]
  0x000002243b1fa000 JavaThread "WorkerExecutor Queue Thread 5" [_thread_blocked, id=19024, stack(0x000000bd8b900000,0x000000bd8ba00000)]
  0x000002243b1f4800 JavaThread "WorkerExecutor Queue Thread 6" [_thread_blocked, id=12712, stack(0x000000bd8ba00000,0x000000bd8bb00000)]
  0x000002243de16000 JavaThread "WorkerExecutor Queue Thread 7" [_thread_blocked, id=17284, stack(0x000000bd8bb00000,0x000000bd8bc00000)]
  0x000002243de10800 JavaThread "WorkerExecutor Queue Thread 8" [_thread_blocked, id=18968, stack(0x000000bd8bc00000,0x000000bd8bd00000)]
  0x000002243de11800 JavaThread "pool-3-thread-1" [_thread_blocked, id=12852, stack(0x000000bd8bd00000,0x000000bd8be00000)]
  0x000002243de18000 JavaThread "stderr" [_thread_blocked, id=15104, stack(0x000000bd8b500000,0x000000bd8b600000)]
  0x000002243de15800 JavaThread "stdout" [_thread_in_native, id=17956, stack(0x000000bd8b800000,0x000000bd8b900000)]

Other Threads:
  0x0000022436e5d000 VMThread "VM Thread" [stack: 0x000000bd87300000,0x000000bd87400000] [id=4740] _threads_hazard_ptr=0x000002243c61b9d0
  0x00000224378ee000 WatcherThread [stack: 0x000000bd87d00000,0x000000bd87e00000] [id=3604]
  0x0000022417f32800 GCTaskThread "GC Thread#0" [stack: 0x000000bd86e00000,0x000000bd86f00000] [id=12568]
  0x0000022437d20800 GCTaskThread "GC Thread#1" [stack: 0x000000bd87e00000,0x000000bd87f00000] [id=12580]
  0x0000022437d21800 GCTaskThread "GC Thread#2" [stack: 0x000000bd87f00000,0x000000bd88000000] [id=18560]
  0x000002243856c800 GCTaskThread "GC Thread#3" [stack: 0x000000bd88a00000,0x000000bd88b00000] [id=13504]
  0x000002243800f800 GCTaskThread "GC Thread#4" [stack: 0x000000bd88b00000,0x000000bd88c00000] [id=17968]
  0x0000022438b79000 GCTaskThread "GC Thread#5" [stack: 0x000000bd88c00000,0x000000bd88d00000] [id=16480]
  0x0000022438b79800 GCTaskThread "GC Thread#6" [stack: 0x000000bd88d00000,0x000000bd88e00000] [id=16988]
  0x0000022438a39000 GCTaskThread "GC Thread#7" [stack: 0x000000bd88e00000,0x000000bd88f00000] [id=932]
  0x0000022417f45000 ConcurrentGCThread "G1 Main Marker" [stack: 0x000000bd86f00000,0x000000bd87000000] [id=18668]
  0x0000022417f48000 ConcurrentGCThread "G1 Conc#0" [stack: 0x000000bd87000000,0x000000bd87100000] [id=18512]
  0x000002243a1cf800 ConcurrentGCThread "G1 Conc#1" [stack: 0x000000bd89d00000,0x000000bd89e00000] [id=19044]
  0x0000022436ce2800 ConcurrentGCThread "G1 Refine#0" [stack: 0x000000bd87100000,0x000000bd87200000] [id=19944]
  0x0000022437ed2800 ConcurrentGCThread "G1 Refine#1" [stack: 0x000000bd88f00000,0x000000bd89000000] [id=14408]
  0x0000022437c26000 ConcurrentGCThread "G1 Refine#2" [stack: 0x000000bd89000000,0x000000bd89100000] [id=11784]
  0x0000022417fc9800 ConcurrentGCThread "G1 Young RemSet Sampling" [stack: 0x000000bd87200000,0x000000bd87300000] [id=11948]

Threads with active compile tasks:
C2 CompilerThread0   592987 15497 %     4       com.android.tools.r8.internal.T6::a @ 2378 (4191 bytes)
C1 CompilerThread0   592987 15509       3       com.android.tools.r8.internal.T6::a (6044 bytes)

VM state:synchronizing (normal execution)

VM Mutex/Monitor currently owned by a thread:  ([mutex/lock_event])
[0x0000022417eeb8d0] Threads_lock - owner thread: 0x0000022436e5d000
[0x0000022417eeb3c0] Heap_lock - owner thread: 0x000002243b946000

Heap address: 0x0000000080000000, size: 2048 MB, Compressed Oops mode: 32-bit
Narrow klass base: 0x0000000800000000, Narrow klass shift: 3
Compressed class space size: 1073741824 Address: 0x0000000800b40000

Heap:
 garbage-first heap   total 254976K, used 195297K [0x0000000080000000, 0x0000000100000000)
  region size 1024K, 79 young (80896K), 12 survivors (12288K)
 Metaspace       used 93975K, capacity 96671K, committed 96720K, reserved 1132544K
  class space    used 12138K, capacity 13096K, committed 13132K, reserved 1048576K
Heap Regions: E=young(eden), S=young(survivor), O=old, HS=humongous(starts), HC=humongous(continues), CS=collection set, F=free, A=archive, TAMS=top-at-mark-start (previous, next)
|   0|0x0000000080000000, 0x0000000080100000, 0x0000000080100000|100%| O|  |TAMS 0x0000000080100000, 0x0000000080000000| Untracked 
|   1|0x0000000080100000, 0x0000000080200000, 0x0000000080200000|100%| O|  |TAMS 0x0000000080200000, 0x0000000080100000| Untracked 
|   2|0x0000000080200000, 0x0000000080300000, 0x0000000080300000|100%| O|  |TAMS 0x0000000080300000, 0x0000000080200000| Untracked 
|   3|0x0000000080300000, 0x0000000080400000, 0x0000000080400000|100%|HS|  |TAMS 0x0000000080400000, 0x0000000080300000| Complete 
|   4|0x0000000080400000, 0x0000000080500000, 0x0000000080500000|100%|HC|  |TAMS 0x0000000080500000, 0x0000000080400000| Complete 
|   5|0x0000000080500000, 0x0000000080600000, 0x0000000080600000|100%|HC|  |TAMS 0x0000000080600000, 0x0000000080500000| Complete 
|   6|0x0000000080600000, 0x0000000080700000, 0x0000000080700000|100%| O|  |TAMS 0x0000000080700000, 0x0000000080600000| Untracked 
|   7|0x0000000080700000, 0x0000000080800000, 0x0000000080800000|100%| O|  |TAMS 0x0000000080800000, 0x0000000080700000| Untracked 
|   8|0x0000000080800000, 0x0000000080900000, 0x0000000080900000|100%| O|  |TAMS 0x0000000080900000, 0x0000000080800000| Untracked 
|   9|0x0000000080900000, 0x0000000080a00000, 0x0000000080a00000|100%| O|  |TAMS 0x0000000080a00000, 0x0000000080900000| Untracked 
|  10|0x0000000080a00000, 0x0000000080b00000, 0x0000000080b00000|100%| O|  |TAMS 0x0000000080b00000, 0x0000000080a00000| Untracked 
|  11|0x0000000080b00000, 0x0000000080c00000, 0x0000000080c00000|100%| O|  |TAMS 0x0000000080c00000, 0x0000000080b00000| Untracked 
|  12|0x0000000080c00000, 0x0000000080d00000, 0x0000000080d00000|100%| O|  |TAMS 0x0000000080d00000, 0x0000000080c00000| Untracked 
|  13|0x0000000080d00000, 0x0000000080e00000, 0x0000000080e00000|100%| O|  |TAMS 0x0000000080e00000, 0x0000000080d00000| Untracked 
|  14|0x0000000080e00000, 0x0000000080f00000, 0x0000000080f00000|100%| O|  |TAMS 0x0000000080f00000, 0x0000000080e00000| Untracked 
|  15|0x0000000080f00000, 0x0000000080fc4c00, 0x0000000081000000| 76%| O|  |TAMS 0x0000000080fc4c00, 0x0000000080f00000| Untracked 
|  16|0x0000000081000000, 0x0000000081100000, 0x0000000081100000|100%| O|  |TAMS 0x0000000081100000, 0x0000000081000000| Untracked 
|  17|0x0000000081100000, 0x0000000081200000, 0x0000000081200000|100%| O|  |TAMS 0x0000000081200000, 0x0000000081100000| Untracked 
|  18|0x0000000081200000, 0x0000000081300000, 0x0000000081300000|100%| O|  |TAMS 0x0000000081300000, 0x0000000081200000| Untracked 
|  19|0x0000000081300000, 0x0000000081400000, 0x0000000081400000|100%| O|  |TAMS 0x0000000081400000, 0x0000000081300000| Untracked 
|  20|0x0000000081400000, 0x0000000081500000, 0x0000000081500000|100%| O|  |TAMS 0x0000000081500000, 0x0000000081400000| Untracked 
|  21|0x0000000081500000, 0x0000000081600000, 0x0000000081600000|100%| O|  |TAMS 0x0000000081600000, 0x0000000081500000| Untracked 
|  22|0x0000000081600000, 0x0000000081700000, 0x0000000081700000|100%| O|  |TAMS 0x0000000081700000, 0x0000000081600000| Untracked 
|  23|0x0000000081700000, 0x0000000081800000, 0x0000000081800000|100%| O|  |TAMS 0x0000000081800000, 0x0000000081700000| Untracked 
|  24|0x0000000081800000, 0x0000000081900000, 0x0000000081900000|100%|HS|  |TAMS 0x0000000081900000, 0x0000000081800000| Complete 
|  25|0x0000000081900000, 0x0000000081a00000, 0x0000000081a00000|100%|HS|  |TAMS 0x0000000081a00000, 0x0000000081900000| Complete 
|  26|0x0000000081a00000, 0x0000000081b00000, 0x0000000081b00000|100%| O|  |TAMS 0x0000000081b00000, 0x0000000081a00000| Untracked 
|  27|0x0000000081b00000, 0x0000000081c00000, 0x0000000081c00000|100%| O|  |TAMS 0x0000000081c00000, 0x0000000081b00000| Untracked 
|  28|0x0000000081c00000, 0x0000000081d00000, 0x0000000081d00000|100%| O|  |TAMS 0x0000000081d00000, 0x0000000081c00000| Untracked 
|  29|0x0000000081d00000, 0x0000000081e00000, 0x0000000081e00000|100%| O|  |TAMS 0x0000000081e00000, 0x0000000081d00000| Untracked 
|  30|0x0000000081e00000, 0x0000000081f00000, 0x0000000081f00000|100%| O|  |TAMS 0x0000000081f00000, 0x0000000081e00000| Untracked 
|  31|0x0000000081f00000, 0x0000000082000000, 0x0000000082000000|100%| O|  |TAMS 0x0000000082000000, 0x0000000081f00000| Untracked 
|  32|0x0000000082000000, 0x0000000082100000, 0x0000000082100000|100%| O|  |TAMS 0x0000000082100000, 0x0000000082000000| Untracked 
|  33|0x0000000082100000, 0x0000000082200000, 0x0000000082200000|100%| O|  |TAMS 0x0000000082200000, 0x0000000082100000| Untracked 
|  34|0x0000000082200000, 0x0000000082300000, 0x0000000082300000|100%| O|  |TAMS 0x0000000082300000, 0x0000000082200000| Untracked 
|  35|0x0000000082300000, 0x0000000082400000, 0x0000000082400000|100%|HS|  |TAMS 0x0000000082400000, 0x0000000082300000| Complete 
|  36|0x0000000082400000, 0x0000000082500000, 0x0000000082500000|100%| O|  |TAMS 0x0000000082500000, 0x0000000082400000| Untracked 
|  37|0x0000000082500000, 0x0000000082600000, 0x0000000082600000|100%|HS|  |TAMS 0x0000000082600000, 0x0000000082500000| Complete 
|  38|0x0000000082600000, 0x0000000082700000, 0x0000000082700000|100%|HC|  |TAMS 0x0000000082700000, 0x0000000082600000| Complete 
|  39|0x0000000082700000, 0x0000000082800000, 0x0000000082800000|100%|HC|  |TAMS 0x0000000082800000, 0x0000000082700000| Complete 
|  40|0x0000000082800000, 0x0000000082900000, 0x0000000082900000|100%| O|  |TAMS 0x0000000082900000, 0x0000000082800000| Untracked 
|  41|0x0000000082900000, 0x0000000082a00000, 0x0000000082a00000|100%| O|  |TAMS 0x0000000082a00000, 0x0000000082900000| Untracked 
|  42|0x0000000082a00000, 0x0000000082b00000, 0x0000000082b00000|100%|HS|  |TAMS 0x0000000082b00000, 0x0000000082a00000| Complete 
|  43|0x0000000082b00000, 0x0000000082c00000, 0x0000000082c00000|100%|HC|  |TAMS 0x0000000082c00000, 0x0000000082b00000| Complete 
|  44|0x0000000082c00000, 0x0000000082d00000, 0x0000000082d00000|100%| O|  |TAMS 0x0000000082d00000, 0x0000000082c00000| Untracked 
|  45|0x0000000082d00000, 0x0000000082e00000, 0x0000000082e00000|100%| O|  |TAMS 0x0000000082e00000, 0x0000000082d00000| Untracked 
|  46|0x0000000082e00000, 0x0000000082f00000, 0x0000000082f00000|100%| O|  |TAMS 0x0000000082f00000, 0x0000000082e00000| Untracked 
|  47|0x0000000082f00000, 0x0000000083000000, 0x0000000083000000|100%| O|  |TAMS 0x0000000083000000, 0x0000000082f00000| Untracked 
|  48|0x0000000083000000, 0x0000000083100000, 0x0000000083100000|100%| O|  |TAMS 0x0000000083100000, 0x0000000083000000| Untracked 
|  49|0x0000000083100000, 0x0000000083200000, 0x0000000083200000|100%| O|  |TAMS 0x0000000083200000, 0x0000000083100000| Untracked 
|  50|0x0000000083200000, 0x0000000083300000, 0x0000000083300000|100%| O|  |TAMS 0x0000000083300000, 0x0000000083200000| Untracked 
|  51|0x0000000083300000, 0x0000000083400000, 0x0000000083400000|100%| O|  |TAMS 0x0000000083400000, 0x0000000083300000| Untracked 
|  52|0x0000000083400000, 0x0000000083500000, 0x0000000083500000|100%| O|  |TAMS 0x0000000083500000, 0x0000000083400000| Untracked 
|  53|0x0000000083500000, 0x0000000083600000, 0x0000000083600000|100%| O|  |TAMS 0x0000000083600000, 0x0000000083500000| Untracked 
|  54|0x0000000083600000, 0x0000000083700000, 0x0000000083700000|100%| O|  |TAMS 0x0000000083700000, 0x0000000083600000| Untracked 
|  55|0x0000000083700000, 0x0000000083800000, 0x0000000083800000|100%| O|  |TAMS 0x0000000083800000, 0x0000000083700000| Untracked 
|  56|0x0000000083800000, 0x0000000083900000, 0x0000000083900000|100%| O|  |TAMS 0x0000000083900000, 0x0000000083800000| Untracked 
|  57|0x0000000083900000, 0x0000000083a00000, 0x0000000083a00000|100%| O|  |TAMS 0x0000000083a00000, 0x0000000083900000| Untracked 
|  58|0x0000000083a00000, 0x0000000083b00000, 0x0000000083b00000|100%| O|  |TAMS 0x0000000083b00000, 0x0000000083a00000| Untracked 
|  59|0x0000000083b00000, 0x0000000083c00000, 0x0000000083c00000|100%| O|  |TAMS 0x0000000083c00000, 0x0000000083b00000| Untracked 
|  60|0x0000000083c00000, 0x0000000083d00000, 0x0000000083d00000|100%| O|  |TAMS 0x0000000083d00000, 0x0000000083c00000| Untracked 
|  61|0x0000000083d00000, 0x0000000083e00000, 0x0000000083e00000|100%| O|  |TAMS 0x0000000083e00000, 0x0000000083d00000| Untracked 
|  62|0x0000000083e00000, 0x0000000083f00000, 0x0000000083f00000|100%| O|  |TAMS 0x0000000083f00000, 0x0000000083e00000| Untracked 
|  63|0x0000000083f00000, 0x0000000084000000, 0x0000000084000000|100%| O|  |TAMS 0x0000000084000000, 0x0000000083f00000| Untracked 
|  64|0x0000000084000000, 0x0000000084100000, 0x0000000084100000|100%| O|  |TAMS 0x0000000084100000, 0x0000000084000000| Untracked 
|  65|0x0000000084100000, 0x0000000084200000, 0x0000000084200000|100%| O|  |TAMS 0x0000000084200000, 0x0000000084100000| Untracked 
|  66|0x0000000084200000, 0x0000000084300000, 0x0000000084300000|100%| O|  |TAMS 0x0000000084300000, 0x0000000084200000| Untracked 
|  67|0x0000000084300000, 0x0000000084400000, 0x0000000084400000|100%| O|  |TAMS 0x0000000084400000, 0x0000000084300000| Untracked 
|  68|0x0000000084400000, 0x0000000084500000, 0x0000000084500000|100%| O|  |TAMS 0x0000000084500000, 0x0000000084400000| Untracked 
|  69|0x0000000084500000, 0x0000000084600000, 0x0000000084600000|100%| O|  |TAMS 0x0000000084600000, 0x0000000084500000| Untracked 
|  70|0x0000000084600000, 0x0000000084700000, 0x0000000084700000|100%| O|  |TAMS 0x0000000084700000, 0x0000000084600000| Untracked 
|  71|0x0000000084700000, 0x0000000084800000, 0x0000000084800000|100%| O|  |TAMS 0x0000000084800000, 0x0000000084700000| Untracked 
|  72|0x0000000084800000, 0x0000000084900000, 0x0000000084900000|100%| O|  |TAMS 0x0000000084900000, 0x0000000084800000| Untracked 
|  73|0x0000000084900000, 0x0000000084a00000, 0x0000000084a00000|100%| O|  |TAMS 0x0000000084a00000, 0x0000000084900000| Untracked 
|  74|0x0000000084a00000, 0x0000000084b00000, 0x0000000084b00000|100%| O|  |TAMS 0x0000000084b00000, 0x0000000084a00000| Untracked 
|  75|0x0000000084b00000, 0x0000000084c00000, 0x0000000084c00000|100%| O|  |TAMS 0x0000000084c00000, 0x0000000084b00000| Untracked 
|  76|0x0000000084c00000, 0x0000000084d00000, 0x0000000084d00000|100%| O|  |TAMS 0x0000000084d00000, 0x0000000084c00000| Untracked 
|  77|0x0000000084d00000, 0x0000000084e00000, 0x0000000084e00000|100%| O|  |TAMS 0x0000000084e00000, 0x0000000084d00000| Untracked 
|  78|0x0000000084e00000, 0x0000000084f00000, 0x0000000084f00000|100%| O|  |TAMS 0x0000000084e00000, 0x0000000084e00000| Untracked 
|  79|0x0000000084f00000, 0x0000000085000000, 0x0000000085000000|100%| O|  |TAMS 0x0000000085000000, 0x0000000084f00000| Untracked 
|  80|0x0000000085000000, 0x0000000085100000, 0x0000000085100000|100%| O|  |TAMS 0x0000000085000000, 0x0000000085000000| Untracked 
|  81|0x0000000085100000, 0x0000000085200000, 0x0000000085200000|100%| O|  |TAMS 0x0000000085100000, 0x0000000085100000| Untracked 
|  82|0x0000000085200000, 0x0000000085300000, 0x0000000085300000|100%| O|  |TAMS 0x0000000085200000, 0x0000000085200000| Untracked 
|  83|0x0000000085300000, 0x0000000085400000, 0x0000000085400000|100%| O|  |TAMS 0x0000000085300000, 0x0000000085300000| Untracked 
|  84|0x0000000085400000, 0x0000000085500000, 0x0000000085500000|100%| O|  |TAMS 0x0000000085400000, 0x0000000085400000| Untracked 
|  85|0x0000000085500000, 0x0000000085600000, 0x0000000085600000|100%| O|  |TAMS 0x0000000085500000, 0x0000000085500000| Untracked 
|  86|0x0000000085600000, 0x0000000085700000, 0x0000000085700000|100%| O|  |TAMS 0x0000000085600000, 0x0000000085600000| Untracked 
|  87|0x0000000085700000, 0x0000000085800000, 0x0000000085800000|100%| O|  |TAMS 0x0000000085700000, 0x0000000085700000| Untracked 
|  88|0x0000000085800000, 0x0000000085900000, 0x0000000085900000|100%| O|  |TAMS 0x0000000085800000, 0x0000000085800000| Untracked 
|  89|0x0000000085900000, 0x0000000085a00000, 0x0000000085a00000|100%| O|  |TAMS 0x0000000085900000, 0x0000000085900000| Untracked 
|  90|0x0000000085a00000, 0x0000000085b00000, 0x0000000085b00000|100%| O|  |TAMS 0x0000000085a00000, 0x0000000085a00000| Untracked 
|  91|0x0000000085b00000, 0x0000000085c00000, 0x0000000085c00000|100%| O|  |TAMS 0x0000000085b00000, 0x0000000085b00000| Untracked 
|  92|0x0000000085c00000, 0x0000000085d00000, 0x0000000085d00000|100%| O|  |TAMS 0x0000000085c00000, 0x0000000085c00000| Untracked 
|  93|0x0000000085d00000, 0x0000000085e00000, 0x0000000085e00000|100%| O|  |TAMS 0x0000000085d00000, 0x0000000085d00000| Untracked 
|  94|0x0000000085e00000, 0x0000000085f00000, 0x0000000085f00000|100%| O|  |TAMS 0x0000000085e00000, 0x0000000085e00000| Untracked 
|  95|0x0000000085f00000, 0x0000000086000000, 0x0000000086000000|100%| O|  |TAMS 0x0000000085f00000, 0x0000000085f00000| Untracked 
|  96|0x0000000086000000, 0x0000000086100000, 0x0000000086100000|100%| O|  |TAMS 0x0000000086000000, 0x0000000086000000| Untracked 
|  97|0x0000000086100000, 0x00000000861f3800, 0x0000000086200000| 95%| O|  |TAMS 0x0000000086100000, 0x0000000086100000| Untracked 
|  98|0x0000000086200000, 0x0000000086300000, 0x0000000086300000|100%| O|  |TAMS 0x0000000086300000, 0x0000000086200000| Untracked 
|  99|0x0000000086300000, 0x0000000086300000, 0x0000000086400000|  0%| F|  |TAMS 0x0000000086300000, 0x0000000086300000| Untracked 
| 100|0x0000000086400000, 0x0000000086400000, 0x0000000086500000|  0%| F|  |TAMS 0x0000000086400000, 0x0000000086400000| Untracked 
| 101|0x0000000086500000, 0x0000000086500000, 0x0000000086600000|  0%| F|  |TAMS 0x0000000086500000, 0x0000000086500000| Untracked 
| 102|0x0000000086600000, 0x0000000086600000, 0x0000000086700000|  0%| F|  |TAMS 0x0000000086600000, 0x0000000086600000| Untracked 
| 103|0x0000000086700000, 0x0000000086700000, 0x0000000086800000|  0%| F|  |TAMS 0x0000000086700000, 0x0000000086700000| Untracked 
| 104|0x0000000086800000, 0x0000000086800000, 0x0000000086900000|  0%| F|  |TAMS 0x0000000086800000, 0x0000000086800000| Untracked 
| 105|0x0000000086900000, 0x0000000086900000, 0x0000000086a00000|  0%| F|  |TAMS 0x0000000086900000, 0x0000000086900000| Untracked 
| 106|0x0000000086a00000, 0x0000000086b00000, 0x0000000086b00000|100%| O|  |TAMS 0x0000000086b00000, 0x0000000086a00000| Untracked 
| 107|0x0000000086b00000, 0x0000000086c00000, 0x0000000086c00000|100%| O|  |TAMS 0x0000000086c00000, 0x0000000086b00000| Untracked 
| 108|0x0000000086c00000, 0x0000000086c00000, 0x0000000086d00000|  0%| F|  |TAMS 0x0000000086c00000, 0x0000000086c00000| Untracked 
| 109|0x0000000086d00000, 0x0000000086d00000, 0x0000000086e00000|  0%| F|  |TAMS 0x0000000086d00000, 0x0000000086d00000| Untracked 
| 110|0x0000000086e00000, 0x0000000086e00000, 0x0000000086f00000|  0%| F|  |TAMS 0x0000000086e00000, 0x0000000086e00000| Untracked 
| 111|0x0000000086f00000, 0x0000000086f00000, 0x0000000087000000|  0%| F|  |TAMS 0x0000000086f00000, 0x0000000086f00000| Untracked 
| 112|0x0000000087000000, 0x0000000087000000, 0x0000000087100000|  0%| F|  |TAMS 0x0000000087000000, 0x0000000087000000| Untracked 
| 113|0x0000000087100000, 0x0000000087200000, 0x0000000087200000|100%| O|  |TAMS 0x0000000087200000, 0x0000000087100000| Untracked 
| 114|0x0000000087200000, 0x0000000087200000, 0x0000000087300000|  0%| F|  |TAMS 0x0000000087200000, 0x0000000087200000| Untracked 
| 115|0x0000000087300000, 0x0000000087300000, 0x0000000087400000|  0%| F|  |TAMS 0x0000000087300000, 0x0000000087300000| Untracked 
| 116|0x0000000087400000, 0x0000000087500000, 0x0000000087500000|100%| O|  |TAMS 0x0000000087500000, 0x0000000087400000| Untracked 
| 117|0x0000000087500000, 0x0000000087600000, 0x0000000087600000|100%| O|  |TAMS 0x0000000087600000, 0x0000000087500000| Untracked 
| 118|0x0000000087600000, 0x0000000087700000, 0x0000000087700000|100%| O|  |TAMS 0x0000000087700000, 0x0000000087600000| Untracked 
| 119|0x0000000087700000, 0x0000000087800000, 0x0000000087800000|100%| O|  |TAMS 0x0000000087800000, 0x0000000087700000| Untracked 
| 120|0x0000000087800000, 0x0000000087900000, 0x0000000087900000|100%| O|  |TAMS 0x0000000087900000, 0x0000000087800000| Untracked 
| 121|0x0000000087900000, 0x0000000087a00000, 0x0000000087a00000|100%| O|  |TAMS 0x00000000879f5a00, 0x0000000087900000| Untracked 
| 122|0x0000000087a00000, 0x0000000087a00000, 0x0000000087b00000|  0%| F|  |TAMS 0x0000000087a00000, 0x0000000087a00000| Untracked 
| 123|0x0000000087b00000, 0x0000000087b00000, 0x0000000087c00000|  0%| F|  |TAMS 0x0000000087b00000, 0x0000000087b00000| Untracked 
| 124|0x0000000087c00000, 0x0000000087d00000, 0x0000000087d00000|100%| O|  |TAMS 0x0000000087c00000, 0x0000000087c00000| Untracked 
| 125|0x0000000087d00000, 0x0000000087e00000, 0x0000000087e00000|100%| O|  |TAMS 0x0000000087d00000, 0x0000000087d00000| Untracked 
| 126|0x0000000087e00000, 0x0000000087f00000, 0x0000000087f00000|100%| O|  |TAMS 0x0000000087e00000, 0x0000000087e00000| Untracked 
| 127|0x0000000087f00000, 0x0000000087f00000, 0x0000000088000000|  0%| F|  |TAMS 0x0000000087f00000, 0x0000000087f00000| Untracked 
| 128|0x0000000088000000, 0x0000000088000000, 0x0000000088100000|  0%| F|  |TAMS 0x0000000088000000, 0x0000000088000000| Untracked 
| 129|0x0000000088100000, 0x0000000088100000, 0x0000000088200000|  0%| F|  |TAMS 0x0000000088100000, 0x0000000088100000| Untracked 
| 130|0x0000000088200000, 0x0000000088200000, 0x0000000088300000|  0%| F|  |TAMS 0x0000000088200000, 0x0000000088200000| Untracked 
| 131|0x0000000088300000, 0x0000000088400000, 0x0000000088400000|100%| O|  |TAMS 0x0000000088300000, 0x0000000088300000| Untracked 
| 132|0x0000000088400000, 0x0000000088500000, 0x0000000088500000|100%| O|  |TAMS 0x0000000088400000, 0x0000000088400000| Untracked 
| 133|0x0000000088500000, 0x0000000088500000, 0x0000000088600000|  0%| F|  |TAMS 0x0000000088500000, 0x0000000088500000| Untracked 
| 134|0x0000000088600000, 0x0000000088600000, 0x0000000088700000|  0%| F|  |TAMS 0x0000000088600000, 0x0000000088600000| Untracked 
| 135|0x0000000088700000, 0x0000000088700000, 0x0000000088800000|  0%| F|  |TAMS 0x0000000088700000, 0x0000000088700000| Untracked 
| 136|0x0000000088800000, 0x0000000088800000, 0x0000000088900000|  0%| F|  |TAMS 0x0000000088800000, 0x0000000088800000| Untracked 
| 137|0x0000000088900000, 0x0000000088900000, 0x0000000088a00000|  0%| F|  |TAMS 0x0000000088900000, 0x0000000088900000| Untracked 
| 138|0x0000000088a00000, 0x0000000088a00000, 0x0000000088b00000|  0%| F|  |TAMS 0x0000000088a00000, 0x0000000088a00000| Untracked 
| 139|0x0000000088b00000, 0x0000000088b00000, 0x0000000088c00000|  0%| F|  |TAMS 0x0000000088b00000, 0x0000000088b00000| Untracked 
| 140|0x0000000088c00000, 0x0000000088c00000, 0x0000000088d00000|  0%| F|  |TAMS 0x0000000088c00000, 0x0000000088c00000| Untracked 
| 141|0x0000000088d00000, 0x0000000088d00000, 0x0000000088e00000|  0%| F|  |TAMS 0x0000000088d00000, 0x0000000088d00000| Untracked 
| 142|0x0000000088e00000, 0x0000000088e00000, 0x0000000088f00000|  0%| F|  |TAMS 0x0000000088e00000, 0x0000000088e00000| Untracked 
| 143|0x0000000088f00000, 0x0000000088f00000, 0x0000000089000000|  0%| F|  |TAMS 0x0000000088f00000, 0x0000000088f00000| Untracked 
| 144|0x0000000089000000, 0x0000000089000000, 0x0000000089100000|  0%| F|  |TAMS 0x0000000089000000, 0x0000000089000000| Untracked 
| 145|0x0000000089100000, 0x0000000089100000, 0x0000000089200000|  0%| F|  |TAMS 0x0000000089100000, 0x0000000089100000| Untracked 
| 146|0x0000000089200000, 0x0000000089200000, 0x0000000089300000|  0%| F|  |TAMS 0x0000000089200000, 0x0000000089200000| Untracked 
| 147|0x0000000089300000, 0x0000000089400000, 0x0000000089400000|100%| S|CS|TAMS 0x0000000089300000, 0x0000000089300000| Complete 
| 148|0x0000000089400000, 0x0000000089500000, 0x0000000089500000|100%| S|CS|TAMS 0x0000000089400000, 0x0000000089400000| Complete 
| 149|0x0000000089500000, 0x0000000089600000, 0x0000000089600000|100%| S|CS|TAMS 0x0000000089500000, 0x0000000089500000| Complete 
| 150|0x0000000089600000, 0x0000000089700000, 0x0000000089700000|100%| S|CS|TAMS 0x0000000089600000, 0x0000000089600000| Complete 
| 151|0x0000000089700000, 0x0000000089800000, 0x0000000089800000|100%| S|CS|TAMS 0x0000000089700000, 0x0000000089700000| Complete 
| 152|0x0000000089800000, 0x0000000089900000, 0x0000000089900000|100%| S|CS|TAMS 0x0000000089800000, 0x0000000089800000| Complete 
| 153|0x0000000089900000, 0x0000000089a00000, 0x0000000089a00000|100%| S|CS|TAMS 0x0000000089900000, 0x0000000089900000| Complete 
| 154|0x0000000089a00000, 0x0000000089a00000, 0x0000000089b00000|  0%| F|  |TAMS 0x0000000089a00000, 0x0000000089a00000| Untracked 
| 155|0x0000000089b00000, 0x0000000089b00000, 0x0000000089c00000|  0%| F|  |TAMS 0x0000000089b00000, 0x0000000089b00000| Untracked 
| 156|0x0000000089c00000, 0x0000000089c00000, 0x0000000089d00000|  0%| F|  |TAMS 0x0000000089c00000, 0x0000000089c00000| Untracked 
| 157|0x0000000089d00000, 0x0000000089d00000, 0x0000000089e00000|  0%| F|  |TAMS 0x0000000089d00000, 0x0000000089d00000| Untracked 
| 158|0x0000000089e00000, 0x0000000089e00000, 0x0000000089f00000|  0%| F|  |TAMS 0x0000000089e00000, 0x0000000089e00000| Untracked 
| 159|0x0000000089f00000, 0x0000000089f00000, 0x000000008a000000|  0%| F|  |TAMS 0x0000000089f00000, 0x0000000089f00000| Untracked 
| 160|0x000000008a000000, 0x000000008a000000, 0x000000008a100000|  0%| F|  |TAMS 0x000000008a000000, 0x000000008a000000| Untracked 
| 161|0x000000008a100000, 0x000000008a100000, 0x000000008a200000|  0%| F|  |TAMS 0x000000008a100000, 0x000000008a100000| Untracked 
| 162|0x000000008a200000, 0x000000008a200000, 0x000000008a300000|  0%| F|  |TAMS 0x000000008a200000, 0x000000008a200000| Untracked 
| 163|0x000000008a300000, 0x000000008a300000, 0x000000008a400000|  0%| F|  |TAMS 0x000000008a300000, 0x000000008a300000| Untracked 
| 164|0x000000008a400000, 0x000000008a500000, 0x000000008a500000|100%| S|CS|TAMS 0x000000008a400000, 0x000000008a400000| Complete 
| 165|0x000000008a500000, 0x000000008a600000, 0x000000008a600000|100%| S|CS|TAMS 0x000000008a500000, 0x000000008a500000| Complete 
| 166|0x000000008a600000, 0x000000008a700000, 0x000000008a700000|100%| S|CS|TAMS 0x000000008a600000, 0x000000008a600000| Complete 
| 167|0x000000008a700000, 0x000000008a800000, 0x000000008a800000|100%| S|CS|TAMS 0x000000008a700000, 0x000000008a700000| Complete 
| 168|0x000000008a800000, 0x000000008a900000, 0x000000008a900000|100%| S|CS|TAMS 0x000000008a800000, 0x000000008a800000| Complete 
| 169|0x000000008a900000, 0x000000008a900000, 0x000000008aa00000|  0%| F|  |TAMS 0x000000008a900000, 0x000000008a900000| Untracked 
| 170|0x000000008aa00000, 0x000000008aa00000, 0x000000008ab00000|  0%| F|  |TAMS 0x000000008aa00000, 0x000000008aa00000| Untracked 
| 171|0x000000008ab00000, 0x000000008ab00000, 0x000000008ac00000|  0%| F|  |TAMS 0x000000008ab00000, 0x000000008ab00000| Untracked 
| 172|0x000000008ac00000, 0x000000008ac00000, 0x000000008ad00000|  0%| F|  |TAMS 0x000000008ac00000, 0x000000008ac00000| Untracked 
| 173|0x000000008ad00000, 0x000000008ad00000, 0x000000008ae00000|  0%| F|  |TAMS 0x000000008ad00000, 0x000000008ad00000| Untracked 
| 174|0x000000008ae00000, 0x000000008ae00000, 0x000000008af00000|  0%| F|  |TAMS 0x000000008ae00000, 0x000000008ae00000| Untracked 
| 175|0x000000008af00000, 0x000000008af00000, 0x000000008b000000|  0%| F|  |TAMS 0x000000008af00000, 0x000000008af00000| Untracked 
| 176|0x000000008b000000, 0x000000008b000000, 0x000000008b100000|  0%| F|  |TAMS 0x000000008b000000, 0x000000008b000000| Untracked 
| 177|0x000000008b100000, 0x000000008b100000, 0x000000008b200000|  0%| F|  |TAMS 0x000000008b100000, 0x000000008b100000| Untracked 
| 178|0x000000008b200000, 0x000000008b200000, 0x000000008b300000|  0%| F|  |TAMS 0x000000008b200000, 0x000000008b200000| Untracked 
| 179|0x000000008b300000, 0x000000008b300000, 0x000000008b400000|  0%| F|  |TAMS 0x000000008b300000, 0x000000008b300000| Untracked 
| 180|0x000000008b400000, 0x000000008b400000, 0x000000008b500000|  0%| F|  |TAMS 0x000000008b400000, 0x000000008b400000| Untracked 
| 181|0x000000008b500000, 0x000000008b500000, 0x000000008b600000|  0%| F|  |TAMS 0x000000008b500000, 0x000000008b500000| Untracked 
| 182|0x000000008b600000, 0x000000008b700000, 0x000000008b700000|100%| E|CS|TAMS 0x000000008b600000, 0x000000008b600000| Complete 
| 183|0x000000008b700000, 0x000000008b800000, 0x000000008b800000|100%| E|CS|TAMS 0x000000008b700000, 0x000000008b700000| Complete 
| 184|0x000000008b800000, 0x000000008b900000, 0x000000008b900000|100%| E|CS|TAMS 0x000000008b800000, 0x000000008b800000| Complete 
| 185|0x000000008b900000, 0x000000008ba00000, 0x000000008ba00000|100%| E|CS|TAMS 0x000000008b900000, 0x000000008b900000| Complete 
| 186|0x000000008ba00000, 0x000000008bb00000, 0x000000008bb00000|100%| E|CS|TAMS 0x000000008ba00000, 0x000000008ba00000| Complete 
| 187|0x000000008bb00000, 0x000000008bc00000, 0x000000008bc00000|100%| E|CS|TAMS 0x000000008bb00000, 0x000000008bb00000| Complete 
| 188|0x000000008bc00000, 0x000000008bd00000, 0x000000008bd00000|100%| E|CS|TAMS 0x000000008bc00000, 0x000000008bc00000| Complete 
| 189|0x000000008bd00000, 0x000000008be00000, 0x000000008be00000|100%| E|CS|TAMS 0x000000008bd00000, 0x000000008bd00000| Complete 
| 190|0x000000008be00000, 0x000000008bf00000, 0x000000008bf00000|100%| E|CS|TAMS 0x000000008be00000, 0x000000008be00000| Complete 
| 191|0x000000008bf00000, 0x000000008c000000, 0x000000008c000000|100%| E|CS|TAMS 0x000000008bf00000, 0x000000008bf00000| Complete 
| 192|0x000000008c000000, 0x000000008c100000, 0x000000008c100000|100%| E|CS|TAMS 0x000000008c000000, 0x000000008c000000| Complete 
| 193|0x000000008c100000, 0x000000008c200000, 0x000000008c200000|100%| E|CS|TAMS 0x000000008c100000, 0x000000008c100000| Complete 
| 194|0x000000008c200000, 0x000000008c300000, 0x000000008c300000|100%| E|CS|TAMS 0x000000008c200000, 0x000000008c200000| Complete 
| 195|0x000000008c300000, 0x000000008c400000, 0x000000008c400000|100%| E|CS|TAMS 0x000000008c300000, 0x000000008c300000| Complete 
| 196|0x000000008c400000, 0x000000008c500000, 0x000000008c500000|100%| E|CS|TAMS 0x000000008c400000, 0x000000008c400000| Complete 
| 197|0x000000008c500000, 0x000000008c600000, 0x000000008c600000|100%| E|CS|TAMS 0x000000008c500000, 0x000000008c500000| Complete 
| 198|0x000000008c600000, 0x000000008c700000, 0x000000008c700000|100%| E|CS|TAMS 0x000000008c600000, 0x000000008c600000| Complete 
| 199|0x000000008c700000, 0x000000008c800000, 0x000000008c800000|100%| E|CS|TAMS 0x000000008c700000, 0x000000008c700000| Complete 
| 200|0x000000008c800000, 0x000000008c900000, 0x000000008c900000|100%| E|CS|TAMS 0x000000008c800000, 0x000000008c800000| Complete 
| 201|0x000000008c900000, 0x000000008ca00000, 0x000000008ca00000|100%| E|CS|TAMS 0x000000008c900000, 0x000000008c900000| Complete 
| 202|0x000000008ca00000, 0x000000008cb00000, 0x000000008cb00000|100%| E|CS|TAMS 0x000000008ca00000, 0x000000008ca00000| Complete 
| 203|0x000000008cb00000, 0x000000008cc00000, 0x000000008cc00000|100%| E|CS|TAMS 0x000000008cb00000, 0x000000008cb00000| Complete 
| 204|0x000000008cc00000, 0x000000008cd00000, 0x000000008cd00000|100%| E|CS|TAMS 0x000000008cc00000, 0x000000008cc00000| Complete 
| 205|0x000000008cd00000, 0x000000008ce00000, 0x000000008ce00000|100%| E|  |TAMS 0x000000008cd00000, 0x000000008cd00000| Complete 
| 206|0x000000008ce00000, 0x000000008cf00000, 0x000000008cf00000|100%| E|CS|TAMS 0x000000008ce00000, 0x000000008ce00000| Complete 
| 207|0x000000008cf00000, 0x000000008d000000, 0x000000008d000000|100%| E|CS|TAMS 0x000000008cf00000, 0x000000008cf00000| Complete 
| 208|0x000000008d000000, 0x000000008d100000, 0x000000008d100000|100%| E|CS|TAMS 0x000000008d000000, 0x000000008d000000| Complete 
| 209|0x000000008d100000, 0x000000008d200000, 0x000000008d200000|100%| E|CS|TAMS 0x000000008d100000, 0x000000008d100000| Complete 
| 210|0x000000008d200000, 0x000000008d300000, 0x000000008d300000|100%| E|CS|TAMS 0x000000008d200000, 0x000000008d200000| Complete 
| 211|0x000000008d300000, 0x000000008d400000, 0x000000008d400000|100%| E|CS|TAMS 0x000000008d300000, 0x000000008d300000| Complete 
| 212|0x000000008d400000, 0x000000008d500000, 0x000000008d500000|100%| E|CS|TAMS 0x000000008d400000, 0x000000008d400000| Complete 
| 213|0x000000008d500000, 0x000000008d600000, 0x000000008d600000|100%| E|CS|TAMS 0x000000008d500000, 0x000000008d500000| Complete 
| 214|0x000000008d600000, 0x000000008d700000, 0x000000008d700000|100%| E|CS|TAMS 0x000000008d600000, 0x000000008d600000| Complete 
| 215|0x000000008d700000, 0x000000008d800000, 0x000000008d800000|100%| E|CS|TAMS 0x000000008d700000, 0x000000008d700000| Complete 
| 216|0x000000008d800000, 0x000000008d900000, 0x000000008d900000|100%| E|CS|TAMS 0x000000008d800000, 0x000000008d800000| Complete 
| 217|0x000000008d900000, 0x000000008da00000, 0x000000008da00000|100%| E|CS|TAMS 0x000000008d900000, 0x000000008d900000| Complete 
| 218|0x000000008da00000, 0x000000008db00000, 0x000000008db00000|100%| E|CS|TAMS 0x000000008da00000, 0x000000008da00000| Complete 
| 219|0x000000008db00000, 0x000000008dc00000, 0x000000008dc00000|100%| E|CS|TAMS 0x000000008db00000, 0x000000008db00000| Complete 
| 220|0x000000008dc00000, 0x000000008dd00000, 0x000000008dd00000|100%| E|CS|TAMS 0x000000008dc00000, 0x000000008dc00000| Complete 
| 221|0x000000008dd00000, 0x000000008de00000, 0x000000008de00000|100%| E|CS|TAMS 0x000000008dd00000, 0x000000008dd00000| Complete 
| 222|0x000000008de00000, 0x000000008df00000, 0x000000008df00000|100%| E|CS|TAMS 0x000000008de00000, 0x000000008de00000| Complete 
| 223|0x000000008df00000, 0x000000008e000000, 0x000000008e000000|100%| E|CS|TAMS 0x000000008df00000, 0x000000008df00000| Complete 
| 224|0x000000008e000000, 0x000000008e100000, 0x000000008e100000|100%| E|CS|TAMS 0x000000008e000000, 0x000000008e000000| Complete 
| 225|0x000000008e100000, 0x000000008e200000, 0x000000008e200000|100%| E|CS|TAMS 0x000000008e100000, 0x000000008e100000| Complete 
| 226|0x000000008e200000, 0x000000008e300000, 0x000000008e300000|100%| E|CS|TAMS 0x000000008e200000, 0x000000008e200000| Complete 
| 227|0x000000008e300000, 0x000000008e400000, 0x000000008e400000|100%| E|CS|TAMS 0x000000008e300000, 0x000000008e300000| Complete 
| 228|0x000000008e400000, 0x000000008e500000, 0x000000008e500000|100%| E|CS|TAMS 0x000000008e400000, 0x000000008e400000| Complete 
| 229|0x000000008e500000, 0x000000008e600000, 0x000000008e600000|100%| E|CS|TAMS 0x000000008e500000, 0x000000008e500000| Complete 
| 230|0x000000008e600000, 0x000000008e700000, 0x000000008e700000|100%| E|CS|TAMS 0x000000008e600000, 0x000000008e600000| Complete 
| 231|0x000000008e700000, 0x000000008e800000, 0x000000008e800000|100%| E|CS|TAMS 0x000000008e700000, 0x000000008e700000| Complete 
| 232|0x000000008e800000, 0x000000008e900000, 0x000000008e900000|100%| E|CS|TAMS 0x000000008e800000, 0x000000008e800000| Complete 
| 233|0x000000008e900000, 0x000000008ea00000, 0x000000008ea00000|100%| E|CS|TAMS 0x000000008e900000, 0x000000008e900000| Complete 
| 234|0x000000008ea00000, 0x000000008eb00000, 0x000000008eb00000|100%| E|CS|TAMS 0x000000008ea00000, 0x000000008ea00000| Complete 
| 235|0x000000008eb00000, 0x000000008ec00000, 0x000000008ec00000|100%| E|CS|TAMS 0x000000008eb00000, 0x000000008eb00000| Complete 
| 236|0x000000008ec00000, 0x000000008ed00000, 0x000000008ed00000|100%| E|CS|TAMS 0x000000008ec00000, 0x000000008ec00000| Complete 
| 237|0x000000008ed00000, 0x000000008ee00000, 0x000000008ee00000|100%| E|CS|TAMS 0x000000008ed00000, 0x000000008ed00000| Complete 
| 238|0x000000008ee00000, 0x000000008ef00000, 0x000000008ef00000|100%| E|CS|TAMS 0x000000008ee00000, 0x000000008ee00000| Complete 
| 239|0x000000008ef00000, 0x000000008f000000, 0x000000008f000000|100%| E|CS|TAMS 0x000000008ef00000, 0x000000008ef00000| Complete 
| 240|0x000000008f000000, 0x000000008f100000, 0x000000008f100000|100%| E|CS|TAMS 0x000000008f000000, 0x000000008f000000| Complete 
| 241|0x000000008f100000, 0x000000008f200000, 0x000000008f200000|100%| E|CS|TAMS 0x000000008f100000, 0x000000008f100000| Complete 
| 242|0x000000008f200000, 0x000000008f300000, 0x000000008f300000|100%| E|CS|TAMS 0x000000008f200000, 0x000000008f200000| Complete 
| 243|0x000000008f300000, 0x000000008f400000, 0x000000008f400000|100%| E|CS|TAMS 0x000000008f300000, 0x000000008f300000| Complete 
| 244|0x000000008f400000, 0x000000008f500000, 0x000000008f500000|100%| E|CS|TAMS 0x000000008f400000, 0x000000008f400000| Complete 
| 245|0x000000008f500000, 0x000000008f600000, 0x000000008f600000|100%| E|CS|TAMS 0x000000008f500000, 0x000000008f500000| Complete 
| 246|0x000000008f600000, 0x000000008f700000, 0x000000008f700000|100%| E|CS|TAMS 0x000000008f600000, 0x000000008f600000| Complete 
| 247|0x000000008f700000, 0x000000008f800000, 0x000000008f800000|100%| E|CS|TAMS 0x000000008f700000, 0x000000008f700000| Complete 
| 248|0x000000008f800000, 0x000000008f900000, 0x000000008f900000|100%| E|CS|TAMS 0x000000008f800000, 0x000000008f800000| Complete 

Card table byte_map: [0x000002242fc40000,0x0000022430040000] _byte_map_base: 0x000002242f840000

Marking Bits (Prev, Next): (CMBitMap*) 0x0000022417f333f8, (CMBitMap*) 0x0000022417f33438
 Prev Bits: [0x0000022430440000, 0x0000022432440000)
 Next Bits: [0x0000022432440000, 0x0000022434440000)

Polling page: 0x0000022415e70000

Metaspace:

Usage:
  Non-class:     81.62 MB capacity,    79.92 MB ( 98%) used,     1.40 MB (  2%) free+waste,   301.63 KB ( <1%) overhead. 
      Class:     12.79 MB capacity,    11.85 MB ( 93%) used,   819.52 KB (  6%) free+waste,   137.63 KB (  1%) overhead. 
       Both:     94.41 MB capacity,    91.77 MB ( 97%) used,     2.20 MB (  2%) free+waste,   439.25 KB ( <1%) overhead. 

Virtual space:
  Non-class space:       82.00 MB reserved,      81.63 MB (>99%) committed 
      Class space:        1.00 GB reserved,      12.82 MB (  1%) committed 
             Both:        1.08 GB reserved,      94.45 MB (  9%) committed 

Chunk freelists:
   Non-Class:  13.00 KB
       Class:  24.00 KB
        Both:  37.00 KB

MaxMetaspaceSize: 17179869184.00 GB
CompressedClassSpaceSize: 1.00 GB

CodeHeap 'non-profiled nmethods': size=120000Kb used=9147Kb max_used=9486Kb free=110852Kb
 bounds [0x0000022427ed0000, 0x0000022428820000, 0x000002242f400000]
CodeHeap 'profiled nmethods': size=120000Kb used=27897Kb max_used=27980Kb free=92102Kb
 bounds [0x00000224209a0000, 0x0000022422520000, 0x0000022427ed0000]
CodeHeap 'non-nmethods': size=5760Kb used=2439Kb max_used=2471Kb free=3321Kb
 bounds [0x0000022420400000, 0x0000022420680000, 0x00000224209a0000]
 total_blobs=21289 nmethods=12640 adapters=840
 compilation: enabled
              stopped_count=0, restarted_count=0
 full_count=0

Compilation events (20 events):
Event: 590.931 Thread 0x0000022436e82000 15500       3       com.android.tools.r8.internal.w::<init> (15 bytes)
Event: 590.932 Thread 0x0000022436e82000 nmethod 15500 0x00000224217fa510 code [0x00000224217fa6c0, 0x00000224217fa8f8]
Event: 590.932 Thread 0x0000022436e82000 15486       3       com.android.tools.r8.internal.mh::<init> (13 bytes)
Event: 590.932 Thread 0x0000022436e82000 nmethod 15486 0x00000224217f9f90 code [0x00000224217fa140, 0x00000224217fa3d8]
Event: 590.932 Thread 0x0000022436e82000 15502       3       com.android.tools.r8.graph.d0::k0 (14 bytes)
Event: 590.932 Thread 0x0000022436e82000 nmethod 15502 0x000002242139f710 code [0x000002242139f8c0, 0x000002242139fab0]
Event: 590.932 Thread 0x0000022436e82000 15495       3       com.android.tools.r8.internal.k4$c::h (40 bytes)
Event: 590.933 Thread 0x0000022436e82000 nmethod 15495 0x000002242139ee10 code [0x000002242139f000, 0x000002242139f4d0]
Event: 590.933 Thread 0x0000022436e82000 15496       3       com.android.tools.r8.internal.D9::a (57 bytes)
Event: 590.933 Thread 0x0000022436e82000 nmethod 15496 0x000002242139e890 code [0x000002242139ea40, 0x000002242139ed78]
Event: 590.933 Thread 0x0000022436e82000 15499       3       com.android.tools.r8.graph.G0::a (2521 bytes)
Event: 590.943 Thread 0x0000022436e82000 nmethod 15499 0x0000022420ba2290 code [0x0000022420ba3280, 0x0000022420bad9f0]
Event: 590.943 Thread 0x0000022436e82000 15490       3       com.android.tools.r8.internal.N4::<init> (15 bytes)
Event: 590.943 Thread 0x0000022436e82000 nmethod 15490 0x0000022420ba1d10 code [0x0000022420ba1ec0, 0x0000022420ba21b8]
Event: 590.943 Thread 0x0000022436e82000 15489       3       com.android.tools.r8.graph.G0::b (48 bytes)
Event: 590.944 Thread 0x0000022436e82000 nmethod 15489 0x0000022420ba0e10 code [0x0000022420ba1040, 0x0000022420ba19d0]
Event: 590.944 Thread 0x0000022436e82000 15505       3       com.android.tools.r8.graph.G0::a (38 bytes)
Event: 590.945 Thread 0x0000022436e82000 nmethod 15505 0x000002242139d510 code [0x000002242139d7a0, 0x000002242139e3b0]
Event: 590.945 Thread 0x0000022436e82000 15506       3       com.android.tools.r8.internal.x4::<init> (112 bytes)
Event: 590.945 Thread 0x0000022436e82000 nmethod 15506 0x0000022420ba0890 code [0x0000022420ba0a40, 0x0000022420ba0d18]

GC Heap History (20 events):
Event: 481.559 GC heap before
{Heap before GC invocations=72 (full 0):
 garbage-first heap   total 254976K, used 158980K [0x0000000080000000, 0x0000000100000000)
  region size 1024K, 37 young (37888K), 1 survivors (1024K)
 Metaspace       used 77347K, capacity 79547K, committed 79824K, reserved 1118208K
  class space    used 10244K, capacity 11012K, committed 11084K, reserved 1048576K
}
Event: 481.570 GC heap after
{Heap after GC invocations=73 (full 0):
 garbage-first heap   total 254976K, used 126123K [0x0000000080000000, 0x0000000100000000)
  region size 1024K, 5 young (5120K), 5 survivors (5120K)
 Metaspace       used 77347K, capacity 79547K, committed 79824K, reserved 1118208K
  class space    used 10244K, capacity 11012K, committed 11084K, reserved 1048576K
}
Event: 481.575 GC heap before
{Heap before GC invocations=73 (full 0):
 garbage-first heap   total 254976K, used 126123K [0x0000000080000000, 0x0000000100000000)
  region size 1024K, 7 young (7168K), 5 survivors (5120K)
 Metaspace       used 77347K, capacity 79547K, committed 79824K, reserved 1118208K
  class space    used 10244K, capacity 11012K, committed 11084K, reserved 1048576K
}
Event: 481.585 GC heap after
{Heap after GC invocations=74 (full 0):
 garbage-first heap   total 254976K, used 126658K [0x0000000080000000, 0x0000000100000000)
  region size 1024K, 1 young (1024K), 1 survivors (1024K)
 Metaspace       used 77347K, capacity 79547K, committed 79824K, reserved 1118208K
  class space    used 10244K, capacity 11012K, committed 11084K, reserved 1048576K
}
Event: 484.319 GC heap before
{Heap before GC invocations=75 (full 0):
 garbage-first heap   total 254976K, used 189122K [0x0000000080000000, 0x0000000100000000)
  region size 1024K, 47 young (48128K), 1 survivors (1024K)
 Metaspace       used 79238K, capacity 81394K, committed 81744K, reserved 1120256K
  class space    used 10364K, capacity 11094K, committed 11212K, reserved 1048576K
}
Event: 484.329 GC heap after
{Heap after GC invocations=76 (full 0):
 garbage-first heap   total 254976K, used 136937K [0x0000000080000000, 0x0000000100000000)
  region size 1024K, 6 young (6144K), 6 survivors (6144K)
 Metaspace       used 79238K, capacity 81394K, committed 81744K, reserved 1120256K
  class space    used 10364K, capacity 11094K, committed 11212K, reserved 1048576K
}
Event: 489.467 GC heap before
{Heap before GC invocations=76 (full 0):
 garbage-first heap   total 254976K, used 183017K [0x0000000080000000, 0x0000000100000000)
  region size 1024K, 52 young (53248K), 6 survivors (6144K)
 Metaspace       used 81753K, capacity 83986K, committed 84176K, reserved 1122304K
  class space    used 10567K, capacity 11318K, committed 11340K, reserved 1048576K
}
Event: 489.473 GC heap after
{Heap after GC invocations=77 (full 0):
 garbage-first heap   total 254976K, used 137006K [0x0000000080000000, 0x0000000100000000)
  region size 1024K, 2 young (2048K), 2 survivors (2048K)
 Metaspace       used 81753K, capacity 83986K, committed 84176K, reserved 1122304K
  class space    used 10567K, capacity 11318K, committed 11340K, reserved 1048576K
}
Event: 496.298 GC heap before
{Heap before GC invocations=78 (full 0):
 garbage-first heap   total 254976K, used 180014K [0x0000000080000000, 0x0000000100000000)
  region size 1024K, 51 young (52224K), 2 survivors (2048K)
 Metaspace       used 82387K, capacity 84530K, committed 84816K, reserved 1122304K
  class space    used 10606K, capacity 11350K, committed 11468K, reserved 1048576K
}
Event: 496.301 GC heap after
{Heap after GC invocations=79 (full 0):
 garbage-first heap   total 254976K, used 122347K [0x0000000080000000, 0x0000000100000000)
  region size 1024K, 2 young (2048K), 2 survivors (2048K)
 Metaspace       used 82387K, capacity 84530K, committed 84816K, reserved 1122304K
  class space    used 10606K, capacity 11350K, committed 11468K, reserved 1048576K
}
Event: 499.965 GC heap before
{Heap before GC invocations=79 (full 0):
 garbage-first heap   total 254976K, used 135659K [0x0000000080000000, 0x0000000100000000)
  region size 1024K, 12 young (12288K), 2 survivors (2048K)
 Metaspace       used 82436K, capacity 84661K, committed 84816K, reserved 1122304K
  class space    used 10607K, capacity 11350K, committed 11468K, reserved 1048576K
}
Event: 499.977 GC heap after
{Heap after GC invocations=80 (full 0):
 garbage-first heap   total 254976K, used 98911K [0x0000000080000000, 0x0000000100000000)
  region size 1024K, 1 young (1024K), 1 survivors (1024K)
 Metaspace       used 82436K, capacity 84661K, committed 84816K, reserved 1122304K
  class space    used 10607K, capacity 11350K, committed 11468K, reserved 1048576K
}
Event: 508.061 GC heap before
{Heap before GC invocations=80 (full 0):
 garbage-first heap   total 254976K, used 171615K [0x0000000080000000, 0x0000000100000000)
  region size 1024K, 73 young (74752K), 1 survivors (1024K)
 Metaspace       used 85642K, capacity 87791K, committed 88016K, reserved 1126400K
  class space    used 11012K, capacity 11748K, committed 11852K, reserved 1048576K
}
Event: 508.068 GC heap after
{Heap after GC invocations=81 (full 0):
 garbage-first heap   total 254976K, used 99941K [0x0000000080000000, 0x0000000100000000)
  region size 1024K, 2 young (2048K), 2 survivors (2048K)
 Metaspace       used 85642K, capacity 87791K, committed 88016K, reserved 1126400K
  class space    used 11012K, capacity 11748K, committed 11852K, reserved 1048576K
}
Event: 540.536 GC heap before
{Heap before GC invocations=81 (full 0):
 garbage-first heap   total 254976K, used 177765K [0x0000000080000000, 0x0000000100000000)
  region size 1024K, 79 young (80896K), 2 survivors (2048K)
 Metaspace       used 87451K, capacity 89727K, committed 90064K, reserved 1128448K
  class space    used 11217K, capacity 12020K, committed 12108K, reserved 1048576K
}
Event: 540.542 GC heap after
{Heap after GC invocations=82 (full 0):
 garbage-first heap   total 254976K, used 104441K [0x0000000080000000, 0x0000000100000000)
  region size 1024K, 6 young (6144K), 6 survivors (6144K)
 Metaspace       used 87451K, capacity 89727K, committed 90064K, reserved 1128448K
  class space    used 11217K, capacity 12020K, committed 12108K, reserved 1048576K
}
Event: 571.853 GC heap before
{Heap before GC invocations=82 (full 0):
 garbage-first heap   total 254976K, used 183289K [0x0000000080000000, 0x0000000100000000)
  region size 1024K, 84 young (86016K), 6 survivors (6144K)
 Metaspace       used 88945K, capacity 91198K, committed 91472K, reserved 1128448K
  class space    used 11362K, capacity 12151K, committed 12236K, reserved 1048576K
}
Event: 571.869 GC heap after
{Heap after GC invocations=83 (full 0):
 garbage-first heap   total 254976K, used 109316K [0x0000000080000000, 0x0000000100000000)
  region size 1024K, 11 young (11264K), 11 survivors (11264K)
 Metaspace       used 88945K, capacity 91198K, committed 91472K, reserved 1128448K
  class space    used 11362K, capacity 12151K, committed 12236K, reserved 1048576K
}
Event: 587.758 GC heap before
{Heap before GC invocations=83 (full 0):
 garbage-first heap   total 254976K, used 189188K [0x0000000080000000, 0x0000000100000000)
  region size 1024K, 90 young (92160K), 11 survivors (11264K)
 Metaspace       used 92446K, capacity 94947K, committed 95184K, reserved 1132544K
  class space    used 11891K, capacity 12778K, committed 12876K, reserved 1048576K
}
Event: 587.774 GC heap after
{Heap after GC invocations=84 (full 0):
 garbage-first heap   total 254976K, used 127713K [0x0000000080000000, 0x0000000100000000)
  region size 1024K, 12 young (12288K), 12 survivors (12288K)
 Metaspace       used 92446K, capacity 94947K, committed 95184K, reserved 1132544K
  class space    used 11891K, capacity 12778K, committed 12876K, reserved 1048576K
}

Deoptimization events (20 events):
Event: 587.877 Thread 0x000002243b946000 DEOPT PACKING pc=0x00000224219c97f0 sp=0x000000bd8a9f9e50
Event: 587.877 Thread 0x000002243b946000 DEOPT UNPACKING pc=0x000002242044964e sp=0x000000bd8a9f9358 mode 0
Event: 587.878 Thread 0x000002243b946000 DEOPT PACKING pc=0x0000022421a044f1 sp=0x000000bd8a9f9760
Event: 587.878 Thread 0x000002243b946000 DEOPT UNPACKING pc=0x000002242044964e sp=0x000000bd8a9f8c88 mode 0
Event: 587.879 Thread 0x000002243b946000 DEOPT PACKING pc=0x0000022421a043b9 sp=0x000000bd8a9f9b90
Event: 587.879 Thread 0x000002243b946000 DEOPT UNPACKING pc=0x000002242044964e sp=0x000000bd8a9f90b8 mode 0
Event: 587.879 Thread 0x000002243b946000 DEOPT PACKING pc=0x00000224218ea92e sp=0x000000bd8a9f99e0
Event: 587.879 Thread 0x000002243b946000 DEOPT UNPACKING pc=0x000002242044964e sp=0x000000bd8a9f8f58 mode 0
Event: 587.880 Thread 0x000002243b946000 DEOPT PACKING pc=0x0000022421a043b9 sp=0x000000bd8a9f9ac0
Event: 587.880 Thread 0x000002243b946000 DEOPT UNPACKING pc=0x000002242044964e sp=0x000000bd8a9f8fe8 mode 0
Event: 587.881 Thread 0x000002243b946000 DEOPT PACKING pc=0x00000224218ea92e sp=0x000000bd8a9f99e0
Event: 587.881 Thread 0x000002243b946000 DEOPT UNPACKING pc=0x000002242044964e sp=0x000000bd8a9f8f58 mode 0
Event: 587.882 Thread 0x000002243b946000 DEOPT PACKING pc=0x0000022421a043b9 sp=0x000000bd8a9f9a00
Event: 587.882 Thread 0x000002243b946000 DEOPT UNPACKING pc=0x000002242044964e sp=0x000000bd8a9f8f28 mode 0
Event: 587.884 Thread 0x000002243b946000 DEOPT PACKING pc=0x00000224218ea92e sp=0x000000bd8a9f99e0
Event: 587.884 Thread 0x000002243b946000 DEOPT UNPACKING pc=0x000002242044964e sp=0x000000bd8a9f8f58 mode 0
Event: 587.884 Thread 0x000002243b946000 DEOPT PACKING pc=0x0000022421a043b9 sp=0x000000bd8a9f99d0
Event: 587.884 Thread 0x000002243b946000 DEOPT UNPACKING pc=0x000002242044964e sp=0x000000bd8a9f8ef8 mode 0
Event: 587.886 Thread 0x000002243b946000 DEOPT PACKING pc=0x00000224218ea92e sp=0x000000bd8a9f99e0
Event: 587.886 Thread 0x000002243b946000 DEOPT UNPACKING pc=0x000002242044964e sp=0x000000bd8a9f8f58 mode 0

Classes unloaded (20 events):
Event: 187.337 Thread 0x0000022436e5d000 Unloading class 0x00000008010adc40 'org/gradle/internal/operations/DefaultBuildOperationQueue$WorkerRunnable$$Lambda$516'
Event: 187.337 Thread 0x0000022436e5d000 Unloading class 0x00000008010ae440 'org/gradle/internal/operations/DefaultBuildOperationQueue$WorkerRunnable$$Lambda$515'
Event: 187.337 Thread 0x0000022436e5d000 Unloading class 0x00000008010ae040 'org/gradle/internal/operations/DefaultBuildOperationQueue$WorkerRunnable$$Lambda$513'
Event: 187.337 Thread 0x0000022436e5d000 Unloading class 0x00000008010aec40 'org/gradle/internal/operations/DefaultBuildOperationQueue$WorkerRunnable$$Lambda$512'
Event: 187.337 Thread 0x0000022436e5d000 Unloading class 0x00000008010ae840 'org/gradle/internal/operations/DefaultBuildOperationQueue$WorkerRunnable$$Lambda$510'
Event: 187.337 Thread 0x0000022436e5d000 Unloading class 0x00000008010af440 'org/gradle/internal/operations/DefaultBuildOperationQueue$WorkerRunnable$$Lambda$511'
Event: 187.337 Thread 0x0000022436e5d000 Unloading class 0x00000008010af040 'org/gradle/internal/operations/DefaultBuildOperationQueue$WorkerRunnable$$Lambda$509'
Event: 328.510 Thread 0x0000022436e5d000 Unloading class 0x0000000801533c40 'org/gradle/execution/plan/DefaultPlanExecutor$ExecutorWorker$$Lambda$811'
Event: 328.510 Thread 0x0000022436e5d000 Unloading class 0x0000000801533840 'org/gradle/execution/plan/DefaultPlanExecutor$ExecutorWorker$$Lambda$814'
Event: 328.510 Thread 0x0000022436e5d000 Unloading class 0x0000000801534440 'org/gradle/execution/plan/DefaultPlanExecutor$ExecutorWorker$$Lambda$813'
Event: 328.510 Thread 0x0000022436e5d000 Unloading class 0x0000000801534040 'org/gradle/execution/plan/DefaultPlanExecutor$ExecutorWorker$$Lambda$812'
Event: 328.510 Thread 0x0000022436e5d000 Unloading class 0x0000000801534c40 'org/gradle/execution/plan/DefaultPlanExecutor$ExecutorWorker$$Lambda$809'
Event: 328.510 Thread 0x0000022436e5d000 Unloading class 0x0000000801534840 'org/gradle/execution/plan/DefaultPlanExecutor$ExecutorWorker$$Lambda$807'
Event: 328.510 Thread 0x0000022436e5d000 Unloading class 0x0000000801535040 'org/gradle/execution/plan/DefaultPlanExecutor$ExecutorWorker$$Lambda$810'
Event: 328.510 Thread 0x0000022436e5d000 Unloading class 0x0000000801535c40 'org/gradle/execution/plan/DefaultPlanExecutor$ExecutorWorker$$Lambda$806'
Event: 328.510 Thread 0x0000022436e5d000 Unloading class 0x0000000801535840 'org/gradle/execution/plan/DefaultPlanExecutor$ExecutorWorker$$Lambda$805'
Event: 328.510 Thread 0x0000022436e5d000 Unloading class 0x0000000801536440 'org/gradle/execution/plan/DefaultPlanExecutor$ExecutorWorker$$Lambda$804'
Event: 461.590 Thread 0x0000022436e5d000 Unloading class 0x00000008015ab040 'org/gradle/api/internal/artifacts/transform/DefaultTransformOutputs$$Lambda$986'
Event: 461.590 Thread 0x0000022436e5d000 Unloading class 0x00000008015a9040 'org/gradle/api/internal/artifacts/transform/CacheableInvocation$$Lambda$964'
Event: 461.590 Thread 0x0000022436e5d000 Unloading class 0x00000008015a8440 'org/gradle/internal/model/CalculatedValueContainer$CalculationState$$Lambda$963'

Classes redefined (0 events):
No events

Internal exceptions (20 events):
Event: 582.830 Thread 0x000002243b939000 Exception <a 'java/lang/IncompatibleClassChangeError'{0x000000008bf51840}: Found class java.lang.Object, but interface was expected> (0x000000008bf51840) 
thrown [t:/workspace/open/src/hotspot/share/interpreter/linkResolver.cpp, line 833]
Event: 585.938 Thread 0x000002243de10800 Exception <a 'java/lang/NoSuchMethodError'{0x000000008bb90b30}: 'int java.lang.invoke.DirectMethodHandle$Holder.invokeSpecialIFC(java.lang.Object, java.lang.Object, java.lang.Object)'> (0x000000008bb90b30) 
thrown [t:/workspace/open/src/hotspot/share/interpreter/linkResolver.cpp, line 767]
Event: 589.480 Thread 0x000002243b946000 Exception <a 'java/lang/NoSuchMethodError'{0x000000008d4a5110}: 'int java.lang.invoke.DirectMethodHandle$Holder.invokeVirtual(java.lang.Object, java.lang.Object, java.lang.Object, java.lang.Object)'> (0x000000008d4a5110) 
thrown [t:/workspace/open/src/hotspot/share/interpreter/linkResolver.cpp, line 767]
Event: 589.480 Thread 0x000002243b939000 Exception <a 'java/lang/NoSuchMethodError'{0x000000008d2362f0}: 'int java.lang.invoke.DirectMethodHandle$Holder.invokeVirtual(java.lang.Object, java.lang.Object, java.lang.Object, java.lang.Object)'> (0x000000008d2362f0) 
thrown [t:/workspace/open/src/hotspot/share/interpreter/linkResolver.cpp, line 767]
Event: 589.480 Thread 0x000002243b943800 Exception <a 'java/lang/NoSuchMethodError'{0x000000008ea36e38}: 'int java.lang.invoke.DirectMethodHandle$Holder.invokeVirtual(java.lang.Object, java.lang.Object, java.lang.Object, java.lang.Object)'> (0x000000008ea36e38) 
thrown [t:/workspace/open/src/hotspot/share/interpreter/linkResolver.cpp, line 767]
Event: 589.480 Thread 0x000002243b942000 Exception <a 'java/lang/NoSuchMethodError'{0x000000008d3ff1c8}: 'int java.lang.invoke.DirectMethodHandle$Holder.invokeVirtual(java.lang.Object, java.lang.Object, java.lang.Object, java.lang.Object)'> (0x000000008d3ff1c8) 
thrown [t:/workspace/open/src/hotspot/share/interpreter/linkResolver.cpp, line 767]
Event: 589.480 Thread 0x000002243b944800 Exception <a 'java/lang/NoSuchMethodError'{0x000000008d4efe78}: 'int java.lang.invoke.DirectMethodHandle$Holder.invokeVirtual(java.lang.Object, java.lang.Object, java.lang.Object, java.lang.Object)'> (0x000000008d4efe78) 
thrown [t:/workspace/open/src/hotspot/share/interpreter/linkResolver.cpp, line 767]
Event: 589.480 Thread 0x000002243b945000 Exception <a 'java/lang/NoSuchMethodError'{0x000000008d2112c8}: 'int java.lang.invoke.DirectMethodHandle$Holder.invokeVirtual(java.lang.Object, java.lang.Object, java.lang.Object, java.lang.Object)'> (0x000000008d2112c8) 
thrown [t:/workspace/open/src/hotspot/share/interpreter/linkResolver.cpp, line 767]
Event: 589.480 Thread 0x000002243b940800 Exception <a 'java/lang/NoSuchMethodError'{0x000000008d224bb0}: 'int java.lang.invoke.DirectMethodHandle$Holder.invokeVirtual(java.lang.Object, java.lang.Object, java.lang.Object, java.lang.Object)'> (0x000000008d224bb0) 
thrown [t:/workspace/open/src/hotspot/share/interpreter/linkResolver.cpp, line 767]
Event: 590.267 Thread 0x000002243b945000 Exception <a 'java/lang/NoSuchMethodError'{0x000000008d1a9df0}: 'void java.lang.invoke.DirectMethodHandle$Holder.invokeStatic(java.lang.Object, java.lang.Object, java.lang.Object, int)'> (0x000000008d1a9df0) 
thrown [t:/workspace/open/src/hotspot/share/interpreter/linkResolver.cpp, line 767]
Event: 590.267 Thread 0x000002243b942000 Exception <a 'java/lang/NoSuchMethodError'{0x000000008d09b7b0}: 'void java.lang.invoke.DirectMethodHandle$Holder.invokeStatic(java.lang.Object, java.lang.Object, java.lang.Object, int)'> (0x000000008d09b7b0) 
thrown [t:/workspace/open/src/hotspot/share/interpreter/linkResolver.cpp, line 767]
Event: 590.267 Thread 0x000002243b944800 Exception <a 'java/lang/NoSuchMethodError'{0x000000008d08cec8}: 'void java.lang.invoke.DirectMethodHandle$Holder.invokeStatic(java.lang.Object, java.lang.Object, java.lang.Object, int)'> (0x000000008d08cec8) 
thrown [t:/workspace/open/src/hotspot/share/interpreter/linkResolver.cpp, line 767]
Event: 590.267 Thread 0x000002243b946000 Exception <a 'java/lang/NoSuchMethodError'{0x000000008d054c98}: 'void java.lang.invoke.DirectMethodHandle$Holder.invokeStatic(java.lang.Object, java.lang.Object, java.lang.Object, int)'> (0x000000008d054c98) 
thrown [t:/workspace/open/src/hotspot/share/interpreter/linkResolver.cpp, line 767]
Event: 590.267 Thread 0x000002243b940800 Exception <a 'java/lang/NoSuchMethodError'{0x000000008d07fb68}: 'void java.lang.invoke.DirectMethodHandle$Holder.invokeStatic(java.lang.Object, java.lang.Object, java.lang.Object, int)'> (0x000000008d07fb68) 
thrown [t:/workspace/open/src/hotspot/share/interpreter/linkResolver.cpp, line 767]
Event: 590.267 Thread 0x000002243b939000 Exception <a 'java/lang/NoSuchMethodError'{0x000000008d01e398}: 'void java.lang.invoke.DirectMethodHandle$Holder.invokeStatic(java.lang.Object, java.lang.Object, java.lang.Object, int)'> (0x000000008d01e398) 
thrown [t:/workspace/open/src/hotspot/share/interpreter/linkResolver.cpp, line 767]
Event: 590.267 Thread 0x000002243b943800 Exception <a 'java/lang/NoSuchMethodError'{0x000000008d1ec810}: 'void java.lang.invoke.DirectMethodHandle$Holder.invokeStatic(java.lang.Object, java.lang.Object, java.lang.Object, int)'> (0x000000008d1ec810) 
thrown [t:/workspace/open/src/hotspot/share/interpreter/linkResolver.cpp, line 767]
Event: 590.269 Thread 0x000002243b939000 Exception <a 'java/lang/IncompatibleClassChangeError'{0x000000008d0bb2f0}: Found class java.lang.Object, but interface was expected> (0x000000008d0bb2f0) 
thrown [t:/workspace/open/src/hotspot/share/interpreter/linkResolver.cpp, line 833]
Event: 590.269 Thread 0x000002243b943800 Exception <a 'java/lang/IncompatibleClassChangeError'{0x000000008d1f2208}: Found class java.lang.Object, but interface was expected> (0x000000008d1f2208) 
thrown [t:/workspace/open/src/hotspot/share/interpreter/linkResolver.cpp, line 833]
Event: 590.276 Thread 0x000002243b943800 Exception <a 'java/lang/NoSuchMethodError'{0x000000008d0fd238}: 'int java.lang.invoke.DirectMethodHandle$Holder.invokeVirtual(java.lang.Object, java.lang.Object, java.lang.Object)'> (0x000000008d0fd238) 
thrown [t:/workspace/open/src/hotspot/share/interpreter/linkResolver.cpp, line 767]
Event: 590.276 Thread 0x000002243b946000 Exception <a 'java/lang/NoSuchMethodError'{0x000000008d06b748}: 'int java.lang.invoke.DirectMethodHandle$Holder.invokeVirtual(java.lang.Object, java.lang.Object, java.lang.Object)'> (0x000000008d06b748) 
thrown [t:/workspace/open/src/hotspot/share/interpreter/linkResolver.cpp, line 767]

Events (20 events):
Event: 590.774 loading class com/android/tools/r8/ir/conversion/k
Event: 590.774 loading class com/android/tools/r8/ir/conversion/k done
Event: 590.778 loading class com/android/tools/r8/internal/m5
Event: 590.778 loading class com/android/tools/r8/internal/m5 done
Event: 590.779 loading class com/android/tools/r8/internal/k5
Event: 590.779 loading class com/android/tools/r8/internal/k5 done
Event: 590.781 loading class com/android/tools/r8/internal/p4
Event: 590.781 loading class com/android/tools/r8/internal/p4 done
Event: 590.920 loading class com/android/tools/r8/internal/L3
Event: 590.920 loading class com/android/tools/r8/internal/L3 done
Event: 590.921 loading class com/android/tools/r8/internal/vr
Event: 590.921 loading class com/android/tools/r8/internal/vr done
Event: 590.923 loading class com/android/tools/r8/internal/G4
Event: 590.923 loading class com/android/tools/r8/internal/G4 done
Event: 590.924 loading class com/android/tools/r8/ir/conversion/s
Event: 590.924 loading class com/android/tools/r8/ir/conversion/s done
Event: 590.924 loading class com/android/tools/r8/internal/k5$b
Event: 590.924 loading class com/android/tools/r8/internal/k5$b done
Event: 590.924 loading class com/android/tools/r8/internal/C4$a
Event: 590.924 loading class com/android/tools/r8/internal/C4$a done


Dynamic libraries:
0x00007ff63c870000 - 0x00007ff63c87f000 	C:\Program Files\Java\jdk-13.0.1\bin\java.exe
0x00007ffbbd4b0000 - 0x00007ffbbd6a5000 	C:\WINDOWS\SYSTEM32\ntdll.dll
0x00007ffbbd000000 - 0x00007ffbbd0bd000 	C:\WINDOWS\System32\KERNEL32.DLL
0x00007ffbbaf00000 - 0x00007ffbbb1c9000 	C:\WINDOWS\System32\KERNELBASE.dll
0x00007ffbbae00000 - 0x00007ffbbaf00000 	C:\WINDOWS\System32\ucrtbase.dll
0x00007ffbb1ce0000 - 0x00007ffbb1cf5000 	C:\Program Files\Java\jdk-13.0.1\bin\VCRUNTIME140.dll
0x00007ffbb1be0000 - 0x00007ffbb1bf8000 	C:\Program Files\Java\jdk-13.0.1\bin\jli.dll
0x00007ffbbd290000 - 0x00007ffbbd33c000 	C:\WINDOWS\System32\ADVAPI32.dll
0x00007ffbbc450000 - 0x00007ffbbc4ee000 	C:\WINDOWS\System32\msvcrt.dll
0x00007ffbbcb20000 - 0x00007ffbbcbbb000 	C:\WINDOWS\System32\sechost.dll
0x00007ffbbced0000 - 0x00007ffbbcffa000 	C:\WINDOWS\System32\RPCRT4.dll
0x00007ffbbcc30000 - 0x00007ffbbcdd0000 	C:\WINDOWS\System32\USER32.dll
0x00007ffba87a0000 - 0x00007ffba8a3a000 	C:\WINDOWS\WinSxS\amd64_microsoft.windows.common-controls_6595b64144ccf1df_6.0.19041.1110_none_60b5254171f9507e\COMCTL32.dll
0x00007ffbbac10000 - 0x00007ffbbac32000 	C:\WINDOWS\System32\win32u.dll
0x00007ffbbd3b0000 - 0x00007ffbbd3da000 	C:\WINDOWS\System32\GDI32.dll
0x00007ffbbacf0000 - 0x00007ffbbadfb000 	C:\WINDOWS\System32\gdi32full.dll
0x00007ffbbb440000 - 0x00007ffbbb4dd000 	C:\WINDOWS\System32\msvcp_win.dll
0x00007ffbb2fa0000 - 0x00007ffbb2faa000 	C:\WINDOWS\SYSTEM32\VERSION.dll
0x00007ffbbb4e0000 - 0x00007ffbbb510000 	C:\WINDOWS\System32\IMM32.DLL
0x00007ffb84550000 - 0x00007ffb845eb000 	C:\Program Files\Java\jdk-13.0.1\bin\msvcp140.dll
0x00007ffb76370000 - 0x00007ffb76ed6000 	C:\Program Files\Java\jdk-13.0.1\bin\server\jvm.dll
0x00007ffbbce60000 - 0x00007ffbbce68000 	C:\WINDOWS\System32\PSAPI.DLL
0x00007ffba3d70000 - 0x00007ffba3d97000 	C:\WINDOWS\SYSTEM32\WINMM.dll
0x00007ffba8bc0000 - 0x00007ffba8bc9000 	C:\WINDOWS\SYSTEM32\WSOCK32.dll
0x00007ffbbd340000 - 0x00007ffbbd3ab000 	C:\WINDOWS\System32\WS2_32.dll
0x00007ffbb9430000 - 0x00007ffbb9442000 	C:\WINDOWS\SYSTEM32\kernel.appcore.dll
0x00007ffbb6300000 - 0x00007ffbb6310000 	C:\Program Files\Java\jdk-13.0.1\bin\verify.dll
0x00007ffbb89a0000 - 0x00007ffbb8b84000 	C:\WINDOWS\SYSTEM32\DBGHELP.DLL
0x00007ffba4680000 - 0x00007ffba46ac000 	C:\WINDOWS\SYSTEM32\dbgcore.DLL
0x00007ffbbb380000 - 0x00007ffbbb403000 	C:\WINDOWS\System32\bcryptPrimitives.dll
0x00007ffb9a8c0000 - 0x00007ffb9a8e6000 	C:\Program Files\Java\jdk-13.0.1\bin\java.dll
0x00007ffba7700000 - 0x00007ffba7717000 	C:\Program Files\Java\jdk-13.0.1\bin\zip.dll
0x00007ffbb62b0000 - 0x00007ffbb62ba000 	C:\Program Files\Java\jdk-13.0.1\bin\jimage.dll
0x00007ffbbbc20000 - 0x00007ffbbc35f000 	C:\WINDOWS\System32\SHELL32.dll
0x00007ffbb8ca0000 - 0x00007ffbb9430000 	C:\WINDOWS\SYSTEM32\windows.storage.dll
0x00007ffbbb640000 - 0x00007ffbbb995000 	C:\WINDOWS\System32\combase.dll
0x00007ffbba540000 - 0x00007ffbba56c000 	C:\WINDOWS\SYSTEM32\Wldp.dll
0x00007ffbbba50000 - 0x00007ffbbbafe000 	C:\WINDOWS\System32\SHCORE.dll
0x00007ffbbce70000 - 0x00007ffbbcec5000 	C:\WINDOWS\System32\shlwapi.dll
0x00007ffbbaaf0000 - 0x00007ffbbab0f000 	C:\WINDOWS\SYSTEM32\profapi.dll
0x00007ffba2810000 - 0x00007ffba2829000 	C:\Program Files\Java\jdk-13.0.1\bin\net.dll
0x00007ffbb1240000 - 0x00007ffbb1348000 	C:\WINDOWS\SYSTEM32\WINHTTP.dll
0x00007ffbba2a0000 - 0x00007ffbba30a000 	C:\WINDOWS\system32\mswsock.dll
0x00007ffb9a8a0000 - 0x00007ffb9a8b3000 	C:\Program Files\Java\jdk-13.0.1\bin\nio.dll
0x00007ffb9c790000 - 0x00007ffb9c7b7000 	C:\Users\koome\.gradle\native\8bec1ad78214c89d9ad589b4d07fe93259594b29d510b10fafb7a158f7737e5d\windows-amd64\native-platform.dll
0x00007ffb83910000 - 0x00007ffb83a4d000 	C:\Users\koome\.gradle\native\53dbd7edfb1c66fb8903c78663c9afc45aea4f116125fa6feffd364cf09443e8\windows-amd64\native-platform-file-events.dll
0x00007ffba78f0000 - 0x00007ffba78f9000 	C:\Program Files\Java\jdk-13.0.1\bin\management.dll
0x00007ffba78d0000 - 0x00007ffba78db000 	C:\Program Files\Java\jdk-13.0.1\bin\management_ext.dll
0x00007ffbba490000 - 0x00007ffbba4a8000 	C:\WINDOWS\SYSTEM32\CRYPTSP.dll
0x00007ffbb9c20000 - 0x00007ffbb9c54000 	C:\WINDOWS\system32\rsaenh.dll
0x00007ffbbb410000 - 0x00007ffbbb437000 	C:\WINDOWS\System32\bcrypt.dll
0x00007ffbbaa20000 - 0x00007ffbbaa4e000 	C:\WINDOWS\SYSTEM32\USERENV.dll
0x00007ffbba4b0000 - 0x00007ffbba4bc000 	C:\WINDOWS\SYSTEM32\CRYPTBASE.dll
0x00007ffbb9f90000 - 0x00007ffbb9fcb000 	C:\WINDOWS\SYSTEM32\IPHLPAPI.DLL
0x00007ffbbcc20000 - 0x00007ffbbcc28000 	C:\WINDOWS\System32\NSI.dll
0x00007ffbb2590000 - 0x00007ffbb25a7000 	C:\WINDOWS\SYSTEM32\dhcpcsvc6.DLL
0x00007ffbb2e70000 - 0x00007ffbb2e8d000 	C:\WINDOWS\SYSTEM32\dhcpcsvc.DLL
0x00007ffbb9fd0000 - 0x00007ffbba09c000 	C:\WINDOWS\SYSTEM32\DNSAPI.dll

dbghelp: loaded successfully - version: 4.0.5 - missing functions: none
symbol engine: initialized successfully - sym options: 0x614 - pdb path: .;C:\Program Files\Java\jdk-13.0.1\bin;C:\WINDOWS\SYSTEM32;C:\WINDOWS\WinSxS\amd64_microsoft.windows.common-controls_6595b64144ccf1df_6.0.19041.1110_none_60b5254171f9507e;C:\Program Files\Java\jdk-13.0.1\bin\server;C:\Users\koome\.gradle\native\8bec1ad78214c89d9ad589b4d07fe93259594b29d510b10fafb7a158f7737e5d\windows-amd64;C:\Users\koome\.gradle\native\53dbd7edfb1c66fb8903c78663c9afc45aea4f116125fa6feffd364cf09443e8\windows-amd64

VM Arguments:
jvm_args: --add-opens=java.base/java.util=ALL-UNNAMED --add-opens=java.base/java.lang=ALL-UNNAMED --add-opens=java.base/java.lang.invoke=ALL-UNNAMED --add-opens=java.base/java.util=ALL-UNNAMED --add-opens=java.prefs/java.util.prefs=ALL-UNNAMED --add-opens=java.prefs/java.util.prefs=ALL-UNNAMED --add-opens=java.base/java.nio.charset=ALL-UNNAMED --add-opens=java.base/java.net=ALL-UNNAMED --add-opens=java.base/java.util.concurrent.atomic=ALL-UNNAMED -Xmx2048m -Dfile.encoding=UTF-8 -Duser.country=US -Duser.language=en -Duser.variant 
java_command: org.gradle.launcher.daemon.bootstrap.GradleDaemon 7.0.2
java_class_path (initial): C:\Users\koome\.gradle\wrapper\dists\gradle-7.0.2-bin\857tjihv64xamwrf0h14cai3r\gradle-7.0.2\lib\gradle-launcher-7.0.2.jar
Launcher Type: SUN_STANDARD

[Global flags]
     intx CICompilerCount                          = 4                                         {product} {ergonomic}
     uint ConcGCThreads                            = 2                                         {product} {ergonomic}
     uint G1ConcRefinementThreads                  = 8                                         {product} {ergonomic}
   size_t G1HeapRegionSize                         = 1048576                                   {product} {ergonomic}
    uintx GCDrainStackTargetSize                   = 64                                        {product} {ergonomic}
   size_t InitialHeapSize                          = 134217728                                 {product} {ergonomic}
   size_t MarkStackSize                            = 4194304                                   {product} {ergonomic}
   size_t MaxHeapSize                              = 2147483648                                {product} {command line}
   size_t MaxNewSize                               = 1287651328                                {product} {ergonomic}
   size_t MinHeapDeltaBytes                        = 1048576                                   {product} {ergonomic}
   size_t MinHeapSize                              = 8388608                                   {product} {ergonomic}
    uintx NonNMethodCodeHeapSize                   = 5836300                                {pd product} {ergonomic}
    uintx NonProfiledCodeHeapSize                  = 122910970                              {pd product} {ergonomic}
    uintx ProfiledCodeHeapSize                     = 122910970                              {pd product} {ergonomic}
    uintx ReservedCodeCacheSize                    = 251658240                              {pd product} {ergonomic}
     bool SegmentedCodeCache                       = true                                      {product} {ergonomic}
   size_t SoftMaxHeapSize                          = 2147483648                             {manageable} {ergonomic}
     bool UseCompressedClassPointers               = true                                 {lp64_product} {ergonomic}
     bool UseCompressedOops                        = true                                 {lp64_product} {ergonomic}
     bool UseG1GC                                  = true                                      {product} {ergonomic}
     bool UseLargePagesIndividualAllocation        = false                                  {pd product} {ergonomic}

Logging:
Log output configuration:
 #0: stdout all=warning uptime,level,tags
 #1: stderr all=off uptime,level,tags

Environment Variables:
JAVA_HOME=C:\Program Files\Java\jdk-12.0.1
PATH=C:\Python39\Scripts\;C:\Python39\;C:\Program Files\MySQL\MySQL Server 8.0\bin;C:\Program Files (x86)\Intel\Intel(R) Management Engine Components\iCLS\;C:\Program Files\Intel\Intel(R) Management Engine Components\iCLS\;C:\WINDOWS\system32;C:\WINDOWS;C:\WINDOWS\System32\Wbem;C:\WINDOWS\System32\WindowsPowerShell\v1.0\;C:\WINDOWS\System32\OpenSSH\;C:\Program Files (x86)\Intel\Intel(R) Management Engine Components\DAL;C:\Program Files\Intel\Intel(R) Management Engine Components\DAL;C:\MinGW\bin;C:\Program Files\Java\jdk-12.0.1\bin;C:\Program Files\Java\jdk-12.0.1;C:\JAVAFX\javafx-sdk-13.0.1\lib;C:\JAVAFX\jdk-13.0.1\bin;C:\Program Files\Java\jdk-12.0.1\bin;C:\cygwin64\bin;C:\Program Files (x86)\QuickTime\QTSystem\;C:\Program Files\Git\cmd;C:\ProgramData\ComposerSetup\bin;C:\Users\koome\AppData\Roaming\Composer\vendor\bin;C:\Program Files\nodejs\;C:\ProgramData\chocolatey\bin;C:\Program Files\kotlinc\bin;C:\Program Files\MongoDB\Server\5.0\bin;C:\Users\koome\AppData\Local\Programs\AdoptOpenJDK\bin;C:\Program Files\MySQL\MySQL Shell 8.0\bin\;C:\Users\koome\AppData\Local\Microsoft\WindowsApps;C:\Users\koome\AppData\Local\Programs\Microsoft VS Code\bin;C:\flutter\bin;C:\xampp\php;C:\Users\koome\AppData\Roaming\Composer\vendor\bin;C:\Users\koome\AppData\Roaming\npm;C:\Users\koome\AppData\Local\GitHubDesktop\bin;C:\adb;
USERNAME=koome
OS=Windows_NT
PROCESSOR_IDENTIFIER=Intel64 Family 6 Model 142 Stepping 10, GenuineIntel



---------------  S Y S T E M  ---------------

OS: Windows 10 , 64 bit Build 19041 (10.0.19041.1151)

CPU:total 8 (initial active 8) (4 cores per cpu, 2 threads per core) family 6 model 142 stepping 10, cmov, cx8, fxsr, mmx, sse, sse2, sse3, ssse3, sse4.1, sse4.2, popcnt, avx, avx2, aes, clmul, erms, 3dnowpref, lzcnt, ht, tsc, tscinvbit, bmi1, bmi2, adx, fma

Memory: 4k page, system-wide physical 8101M (147M free)
TotalPageFile size 16293M (AvailPageFile size 2M)
current process WorkingSet (physical memory assigned to process): 527M, peak: 527M
current process commit charge ("private bytes"): 619M, peak: 619M

vm_info: Java HotSpot(TM) 64-Bit Server VM (13.0.1+9) for windows-amd64 JRE (13.0.1+9), built on Oct  6 2019 12:37:49 by "mach5one" with unknown MS VC++:1916

END.
