#
# There is insufficient memory for the Java Runtime Environment to continue.
# Native memory allocation (mmap) failed to map 134217728 bytes for Failed to commit area from 0x0000000081600000 to 0x0000000089600000 of length 134217728.
# Possible reasons:
#   The system is out of physical RAM or swap space
#   The process is running with CompressedOops enabled, and the Java Heap may be blocking the growth of the native heap
# Possible solutions:
#   Reduce memory load on the system
#   Increase physical memory or swap space
#   Check if swap backing store is full
#   Decrease Java heap size (-Xmx/-Xms)
#   Decrease number of Java threads
#   Decrease Java thread stack sizes (-Xss)
#   Set larger code cache with -XX:ReservedCodeCacheSize=
# This output file may be truncated or incomplete.
#
#  Out of Memory Error (t:/workspace/open/src/hotspot/os/windows/os_windows.cpp:3301), pid=20828, tid=14520
#
# JRE version:  (13.0.1+9) (build )
# Java VM: Java HotSpot(TM) 64-Bit Server VM (13.0.1+9, mixed mode, aot, sharing, tiered, compressed oops, g1 gc, windows-amd64)
# No core dump will be written. Minidumps are not enabled by default on client versions of Windows
#

---------------  S U M M A R Y ------------

Command Line: org.jetbrains.kotlin.cli.jvm.K2JVMCompiler @C:\Users\koome\AndroidStudioProjects\HealthyBaby\app\build\20210820_14337316142298801662.compiler.options

Host: Intel(R) Core(TM) i5-8250U CPU @ 1.60GHz, 8 cores, 7G,  Windows 10 , 64 bit Build 19041 (10.0.19041.1151)
Time: Fri Aug 20 18:34:39 2021 E. Africa Standard Time elapsed time: 0 seconds (0d 0h 0m 0s)

---------------  T H R E A D  ---------------

Current thread (0x00000223da04c000):  JavaThread "Unknown thread" [_thread_in_vm, id=14520, stack(0x0000009768400000,0x0000009768500000)]

Stack: [0x0000009768400000,0x0000009768500000]
Native frames: (J=compiled Java code, j=interpreted, Vv=VM code, C=native code)
V  [jvm.dll+0x626eca]
V  [jvm.dll+0x772c6a]
V  [jvm.dll+0x77441f]
V  [jvm.dll+0x774a23]
V  [jvm.dll+0x24da58]
V  [jvm.dll+0x62438a]
V  [jvm.dll+0x618f75]
V  [jvm.dll+0x30c61c]
V  [jvm.dll+0x30c452]
V  [jvm.dll+0x311bc6]
V  [jvm.dll+0x355ce6]
V  [jvm.dll+0x3554c0]
V  [jvm.dll+0x2e729a]
V  [jvm.dll+0x2e8532]
V  [jvm.dll+0x74fcd8]
V  [jvm.dll+0x363739]
V  [jvm.dll+0x732dc5]
V  [jvm.dll+0x3ce2ef]
V  [jvm.dll+0x3d0611]
C  [jli.dll+0x51ff]
C  [ucrtbase.dll+0x21bb2]
C  [KERNEL32.DLL+0x17034]
C  [ntdll.dll+0x52651]


---------------  P R O C E S S  ---------------

Threads class SMR info:
_java_thread_list=0x00007ffd6e2c46b8, length=0, elements={
}

Java Threads: ( => current thread )

Other Threads:
  0x00000223da08f000 GCTaskThread "GC Thread#0" [stack: 0x0000009768500000,0x0000009768600000] [id=12656]
  0x00000223da0a0800 ConcurrentGCThread "G1 Main Marker" [stack: 0x0000009768600000,0x0000009768700000] [id=7988]
  0x00000223da0a2800 ConcurrentGCThread "G1 Conc#0" [stack: 0x0000009768700000,0x0000009768800000] [id=9456]

[error occurred during error reporting (printing all threads), id 0xc0000005, EXCEPTION_ACCESS_VIOLATION (0xc0000005) at pc=0x00007ffd6daf6f67]

VM state:not at safepoint (not fully initialized)

VM Mutex/Monitor currently owned by a thread:  ([mutex/lock_event])
[0x00000223da047ea0] Heap_lock - owner thread: 0x00000223da04c000

Heap address: 0x0000000081600000, size: 2026 MB, Compressed Oops mode: Non-zero based: 0x0000000081600000
Narrow klass base: 0x0000000000000000, Narrow klass shift: 0

GC Heap History (0 events):
No events

Deoptimization events (0 events):
No events

Classes unloaded (0 events):
No events

Classes redefined (0 events):
No events

Internal exceptions (0 events):
No events

Events (8 events):
Event: 0.044 Loaded shared library C:\Program Files\Java\jdk-13.0.1\bin\zip.dll
Event: 0.045 Loaded shared library C:\Program Files\Java\jdk-13.0.1\bin\jimage.dll
Event: 0.047 Loading shared library C:\Program Files\Java\jdk-13.0.1\lib\libjava.base-coop.dll failed, error code 126
Event: 0.047 Loading shared library C:\Program Files\Java\jdk-13.0.1\lib\libjava.logging-coop.dll failed, error code 126
Event: 0.047 Loading shared library C:\Program Files\Java\jdk-13.0.1\lib\libjdk.compiler-coop.dll failed, error code 126
Event: 0.048 Loading shared library C:\Program Files\Java\jdk-13.0.1\lib\libjdk.scripting.nashorn-coop.dll failed, error code 126
Event: 0.048 Loading shared library C:\Program Files\Java\jdk-13.0.1\lib\libjdk.internal.vm.ci-coop.dll failed, error code 126
Event: 0.048 Loading shared library C:\Program Files\Java\jdk-13.0.1\lib\libjdk.internal.vm.compiler-coop.dll failed, error code 126


Dynamic libraries:
0x00007ff78ba70000 - 0x00007ff78ba7f000 	C:\Program Files\Java\jdk-13.0.1\bin\java.exe
0x00007ffdbe890000 - 0x00007ffdbea85000 	C:\WINDOWS\SYSTEM32\ntdll.dll
0x00007ffdbdf80000 - 0x00007ffdbe03d000 	C:\WINDOWS\System32\KERNEL32.DLL
0x00007ffdbc560000 - 0x00007ffdbc829000 	C:\WINDOWS\System32\KERNELBASE.dll
0x00007ffdbc330000 - 0x00007ffdbc430000 	C:\WINDOWS\System32\ucrtbase.dll
0x00007ffda63a0000 - 0x00007ffda63b5000 	C:\Program Files\Java\jdk-13.0.1\bin\VCRUNTIME140.dll
0x00007ffda5b20000 - 0x00007ffda5b38000 	C:\Program Files\Java\jdk-13.0.1\bin\jli.dll
0x00007ffdbe220000 - 0x00007ffdbe2cc000 	C:\WINDOWS\System32\ADVAPI32.dll
0x00007ffdbd230000 - 0x00007ffdbd2ce000 	C:\WINDOWS\System32\msvcrt.dll
0x00007ffdbdeb0000 - 0x00007ffdbdf4b000 	C:\WINDOWS\System32\sechost.dll
0x00007ffdbe040000 - 0x00007ffdbe16a000 	C:\WINDOWS\System32\RPCRT4.dll
0x00007ffdbda90000 - 0x00007ffdbdc30000 	C:\WINDOWS\System32\USER32.dll
0x00007ffda3810000 - 0x00007ffda3aaa000 	C:\WINDOWS\WinSxS\amd64_microsoft.windows.common-controls_6595b64144ccf1df_6.0.19041.1110_none_60b5254171f9507e\COMCTL32.dll
0x00007ffdbc530000 - 0x00007ffdbc552000 	C:\WINDOWS\System32\win32u.dll
0x00007ffdbdf50000 - 0x00007ffdbdf7a000 	C:\WINDOWS\System32\GDI32.dll
0x00007ffdbbf90000 - 0x00007ffdbc09b000 	C:\WINDOWS\System32\gdi32full.dll
0x00007ffdbc430000 - 0x00007ffdbc4cd000 	C:\WINDOWS\System32\msvcp_win.dll
0x00007ffdafca0000 - 0x00007ffdafcaa000 	C:\WINDOWS\SYSTEM32\VERSION.dll
0x00007ffdbe340000 - 0x00007ffdbe370000 	C:\WINDOWS\System32\IMM32.DLL
0x00007ffd85e70000 - 0x00007ffd85f0b000 	C:\Program Files\Java\jdk-13.0.1\bin\msvcp140.dll
0x00007ffd6d800000 - 0x00007ffd6e366000 	C:\Program Files\Java\jdk-13.0.1\bin\server\jvm.dll
0x00007ffdbd330000 - 0x00007ffdbd338000 	C:\WINDOWS\System32\PSAPI.DLL
0x00007ffda6890000 - 0x00007ffda6899000 	C:\WINDOWS\SYSTEM32\WSOCK32.dll
0x00007ffda6e50000 - 0x00007ffda6e77000 	C:\WINDOWS\SYSTEM32\WINMM.dll
0x00007ffdbde40000 - 0x00007ffdbdeab000 	C:\WINDOWS\System32\WS2_32.dll
0x00007ffdb9f30000 - 0x00007ffdb9f42000 	C:\WINDOWS\SYSTEM32\kernel.appcore.dll
0x00007ffdb6ce0000 - 0x00007ffdb6cf0000 	C:\Program Files\Java\jdk-13.0.1\bin\verify.dll
0x00007ffdb9c30000 - 0x00007ffdb9e14000 	C:\WINDOWS\SYSTEM32\DBGHELP.DLL
0x00007ffda6520000 - 0x00007ffda654c000 	C:\WINDOWS\SYSTEM32\dbgcore.DLL
0x00007ffdbc830000 - 0x00007ffdbc8b3000 	C:\WINDOWS\System32\bcryptPrimitives.dll
0x00007ffd92d90000 - 0x00007ffd92db6000 	C:\Program Files\Java\jdk-13.0.1\bin\java.dll
0x00007ffda50a0000 - 0x00007ffda50b7000 	C:\Program Files\Java\jdk-13.0.1\bin\zip.dll
0x00007ffdb5f10000 - 0x00007ffdb5f1a000 	C:\Program Files\Java\jdk-13.0.1\bin\jimage.dll

dbghelp: loaded successfully - version: 4.0.5 - missing functions: none
symbol engine: initialized successfully - sym options: 0x614 - pdb path: .;C:\Program Files\Java\jdk-13.0.1\bin;C:\WINDOWS\SYSTEM32;C:\WINDOWS\WinSxS\amd64_microsoft.windows.common-controls_6595b64144ccf1df_6.0.19041.1110_none_60b5254171f9507e;C:\Program Files\Java\jdk-13.0.1\bin\server

VM Arguments:
java_command: org.jetbrains.kotlin.cli.jvm.K2JVMCompiler @C:\Users\koome\AndroidStudioProjects\HealthyBaby\app\build\20210820_14337316142298801662.compiler.options
java_class_path (initial): C:\Users\koome\.gradle\caches\modules-2\files-2.1\org.jetbrains.kotlin\kotlin-compiler-embeddable\1.5.30-RC\67884534bdee1f5796a6e62ab8a3788dfb1ebfb8\kotlin-compiler-embeddable-1.5.30-RC.jar;C:\Users\koome\.gradle\caches\modules-2\files-2.1\org.jetbrains.kotlin\kotlin-reflect\1.5.30-RC\2783876c52defda301576c07e26261e61233b244\kotlin-reflect-1.5.30-RC.jar;C:\Users\koome\.gradle\caches\modules-2\files-2.1\org.jetbrains.kotlin\kotlin-stdlib\1.5.30-RC\dd23741884d3d030f21cc9db12936a2690b322e0\kotlin-stdlib-1.5.30-RC.jar;C:\Users\koome\.gradle\caches\modules-2\files-2.1\org.jetbrains.kotlin\kotlin-script-runtime\1.5.30-RC\2b713d878d0123f4c2e306ac835b653de2486fb5\kotlin-script-runtime-1.5.30-RC.jar;C:\Users\koome\.gradle\caches\modules-2\files-2.1\org.jetbrains.kotlin\kotlin-daemon-embeddable\1.5.30-RC\a873e334309974ea7162b669fe41dcd02c57bc76\kotlin-daemon-embeddable-1.5.30-RC.jar;C:\Users\koome\.gradle\caches\modules-2\files-2.1\org.jetbrains.intellij.deps\trove4j\1.0.20181211\216c2e14b070f334479d800987affe4054cd563f\trove4j-1.0.20181211.jar;C:\Users\koome\.gradle\caches\modules-2\files-2.1\org.jetbrains\annotations\13.0\919f0dfe192fb4e063e7dacadee7f8bb9a2672a9\annotations-13.0.jar;C:\Users\koome\.gradle\caches\modules-2\files-2.1\org.jetbrains.kotlin\kotlin-stdlib-common\1.5.30-RC\a85b7cb33ad571a90ba625845a9a554dae22ee33\kotlin-stdlib-common-1.5.30-RC.jar
Launcher Type: SUN_STANDARD

[Global flags]
     intx CICompilerCount                          = 4                                         {product} {ergonomic}
     uint ConcGCThreads                            = 2                                         {product} {ergonomic}
     uint G1ConcRefinementThreads                  = 8                                         {product} {ergonomic}
   size_t G1HeapRegionSize                         = 1048576                                   {product} {ergonomic}
    uintx GCDrainStackTargetSize                   = 64                                        {product} {ergonomic}
   size_t InitialHeapSize                          = 134217728                                 {product} {ergonomic}
   size_t MarkStackSize                            = 4194304                                   {product} {ergonomic}
   size_t MaxHeapSize                              = 2124414976                                {product} {ergonomic}
   size_t MinHeapDeltaBytes                        = 1048576                                   {product} {ergonomic}
   size_t MinHeapSize                              = 8388608                                   {product} {ergonomic}
    uintx NonNMethodCodeHeapSize                   = 5836300                                {pd product} {ergonomic}
    uintx NonProfiledCodeHeapSize                  = 122910970                              {pd product} {ergonomic}
    uintx ProfiledCodeHeapSize                     = 122910970                              {pd product} {ergonomic}
    uintx ReservedCodeCacheSize                    = 251658240                              {pd product} {ergonomic}
     bool SegmentedCodeCache                       = true                                      {product} {ergonomic}
   size_t SoftMaxHeapSize                          = 2124414976                             {manageable} {ergonomic}
     bool UseCompressedClassPointers               = true                                 {lp64_product} {ergonomic}
     bool UseCompressedOops                        = true                                 {lp64_product} {ergonomic}
     bool UseG1GC                                  = true                                      {product} {ergonomic}
     bool UseLargePagesIndividualAllocation        = false                                  {pd product} {ergonomic}

Logging:
Log output configuration:
 #0: stdout all=warning uptime,level,tags
 #1: stderr all=off uptime,level,tags

Environment Variables:
JAVA_HOME=C:\Program Files\Java\jdk-12.0.1
PATH=C:\Python39\Scripts\;C:\Python39\;C:\Program Files\MySQL\MySQL Server 8.0\bin;C:\Program Files (x86)\Intel\Intel(R) Management Engine Components\iCLS\;C:\Program Files\Intel\Intel(R) Management Engine Components\iCLS\;C:\WINDOWS\system32;C:\WINDOWS;C:\WINDOWS\System32\Wbem;C:\WINDOWS\System32\WindowsPowerShell\v1.0\;C:\WINDOWS\System32\OpenSSH\;C:\Program Files (x86)\Intel\Intel(R) Management Engine Components\DAL;C:\Program Files\Intel\Intel(R) Management Engine Components\DAL;C:\MinGW\bin;C:\Program Files\Java\jdk-12.0.1\bin;C:\Program Files\Java\jdk-12.0.1;C:\JAVAFX\javafx-sdk-13.0.1\lib;C:\JAVAFX\jdk-13.0.1\bin;C:\Program Files\Java\jdk-12.0.1\bin;C:\cygwin64\bin;C:\Program Files (x86)\QuickTime\QTSystem\;C:\Program Files\Git\cmd;C:\ProgramData\ComposerSetup\bin;C:\Users\koome\AppData\Roaming\Composer\vendor\bin;C:\Program Files\nodejs\;C:\ProgramData\chocolatey\bin;C:\Program Files\kotlinc\bin;C:\Program Files\MongoDB\Server\5.0\bin;C:\Users\koome\AppData\Local\Programs\AdoptOpenJDK\bin;C:\Program Files\MySQL\MySQL Shell 8.0\bin\;C:\Users\koome\AppData\Local\Microsoft\WindowsApps;C:\Users\koome\AppData\Local\Programs\Microsoft VS Code\bin;C:\flutter\bin;C:\xampp\php;C:\Users\koome\AppData\Roaming\Composer\vendor\bin;C:\Users\koome\AppData\Roaming\npm;C:\Users\koome\AppData\Local\GitHubDesktop\bin;C:\adb;
USERNAME=koome
OS=Windows_NT
PROCESSOR_IDENTIFIER=Intel64 Family 6 Model 142 Stepping 10, GenuineIntel



---------------  S Y S T E M  ---------------

OS: Windows 10 , 64 bit Build 19041 (10.0.19041.1151)

CPU:total 8 (initial active 8) (4 cores per cpu, 2 threads per core) family 6 model 142 stepping 10, cmov, cx8, fxsr, mmx, sse, sse2, sse3, ssse3, sse4.1, sse4.2, popcnt, avx, avx2, aes, clmul, erms, 3dnowpref, lzcnt, ht, tsc, tscinvbit, bmi1, bmi2, adx, fma

Memory: 4k page, system-wide physical 8101M (299M free)
TotalPageFile size 16286M (AvailPageFile size 89M)
current process WorkingSet (physical memory assigned to process): 10M, peak: 10M
current process commit charge ("private bytes"): 60M, peak: 188M

vm_info: Java HotSpot(TM) 64-Bit Server VM (13.0.1+9) for windows-amd64 JRE (13.0.1+9), built on Oct  6 2019 12:37:49 by "mach5one" with unknown MS VC++:1916

END.
